+-------+-----+------+-----+-----+-----+--------+-----------------------------------------------------+-------+-------+---------+-------+-------+-------+-------+--------+------------+------------+--------------+------------+
| COUNT | 1XX | 2XX  | 3XX | 4XX | 5XX | METHOD |                         URI                         |  MIN  |  MAX  |   SUM   |  AVG  |  P90  |  P95  |  P99  | STDDEV | MIN(BODY)  | MAX(BODY)  |  SUM(BODY)   | AVG(BODY)  |
+-------+-----+------+-----+-----+-----+--------+-----------------------------------------------------+-------+-------+---------+-------+-------+-------+-------+--------+------------+------------+--------------+------------+
|   469 |   0 |  346 |   0 | 123 |   0 | GET    | /api/isu                                            | 0.064 | 1.004 | 159.103 | 0.339 | 1.000 | 1.000 | 1.004 |  0.356 |      0.000 |   4606.000 |   930857.000 |   1984.770 |
|    90 |   0 |   15 |   0 |  75 |   0 | GET    | /api/trend                                          | 0.044 | 1.005 |  80.033 | 0.889 | 1.000 | 1.004 | 1.005 |  0.283 |      0.000 |   7170.000 |    78736.000 |    874.844 |
|    68 |   0 |   61 |   0 |   7 |   0 | GET    | /api/condition/203acae5-737d-4196-8838-f2903cc8bc68 | 0.008 | 1.000 |  17.308 | 0.255 | 0.500 | 0.856 | 1.000 |  0.240 |      0.000 |   6653.000 |   366127.000 |   5384.221 |
|    50 |   0 |   49 |   0 |   1 |   0 | GET    | /api/condition/62d8b067-94c1-451b-a888-bbb6f97ac6a5 | 0.036 | 1.000 |  13.292 | 0.266 | 0.532 | 0.592 | 1.000 |  0.213 |      0.000 |   6823.000 |   300899.000 |   6017.980 |
|    63 |   0 |   63 |   0 |   0 |   0 | GET    | /api/condition/081ab93e-a028-43c2-9bfa-ea260bdfd234 | 0.008 | 0.936 |  11.064 | 0.176 | 0.312 | 0.368 | 0.936 |  0.163 |      3.000 |   6223.000 |   321185.000 |   5098.175 |
|  1459 |   0 | 1430 |   0 |  29 |   0 | POST   | /api/condition/5ce5e267-9966-40b1-80b3-bd265e904315 | 0.004 | 0.104 |  10.180 | 0.007 | 0.012 | 0.040 | 0.100 |  0.018 |      0.000 |      0.000 |        0.000 |      0.000 |
|  1462 |   0 | 1434 |   0 |  28 |   0 | POST   | /api/condition/e436399a-e483-4f34-8317-0226fcd07243 | 0.004 | 0.104 |   9.781 | 0.007 | 0.012 | 0.040 | 0.100 |  0.018 |      0.000 |      0.000 |        0.000 |      0.000 |
|    47 |   0 |   47 |   0 |   0 |   0 | GET    | /api/condition/5b3d15ef-c60f-40a3-8c94-33be5e0a5841 | 0.016 | 0.624 |   9.625 | 0.205 | 0.412 | 0.480 | 0.624 |  0.143 |      3.000 |   6283.000 |   285565.000 |   6075.851 |
|  1460 |   0 | 1427 |   0 |  33 |   0 | POST   | /api/condition/162d294b-5ad7-4a7f-9a80-667b64b4d41d | 0.000 | 0.104 |   9.593 | 0.007 | 0.008 | 0.040 | 0.100 |  0.018 |      0.000 |      0.000 |        0.000 |      0.000 |
|  1455 |   0 | 1430 |   0 |  25 |   0 | POST   | /api/condition/66ad5d34-db2d-4df0-b8c2-dffe2276376e | 0.004 | 0.104 |   9.476 | 0.007 | 0.008 | 0.040 | 0.100 |  0.018 |      0.000 |      0.000 |        0.000 |      0.000 |
|  1445 |   0 | 1411 |   0 |  34 |   0 | POST   | /api/condition/011b69ba-e81e-4b26-af2f-a79fdf68ee57 | 0.000 | 0.100 |   9.408 | 0.007 | 0.020 | 0.056 | 0.100 |  0.020 |      0.000 |      0.000 |        0.000 |      0.000 |
|  1447 |   0 | 1422 |   0 |  25 |   0 | POST   | /api/condition/ab681f55-c744-4192-addc-5abc31f531d4 | 0.004 | 0.104 |   9.372 | 0.006 | 0.016 | 0.044 | 0.100 |  0.018 |      0.000 |     14.000 |       14.000 |      0.010 |
|  1446 |   0 | 1415 |   0 |  31 |   0 | POST   | /api/condition/f82b8bcf-e85a-4574-aa79-49581a6acc07 | 0.004 | 0.104 |   9.368 | 0.006 | 0.008 | 0.044 | 0.100 |  0.018 |      0.000 |      0.000 |        0.000 |      0.000 |
|  1443 |   0 | 1406 |   0 |  37 |   0 | POST   | /api/condition/606e24ea-7627-4a0c-8417-4d0faad6b251 | 0.000 | 0.104 |   9.336 | 0.006 | 0.016 | 0.052 | 0.100 |  0.020 |      0.000 |     14.000 |       14.000 |      0.010 |
|  1446 |   0 | 1419 |   0 |  27 |   0 | POST   | /api/condition/e2772426-0694-4d99-8a98-3a2612e84d12 | 0.004 | 0.105 |   9.317 | 0.006 | 0.012 | 0.040 | 0.100 |  0.018 |      0.000 |      0.000 |        0.000 |      0.000 |
|  1453 |   0 | 1431 |   0 |  22 |   0 | POST   | /api/condition/c4edf0b0-3c00-40d3-af34-d59c34ead4cb | 0.000 | 0.104 |   9.108 | 0.006 | 0.020 | 0.040 | 0.100 |  0.018 |      0.000 |      0.000 |        0.000 |      0.000 |
|  1448 |   0 | 1424 |   0 |  24 |   0 | POST   | /api/condition/0d3d7d5c-c607-4562-849a-03d9e812f060 | 0.000 | 0.104 |   8.920 | 0.006 | 0.004 | 0.040 | 0.100 |  0.017 |      0.000 |     14.000 |       14.000 |      0.010 |
|  1446 |   0 | 1418 |   0 |  28 |   0 | POST   | /api/condition/b713b8eb-b7fc-450b-baae-9b3266398397 | 0.000 | 0.104 |   8.864 | 0.006 | 0.016 | 0.044 | 0.100 |  0.019 |      0.000 |      0.000 |        0.000 |      0.000 |
|  1446 |   0 | 1419 |   0 |  27 |   0 | POST   | /api/condition/e4c86e25-a649-4a2d-bf2b-95b9bf3ca13f | 0.000 | 0.104 |   8.716 | 0.006 | 0.016 | 0.044 | 0.100 |  0.019 |      0.000 |      0.000 |        0.000 |      0.000 |
|  1446 |   0 | 1425 |   0 |  21 |   0 | POST   | /api/condition/fa1249d7-6985-4136-ab0e-458c00d49507 | 0.000 | 0.104 |   8.672 | 0.006 | 0.016 | 0.048 | 0.100 |  0.019 |      0.000 |      0.000 |        0.000 |      0.000 |
|  1448 |   0 | 1417 |   0 |  31 |   0 | POST   | /api/condition/5e68a83b-5d7d-4468-8509-8c927ea43c09 | 0.000 | 0.104 |   8.657 | 0.006 | 0.020 | 0.040 | 0.100 |  0.019 |      0.000 |      0.000 |        0.000 |      0.000 |
|  1447 |   0 | 1413 |   0 |  34 |   0 | POST   | /api/condition/64df917b-846c-4323-9d92-1daffcc6bf49 | 0.000 | 0.100 |   8.612 | 0.006 | 0.020 | 0.048 | 0.100 |  0.020 |      0.000 |      0.000 |        0.000 |      0.000 |
|  1444 |   0 | 1415 |   0 |  29 |   0 | POST   | /api/condition/2eb67818-e384-45d8-b8d5-9872cd07d64d | 0.000 | 0.104 |   8.596 | 0.006 | 0.020 | 0.044 | 0.100 |  0.019 |      0.000 |     14.000 |       14.000 |      0.010 |
|  1457 |   0 | 1437 |   0 |  20 |   0 | POST   | /api/condition/bf880328-6afa-4c37-8450-0d0a2d1f950c | 0.004 | 0.104 |   8.525 | 0.006 | 0.012 | 0.036 | 0.100 |  0.017 |      0.000 |      0.000 |        0.000 |      0.000 |
|  1455 |   0 | 1429 |   0 |  26 |   0 | POST   | /api/condition/66ab8a8f-fb33-489d-b40c-11ffd3a62ef3 | 0.000 | 0.104 |   8.400 | 0.006 | 0.012 | 0.044 | 0.100 |  0.019 |      0.000 |      0.000 |        0.000 |      0.000 |
|  1465 |   0 | 1439 |   0 |  26 |   0 | POST   | /api/condition/77f0f072-5d64-49ab-a1b0-ad12e4d6d715 | 0.000 | 0.104 |   8.340 | 0.006 | 0.008 | 0.036 | 0.100 |  0.017 |      0.000 |      0.000 |        0.000 |      0.000 |
|  1467 |   0 | 1437 |   0 |  30 |   0 | POST   | /api/condition/ef3f6394-ad22-41b8-946f-cb9d4c871230 | 0.004 | 0.104 |   8.272 | 0.006 | 0.012 | 0.032 | 0.100 |  0.017 |      0.000 |      0.000 |        0.000 |      0.000 |
|  1466 |   0 | 1439 |   0 |  27 |   0 | POST   | /api/condition/460ac8d9-fa5d-40e3-b11a-c2b9a6044a3d | 0.000 | 0.104 |   8.249 | 0.006 | 0.016 | 0.048 | 0.100 |  0.019 |      0.000 |      0.000 |        0.000 |      0.000 |
|  1472 |   0 | 1446 |   0 |  26 |   0 | POST   | /api/condition/f29fe3af-aae2-4962-aea8-8c61058f7899 | 0.000 | 0.100 |   8.184 | 0.006 | 0.016 | 0.040 | 0.100 |  0.018 |      0.000 |     14.000 |       14.000 |      0.010 |
|  1460 |   0 | 1438 |   0 |  22 |   0 | POST   | /api/condition/081ab93e-a028-43c2-9bfa-ea260bdfd234 | 0.100 | 0.104 |   8.140 | 0.006 | 0.004 | 0.036 | 0.100 |  0.017 |      0.000 |     14.000 |       14.000 |      0.010 |
|  1462 |   0 | 1440 |   0 |  22 |   0 | POST   | /api/condition/8380e2b2-90be-448f-81db-7ad9f903b096 | 0.016 | 0.100 |   8.060 | 0.006 | 0.012 | 0.044 | 0.100 |  0.017 |      0.000 |      0.000 |        0.000 |      0.000 |
|  1462 |   0 | 1440 |   0 |  22 |   0 | POST   | /api/condition/58faace1-1353-4f71-981a-bd58caeda3fa | 0.088 | 0.104 |   8.056 | 0.006 | 0.012 | 0.040 | 0.100 |  0.017 |      0.000 |      0.000 |        0.000 |      0.000 |
|  1446 |   0 | 1415 |   0 |  31 |   0 | POST   | /api/condition/02252cac-6ca2-4b31-9d7a-a7f52d872d0d | 0.000 | 0.104 |   7.996 | 0.006 | 0.012 | 0.040 | 0.100 |  0.019 |      0.000 |      0.000 |        0.000 |      0.000 |
|  1452 |   0 | 1419 |   0 |  33 |   0 | POST   | /api/condition/d5d6184c-3514-4d86-bd74-1e922d84e3cc | 0.000 | 0.104 |   7.973 | 0.005 | 0.004 | 0.044 | 0.100 |  0.019 |      0.000 |      0.000 |        0.000 |      0.000 |
|  1462 |   0 | 1436 |   0 |  26 |   0 | POST   | /api/condition/2aafd871-4f05-48c7-918f-880b02620e43 | 0.016 | 0.101 |   7.937 | 0.005 | 0.012 | 0.044 | 0.100 |  0.018 |      0.000 |      0.000 |        0.000 |      0.000 |
|  1457 |   0 | 1428 |   0 |  29 |   0 | POST   | /api/condition/8cb6909a-2ac2-4d48-9200-2775f9d1390f | 0.000 | 0.100 |   7.900 | 0.005 | 0.008 | 0.040 | 0.100 |  0.018 |      0.000 |      0.000 |        0.000 |      0.000 |
|  1469 |   0 | 1451 |   0 |  18 |   0 | POST   | /api/condition/85430b19-4dbc-467d-afea-68996390f246 | 0.000 | 0.100 |   7.892 | 0.005 | 0.016 | 0.044 | 0.100 |  0.017 |      0.000 |      0.000 |        0.000 |      0.000 |
|  1451 |   0 | 1422 |   0 |  29 |   0 | POST   | /api/condition/65eafecf-d948-43ff-b0f8-e9be7b46e2f6 | 0.000 | 0.100 |   7.804 | 0.005 | 0.004 | 0.040 | 0.100 |  0.018 |      0.000 |      0.000 |        0.000 |      0.000 |
|  1455 |   0 | 1424 |   0 |  31 |   0 | POST   | /api/condition/58804fad-916a-40de-bd18-f6b5158714fc | 0.024 | 0.100 |   7.785 | 0.005 | 0.008 | 0.040 | 0.100 |  0.018 |      0.000 |      0.000 |        0.000 |      0.000 |
|  1453 |   0 | 1425 |   0 |  28 |   0 | POST   | /api/condition/df831cb9-70ef-4d81-8678-60c7b5362daa | 0.000 | 0.100 |   7.676 | 0.005 | 0.008 | 0.044 | 0.100 |  0.018 |      0.000 |     14.000 |       14.000 |      0.010 |
|  1448 |   0 | 1419 |   0 |  29 |   0 | POST   | /api/condition/085d0dcf-1053-402c-b872-b2fee7c33d92 | 0.032 | 0.100 |   7.664 | 0.005 | 0.012 | 0.040 | 0.100 |  0.018 |      0.000 |      0.000 |        0.000 |      0.000 |
|  1458 |   0 | 1433 |   0 |  25 |   0 | POST   | /api/condition/7c3359ac-c5a4-4811-89e4-83448f727140 | 0.000 | 0.100 |   7.648 | 0.005 | 0.016 | 0.036 | 0.100 |  0.017 |      0.000 |      0.000 |        0.000 |      0.000 |
|  1461 |   0 | 1437 |   0 |  24 |   0 | POST   | /api/condition/203acae5-737d-4196-8838-f2903cc8bc68 | 0.000 | 0.100 |   7.632 | 0.005 | 0.016 | 0.036 | 0.100 |  0.017 |      0.000 |      0.000 |        0.000 |      0.000 |
|  1459 |   0 | 1438 |   0 |  21 |   0 | POST   | /api/condition/62d8b067-94c1-451b-a888-bbb6f97ac6a5 | 0.000 | 0.100 |   7.604 | 0.005 | 0.016 | 0.044 | 0.100 |  0.018 |      0.000 |      0.000 |        0.000 |      0.000 |
|  1450 |   0 | 1420 |   0 |  30 |   0 | POST   | /api/condition/75d6bd16-85d3-493c-9eee-429f6ff01850 | 0.000 | 0.100 |   7.592 | 0.005 | 0.012 | 0.036 | 0.100 |  0.018 |      0.000 |     14.000 |       14.000 |      0.010 |
|  1460 |   0 | 1440 |   0 |  20 |   0 | POST   | /api/condition/862aed75-9955-4dde-a1ad-94500e81359d | 0.032 | 0.104 |   7.412 | 0.005 | 0.004 | 0.036 | 0.100 |  0.017 |      0.000 |      0.000 |        0.000 |      0.000 |
|  1460 |   0 | 1437 |   0 |  23 |   0 | POST   | /api/condition/9eb93219-e0dd-44d0-b11e-c3232c8912f1 | 0.000 | 0.100 |   7.296 | 0.005 | 0.016 | 0.036 | 0.100 |  0.017 |      0.000 |      0.000 |        0.000 |      0.000 |
|  1458 |   0 | 1434 |   0 |  24 |   0 | POST   | /api/condition/ee526acb-6b72-40a4-9ec8-049f925c1cdd | 0.000 | 0.100 |   7.284 | 0.005 | 0.012 | 0.036 | 0.100 |  0.017 |      0.000 |      0.000 |        0.000 |      0.000 |
|  1462 |   0 | 1437 |   0 |  25 |   0 | POST   | /api/condition/8b050d95-12de-4c9b-93ab-07e234918836 | 0.000 | 0.100 |   7.188 | 0.005 | 0.012 | 0.032 | 0.100 |  0.017 |      0.000 |     14.000 |       14.000 |      0.010 |
|  1447 |   0 | 1423 |   0 |  24 |   0 | POST   | /api/condition/57f8d8eb-dc73-41e7-ba6d-3cbf65d488df | 0.000 | 0.100 |   7.108 | 0.005 | 0.008 | 0.036 | 0.100 |  0.017 |      0.000 |      0.000 |        0.000 |      0.000 |
|    51 |   0 |   45 |   0 |   6 |   0 | GET    | /api/condition/b713b8eb-b7fc-450b-baae-9b3266398397 | 0.012 | 0.364 |   7.084 | 0.139 | 0.220 | 0.288 | 0.364 |  0.078 |      3.000 |   6283.000 |   260998.000 |   5117.608 |
|  1462 |   0 | 1435 |   0 |  27 |   0 | POST   | /api/condition/5f50fde3-c2b5-41a4-b9d4-9e99c254f980 | 0.024 | 0.100 |   7.072 | 0.005 | 0.008 | 0.036 | 0.100 |  0.017 |      0.000 |      0.000 |        0.000 |      0.000 |
|  1456 |   0 | 1429 |   0 |  27 |   0 | POST   | /api/condition/eb94fbcd-bb11-4576-82d0-3cf1b1ff78b7 | 0.000 | 0.100 |   6.868 | 0.005 | 0.004 | 0.032 | 0.100 |  0.017 |      0.000 |      0.000 |        0.000 |      0.000 |
|  1469 |   0 | 1452 |   0 |  17 |   0 | POST   | /api/condition/b4d72cf9-b28b-4552-b764-7f369950a2ab | 0.000 | 0.100 |   6.788 | 0.005 | 0.012 | 0.036 | 0.100 |  0.016 |      0.000 |      0.000 |        0.000 |      0.000 |
|  1458 |   0 | 1434 |   0 |  24 |   0 | POST   | /api/condition/d7a1aa5e-f486-4e96-aa22-ff2bb1389564 | 0.000 | 0.100 |   6.784 | 0.005 | 0.008 | 0.032 | 0.100 |  0.017 |      0.000 |      0.000 |        0.000 |      0.000 |
|  1462 |   0 | 1446 |   0 |  16 |   0 | POST   | /api/condition/5b3d15ef-c60f-40a3-8c94-33be5e0a5841 | 0.000 | 0.100 |   6.660 | 0.005 | 0.004 | 0.032 | 0.100 |  0.016 |      0.000 |      0.000 |        0.000 |      0.000 |
|  1462 |   0 | 1439 |   0 |  23 |   0 | POST   | /api/condition/24b1053c-1068-4abd-be33-0e6b9c8cd025 | 0.020 | 0.108 |   6.640 | 0.005 | 0.004 | 0.036 | 0.100 |  0.017 |      0.000 |      0.000 |        0.000 |      0.000 |
|   538 |   0 |  194 |   0 | 344 |   0 | POST   | /api/auth                                           | 0.012 | 0.228 |   6.544 | 0.012 | 0.028 | 0.052 | 0.144 |  0.025 |      0.000 |     19.000 |     3956.000 |      7.353 |
|    63 |   0 |   57 |   0 |   6 |   0 | GET    | /api/condition/862aed75-9955-4dde-a1ad-94500e81359d | 0.012 | 0.296 |   6.437 | 0.102 | 0.196 | 0.220 | 0.296 |  0.072 |      3.000 |   6900.000 |   314266.000 |   4988.349 |
|  1467 |   0 | 1450 |   0 |  17 |   0 | POST   | /api/condition/438c3782-bca8-47d6-9f0d-1a83ad723bb6 | 0.000 | 0.100 |   6.308 | 0.004 | 0.004 | 0.032 | 0.100 |  0.016 |      0.000 |      0.000 |        0.000 |      0.000 |
|    40 |   0 |   40 |   0 |   0 |   0 | GET    | /api/condition/8b050d95-12de-4c9b-93ab-07e234918836 | 0.024 | 0.312 |   6.104 | 0.153 | 0.216 | 0.272 | 0.312 |  0.061 |      3.000 |   6283.000 |   224024.000 |   5600.600 |
|    49 |   0 |   49 |   0 |   0 |   0 | GET    | /api/condition/66ab8a8f-fb33-489d-b40c-11ffd3a62ef3 | 0.012 | 0.408 |   5.944 | 0.121 | 0.196 | 0.200 | 0.408 |  0.078 |      3.000 |   6283.000 |   273617.000 |   5584.020 |
|    46 |   0 |   46 |   0 |   0 |   0 | GET    | /api/condition/9eb93219-e0dd-44d0-b11e-c3232c8912f1 | 0.016 | 0.332 |   5.780 | 0.126 | 0.212 | 0.280 | 0.332 |  0.074 |      3.000 |   6302.000 |   254798.000 |   5539.087 |
|    45 |   0 |   39 |   0 |   6 |   0 | GET    | /api/condition/5f50fde3-c2b5-41a4-b9d4-9e99c254f980 | 0.004 | 0.284 |   5.680 | 0.126 | 0.192 | 0.236 | 0.284 |  0.065 |      3.000 |   6359.000 |   230188.000 |   5115.289 |
|    46 |   0 |   40 |   0 |   6 |   0 | GET    | /api/condition/d5d6184c-3514-4d86-bd74-1e922d84e3cc | 0.024 | 0.428 |   5.292 | 0.115 | 0.228 | 0.284 | 0.428 |  0.093 |      3.000 |   6800.000 |   232440.000 |   5053.043 |
|    37 |   0 |   37 |   0 |   0 |   0 | GET    | /api/condition/75d6bd16-85d3-493c-9eee-429f6ff01850 | 0.024 | 0.308 |   5.148 | 0.139 | 0.236 | 0.288 | 0.308 |  0.069 |      3.000 |   6463.000 |   214339.000 |   5792.946 |
|    30 |   0 |   22 |   0 |   8 |   0 | GET    | /api/isu/081ab93e-a028-43c2-9bfa-ea260bdfd234/graph | 0.004 | 0.692 |   5.140 | 0.171 | 0.436 | 0.664 | 0.692 |  0.185 |     14.000 |   6232.000 |    96132.000 |   3204.400 |
|    35 |   0 |   35 |   0 |   0 |   0 | GET    | /api/condition/5ce5e267-9966-40b1-80b3-bd265e904315 | 0.020 | 0.304 |   4.980 | 0.142 | 0.244 | 0.304 | 0.304 |  0.079 |      3.000 |   7483.000 |   217454.000 |   6212.971 |
|    54 |   0 |   42 |   0 |  12 |   0 | GET    | /api/condition/8cb6909a-2ac2-4d48-9200-2775f9d1390f | 0.040 | 0.292 |   4.912 | 0.091 | 0.188 | 0.228 | 0.292 |  0.071 |      3.000 |   6523.000 |   226074.000 |   4186.556 |
|    47 |   0 |   35 |   0 |  12 |   0 | GET    | /api/condition/66ad5d34-db2d-4df0-b8c2-dffe2276376e | 0.028 | 0.404 |   4.780 | 0.102 | 0.196 | 0.208 | 0.404 |  0.077 |      3.000 |   6043.000 |   201072.000 |   4278.128 |
|    37 |   0 |   37 |   0 |   0 |   0 | GET    | /api/condition/438c3782-bca8-47d6-9f0d-1a83ad723bb6 | 0.020 | 0.224 |   4.360 | 0.118 | 0.212 | 0.220 | 0.224 |  0.064 |      3.000 |   6412.000 |   190270.000 |   5142.432 |
|    86 |   0 |   83 |   0 |   3 |   0 | GET    | /api/isu/081ab93e-a028-43c2-9bfa-ea260bdfd234/icon  | 0.004 | 0.408 |   3.928 | 0.046 | 0.120 | 0.184 | 0.408 |  0.069 |      0.000 |  26973.000 |  2238794.000 |  26032.488 |
|    34 |   0 |   34 |   0 |   0 |   0 | GET    | /api/condition/e436399a-e483-4f34-8317-0226fcd07243 | 0.028 | 0.236 |   3.876 | 0.114 | 0.176 | 0.236 | 0.236 |  0.049 |      3.000 |   6253.000 |   182803.000 |   5376.559 |
|    55 |   0 |   51 |   0 |   4 |   0 | POST   | /api/isu                                            | 0.004 | 0.116 |   3.620 | 0.066 | 0.088 | 0.104 | 0.116 |  0.022 |     15.000 |    157.000 |     7069.000 |    128.527 |
|    19 |   0 |   15 |   0 |   4 |   0 | GET    | /api/isu/b713b8eb-b7fc-450b-baae-9b3266398397/graph | 0.004 | 0.492 |   3.580 | 0.188 | 0.388 | 0.492 | 0.492 |  0.137 |     14.000 |   6287.000 |    73692.000 |   3878.526 |
|    37 |   0 |   31 |   0 |   6 |   0 | GET    | /api/condition/77f0f072-5d64-49ab-a1b0-ad12e4d6d715 | 0.004 | 0.196 |   3.436 | 0.093 | 0.164 | 0.196 | 0.196 |  0.054 |      3.000 |   6283.000 |   168572.000 |   4556.000 |
|    84 |   0 |   83 |   0 |   1 |   0 | GET    | /api/isu/862aed75-9955-4dde-a1ad-94500e81359d/icon  | 0.004 | 0.360 |   3.328 | 0.040 | 0.080 | 0.124 | 0.360 |  0.054 |      0.000 |  20510.000 |  1702330.000 |  20265.833 |
|    32 |   0 |   32 |   0 |   0 |   0 | GET    | /api/condition/8380e2b2-90be-448f-81db-7ad9f903b096 | 0.032 | 0.280 |   3.288 | 0.103 | 0.168 | 0.192 | 0.280 |  0.050 |      3.000 |   6903.000 |   180798.000 |   5649.938 |
|    82 |   0 |   77 |   0 |   5 |   0 | GET    | /api/isu/438c3782-bca8-47d6-9f0d-1a83ad723bb6/icon  | 0.036 | 0.364 |   3.284 | 0.040 | 0.076 | 0.144 | 0.364 |  0.058 |      0.000 |  23664.000 |  1822198.000 |  22221.927 |
|    31 |   0 |   31 |   0 |   0 |   0 | GET    | /api/condition/606e24ea-7627-4a0c-8417-4d0faad6b251 | 0.048 | 0.164 |   3.212 | 0.104 | 0.152 | 0.156 | 0.164 |  0.031 |      3.000 |   6321.000 |   174290.000 |   5622.258 |
|    43 |   0 |    0 |   0 |  43 |   0 | GET    | /api/isu/9e5c1109-beff-4598-b8f1-658d1994d55f/icon  | 0.004 | 1.000 |   3.204 | 0.075 | 0.160 | 0.264 | 1.000 |  0.158 |      0.000 |     14.000 |      588.000 |     13.674 |
|    34 |   0 |   22 |   0 |  12 |   0 | GET    | /api/condition/02252cac-6ca2-4b31-9d7a-a7f52d872d0d | 0.004 | 0.264 |   2.896 | 0.085 | 0.196 | 0.256 | 0.264 |  0.073 |      3.000 |   6442.000 |   112314.000 |   3303.353 |
|    42 |   0 |    0 |   0 |  42 |   0 | GET    | /api/condition/9e5c1109-beff-4598-b8f1-658d1994d55f | 0.004 | 1.000 |   2.860 | 0.068 | 0.128 | 0.140 | 1.000 |  0.151 |      0.000 |     14.000 |      574.000 |     13.667 |
|    36 |   0 |   36 |   0 |   0 |   0 | GET    | /api/condition/2aafd871-4f05-48c7-918f-880b02620e43 | 0.012 | 0.244 |   2.740 | 0.076 | 0.132 | 0.144 | 0.244 |  0.047 |      3.000 |   6163.000 |   188915.000 |   5247.639 |
|    78 |   0 |   77 |   0 |   1 |   0 | GET    | /api/isu/8cb6909a-2ac2-4d48-9200-2775f9d1390f/icon  | 0.012 | 0.332 |   2.728 | 0.035 | 0.068 | 0.120 | 0.332 |  0.048 |      0.000 |   8298.000 |   638946.000 |   8191.615 |
|    22 |   0 |   22 |   0 |   0 |   0 | GET    | /api/condition/58804fad-916a-40de-bd18-f6b5158714fc | 0.040 | 0.288 |   2.720 | 0.124 | 0.196 | 0.212 | 0.288 |  0.062 |      3.000 |   6063.000 |   113681.000 |   5167.318 |
|    15 |   0 |   15 |   0 |   0 |   0 | GET    | /api/isu/8b050d95-12de-4c9b-93ab-07e234918836/graph | 0.024 | 0.360 |   2.692 | 0.179 | 0.268 | 0.360 | 0.360 |  0.075 |   2691.000 |   6185.000 |    71639.000 |   4775.933 |
|    34 |   0 |   28 |   0 |   6 |   0 | GET    | /api/condition/c4edf0b0-3c00-40d3-af34-d59c34ead4cb | 0.004 | 0.180 |   2.624 | 0.077 | 0.132 | 0.168 | 0.180 |  0.044 |      3.000 |   6591.000 |   159980.000 |   4705.294 |
|    15 |   0 |   15 |   0 |   0 |   0 | GET    | /api/isu/66ab8a8f-fb33-489d-b40c-11ffd3a62ef3/graph | 0.016 | 0.576 |   2.621 | 0.175 | 0.364 | 0.576 | 0.576 |  0.145 |   2691.000 |   7041.000 |    75768.000 |   5051.200 |
|    20 |   0 |   20 |   0 |   0 |   0 | GET    | /api/condition/7c3359ac-c5a4-4811-89e4-83448f727140 | 0.036 | 0.252 |   2.536 | 0.127 | 0.184 | 0.196 | 0.252 |  0.056 |      3.000 |   6583.000 |   107003.000 |   5350.150 |
|    54 |   0 |   52 |   0 |   2 |   0 | GET    | /api/isu/62d8b067-94c1-451b-a888-bbb6f97ac6a5/icon  | 0.004 | 0.200 |   2.532 | 0.047 | 0.100 | 0.148 | 0.200 |  0.043 |     14.000 |  82854.000 |  4308443.000 |  79785.981 |
|    43 |   0 |    0 |   0 |  43 |   0 | GET    | /api/isu/9e5c1109-beff-4598-b8f1-658d1994d55f       | 0.004 | 0.392 |   2.464 | 0.057 | 0.116 | 0.220 | 0.392 |  0.079 |     14.000 |     14.000 |      602.000 |     14.000 |
|    29 |   0 |   29 |   0 |   0 |   0 | GET    | /api/condition/162d294b-5ad7-4a7f-9a80-667b64b4d41d | 0.024 | 0.264 |   2.404 | 0.083 | 0.148 | 0.152 | 0.264 |  0.049 |      3.000 |   7020.000 |   171573.000 |   5916.310 |
|    48 |   0 |   46 |   0 |   2 |   0 | GET    | /api/isu/66ad5d34-db2d-4df0-b8c2-dffe2276376e/icon  | 0.016 | 0.392 |   2.380 | 0.050 | 0.076 | 0.188 | 0.392 |  0.062 |     14.000 |  18821.000 |   865801.000 |  18037.521 |
|    50 |   0 |   46 |   0 |   4 |   0 | GET    | /api/isu/8380e2b2-90be-448f-81db-7ad9f903b096/icon  | 0.032 | 0.264 |   2.372 | 0.047 | 0.128 | 0.160 | 0.264 |  0.054 |     14.000 |  27623.000 |  1270728.000 |  25414.560 |
|    19 |   0 |   15 |   0 |   4 |   0 | GET    | /api/isu/9eb93219-e0dd-44d0-b11e-c3232c8912f1/graph | 0.008 | 0.396 |   2.309 | 0.122 | 0.268 | 0.396 | 0.396 |  0.103 |     14.000 |   7091.000 |    75856.000 |   3992.421 |
|    43 |   0 |   43 |   0 |   0 |   0 | GET    | /api/isu/f82b8bcf-e85a-4574-aa79-49581a6acc07/icon  | 0.004 | 0.536 |   2.308 | 0.054 | 0.112 | 0.180 | 0.536 |  0.088 |  26057.000 |  26057.000 |  1120451.000 |  26057.000 |
|    27 |   0 |   27 |   0 |   0 |   0 | GET    | /api/condition/b4d72cf9-b28b-4552-b764-7f369950a2ab | 0.024 | 0.176 |   2.284 | 0.085 | 0.140 | 0.168 | 0.176 |  0.037 |      3.000 |   6355.000 |   145681.000 |   5395.593 |
|    44 |   0 |   44 |   0 |   0 |   0 | GET    | /api/isu/64df917b-846c-4323-9d92-1daffcc6bf49/icon  | 0.004 | 0.472 |   2.268 | 0.052 | 0.108 | 0.164 | 0.472 |  0.075 |  30652.000 |  30652.000 |  1348688.000 |  30652.000 |
|    41 |   0 |    0 |   0 |  41 |   0 | GET    | /api/isu/9e5c1109-beff-4598-b8f1-658d1994d55f/graph | 0.004 | 0.284 |   2.144 | 0.052 | 0.112 | 0.136 | 0.284 |  0.052 |     14.000 |     14.000 |      574.000 |     14.000 |
|    54 |   0 |   54 |   0 |   0 |   0 | GET    | /api/isu/2aafd871-4f05-48c7-918f-880b02620e43/icon  | 0.004 | 0.148 |   2.136 | 0.040 | 0.108 | 0.128 | 0.148 |  0.037 |  26336.000 |  26336.000 |  1422144.000 |  26336.000 |
|    31 |   0 |   31 |   0 |   0 |   0 | GET    | /api/condition/2eb67818-e384-45d8-b8d5-9872cd07d64d | 0.020 | 0.136 |   2.120 | 0.068 | 0.112 | 0.112 | 0.136 |  0.027 |      3.000 |   6883.000 |   173096.000 |   5583.742 |
|    51 |   0 |   51 |   0 |   0 |   0 | GET    | /api/isu/02252cac-6ca2-4b31-9d7a-a7f52d872d0d/icon  | 0.008 | 0.184 |   2.116 | 0.041 | 0.084 | 0.120 | 0.184 |  0.036 |  14374.000 |  14374.000 |   733074.000 |  14374.000 |
|    32 |   0 |   26 |   0 |   6 |   0 | GET    | /api/condition/64df917b-846c-4323-9d92-1daffcc6bf49 | 0.012 | 0.176 |   2.116 | 0.066 | 0.116 | 0.120 | 0.176 |  0.037 |      3.000 |   6463.000 |   142007.000 |   4437.719 |
|    44 |   0 |   44 |   0 |   0 |   0 | GET    | /api/isu/58804fad-916a-40de-bd18-f6b5158714fc/icon  | 0.004 | 0.192 |   2.100 | 0.048 | 0.096 | 0.116 | 0.192 |  0.039 |  16227.000 |  16227.000 |   713988.000 |  16227.000 |
|    51 |   0 |   51 |   0 |   0 |   0 | GET    | /api/isu/c4edf0b0-3c00-40d3-af34-d59c34ead4cb/icon  | 0.004 | 0.192 |   2.080 | 0.041 | 0.100 | 0.156 | 0.192 |  0.044 |  33236.000 |  33236.000 |  1695036.000 |  33236.000 |
|    51 |   0 |   51 |   0 |   0 |   0 | GET    | /api/isu/fa1249d7-6985-4136-ab0e-458c00d49507/icon  | 0.004 | 0.228 |   2.056 | 0.040 | 0.080 | 0.132 | 0.228 |  0.044 |   9892.000 |   9892.000 |   504492.000 |   9892.000 |
|    54 |   0 |   54 |   0 |   0 |   0 | GET    | /api/isu/66ab8a8f-fb33-489d-b40c-11ffd3a62ef3/icon  | 0.004 | 0.236 |   2.032 | 0.038 | 0.072 | 0.152 | 0.236 |  0.042 |  25779.000 |  25779.000 |  1392066.000 |  25779.000 |
|    54 |   0 |   52 |   0 |   2 |   0 | GET    | /api/isu/203acae5-737d-4196-8838-f2903cc8bc68/icon  | 0.004 | 0.124 |   2.008 | 0.037 | 0.088 | 0.104 | 0.124 |  0.031 |     14.000 |  20376.000 |  1059587.000 |  19621.981 |
|    46 |   0 |   46 |   0 |   0 |   0 | GET    | /api/isu/b713b8eb-b7fc-450b-baae-9b3266398397/icon  | 0.004 | 0.176 |   1.992 | 0.043 | 0.100 | 0.164 | 0.176 |  0.042 |  19790.000 |  19790.000 |   910340.000 |  19790.000 |
|    44 |   0 |   36 |   0 |   8 |   0 | GET    | /api/isu/e2772426-0694-4d99-8a98-3a2612e84d12/icon  | 0.016 | 0.276 |   1.988 | 0.045 | 0.108 | 0.140 | 0.276 |  0.051 |     14.000 |   8531.000 |   307256.000 |   6983.091 |
|    22 |   0 |   22 |   0 |   0 |   0 | GET    | /api/condition/57f8d8eb-dc73-41e7-ba6d-3cbf65d488df | 0.060 | 0.208 |   1.988 | 0.090 | 0.128 | 0.192 | 0.208 |  0.038 |      3.000 |   6463.000 |   120887.000 |   5494.864 |
|    34 |   0 |   22 |   0 |  12 |   0 | GET    | /api/condition/0d3d7d5c-c607-4562-849a-03d9e812f060 | 0.004 | 0.132 |   1.968 | 0.058 | 0.104 | 0.120 | 0.132 |  0.038 |      3.000 |   6283.000 |   125601.000 |   3694.147 |
|    17 |   0 |   17 |   0 |   0 |   0 | GET    | /api/condition/fa1249d7-6985-4136-ab0e-458c00d49507 | 0.036 | 0.200 |   1.964 | 0.116 | 0.196 | 0.200 | 0.200 |  0.053 |      3.000 |   6559.000 |    89490.000 |   5264.118 |
|    46 |   0 |   46 |   0 |   0 |   0 | GET    | /api/isu/85430b19-4dbc-467d-afea-68996390f246/icon  | 0.008 | 0.148 |   1.948 | 0.042 | 0.108 | 0.132 | 0.148 |  0.037 |  19859.000 |  19859.000 |   913514.000 |  19859.000 |
|    54 |   0 |   54 |   0 |   0 |   0 | GET    | /api/isu/9eb93219-e0dd-44d0-b11e-c3232c8912f1/icon  | 0.004 | 0.148 |   1.892 | 0.035 | 0.080 | 0.108 | 0.148 |  0.032 |   6969.000 |   6969.000 |   376326.000 |   6969.000 |
|    18 |   0 |    0 |   0 |  18 |   0 | GET    | /api/isu/3af9b2b1-0111-4add-ab0c-5e122896bcda/graph | 1.000 | 1.000 |   1.869 | 0.104 | 0.205 | 1.000 | 1.000 |  0.228 |      0.000 |     21.000 |      309.000 |     17.167 |
|    22 |   0 |   16 |   0 |   6 |   0 | GET    | /api/condition/ab681f55-c744-4192-addc-5abc31f531d4 | 0.008 | 0.216 |   1.848 | 0.084 | 0.160 | 0.176 | 0.216 |  0.062 |      3.000 |   6343.000 |    85965.000 |   3907.500 |
|    38 |   0 |   38 |   0 |   0 |   0 | GET    | /api/isu/5f50fde3-c2b5-41a4-b9d4-9e99c254f980/icon  | 0.004 | 0.392 |   1.844 | 0.049 | 0.112 | 0.124 | 0.392 |  0.065 |  13988.000 |  13988.000 |   531544.000 |  13988.000 |
|    48 |   0 |   44 |   0 |   4 |   0 | GET    | /api/isu/606e24ea-7627-4a0c-8417-4d0faad6b251/icon  | 0.004 | 0.168 |   1.840 | 0.038 | 0.084 | 0.128 | 0.168 |  0.036 |     14.000 |  17244.000 |   758806.000 |  15808.458 |
|    53 |   0 |   51 |   0 |   2 |   0 | GET    | /api/isu/5ce5e267-9966-40b1-80b3-bd265e904315/icon  | 0.004 | 0.176 |   1.824 | 0.034 | 0.080 | 0.100 | 0.176 |  0.035 |     14.000 |  45199.000 |  2305184.000 |  43494.038 |
|    37 |   0 |   37 |   0 |   0 |   0 | GET    | /api/isu/bf880328-6afa-4c37-8450-0d0a2d1f950c/icon  | 0.008 | 0.336 |   1.792 | 0.048 | 0.076 | 0.196 | 0.336 |  0.059 | 135259.000 | 135259.000 |  5004583.000 | 135259.000 |
|    17 |   0 |   17 |   0 |   0 |   0 | GET    | /api/isu/862aed75-9955-4dde-a1ad-94500e81359d/graph | 0.008 | 0.260 |   1.780 | 0.105 | 0.216 | 0.260 | 0.260 |  0.077 |   2691.000 |   6523.000 |    77213.000 |   4541.941 |
|    55 |   0 |   51 |   0 |   4 |   0 | GET    | /api/isu/162d294b-5ad7-4a7f-9a80-667b64b4d41d/icon  | 0.072 | 0.160 |   1.760 | 0.032 | 0.072 | 0.084 | 0.160 |  0.032 |     14.000 |  20872.000 |  1064542.000 |  19355.309 |
|    46 |   0 |   46 |   0 |   0 |   0 | GET    | /api/isu/b4d72cf9-b28b-4552-b764-7f369950a2ab/icon  | 0.004 | 0.176 |   1.760 | 0.038 | 0.096 | 0.108 | 0.176 |  0.036 |   6733.000 |   6733.000 |   309718.000 |   6733.000 |
|    36 |   0 |   36 |   0 |   0 |   0 | GET    | /api/isu/0d3d7d5c-c607-4562-849a-03d9e812f060/icon  | 0.016 | 0.284 |   1.740 | 0.048 | 0.100 | 0.272 | 0.284 |  0.062 |  34835.000 |  34835.000 |  1254060.000 |  34835.000 |
|    46 |   0 |   46 |   0 |   0 |   0 | GET    | /api/isu/7c3359ac-c5a4-4811-89e4-83448f727140/icon  | 0.004 | 0.176 |   1.728 | 0.038 | 0.076 | 0.100 | 0.176 |  0.033 |  18552.000 |  18552.000 |   853392.000 |  18552.000 |
|    54 |   0 |   54 |   0 |   0 |   0 | GET    | /api/isu/d5d6184c-3514-4d86-bd74-1e922d84e3cc/icon  | 0.004 | 0.208 |   1.720 | 0.032 | 0.072 | 0.100 | 0.208 |  0.034 |  23497.000 |  23497.000 |  1268838.000 |  23497.000 |
|    42 |   0 |   42 |   0 |   0 |   0 | GET    | /api/isu/5b3d15ef-c60f-40a3-8c94-33be5e0a5841/icon  | 0.008 | 0.112 |   1.688 | 0.040 | 0.072 | 0.104 | 0.112 |  0.026 |  19958.000 |  19958.000 |   838236.000 |  19958.000 |
|    44 |   0 |   44 |   0 |   0 |   0 | GET    | /api/isu/75d6bd16-85d3-493c-9eee-429f6ff01850/icon  | 0.004 | 0.116 |   1.684 | 0.038 | 0.096 | 0.104 | 0.116 |  0.032 |   7951.000 |   7951.000 |   349844.000 |   7951.000 |
|    37 |   0 |   37 |   0 |   0 |   0 | GET    | /api/isu/57f8d8eb-dc73-41e7-ba6d-3cbf65d488df/icon  | 0.004 | 0.184 |   1.668 | 0.045 | 0.088 | 0.160 | 0.184 |  0.039 |  70819.000 |  70819.000 |  2620303.000 |  70819.000 |
|    14 |   0 |   14 |   0 |   0 |   0 | GET    | /api/condition/e2772426-0694-4d99-8a98-3a2612e84d12 | 0.052 | 0.244 |   1.664 | 0.119 | 0.184 | 0.244 | 0.244 |  0.050 |      3.000 |   6523.000 |    79321.000 |   5665.786 |
|    30 |   0 |    0 |   0 |  30 |   0 | GET    | /api/condition/3af9b2b1-0111-4add-ab0c-5e122896bcda | 0.008 | 0.252 |   1.652 | 0.055 | 0.180 | 0.244 | 0.252 |  0.075 |     14.000 |     24.000 |      605.000 |     20.167 |
|    39 |   0 |   37 |   0 |   2 |   0 | GET    | /api/isu/ab681f55-c744-4192-addc-5abc31f531d4/icon  | 0.008 | 0.220 |   1.648 | 0.042 | 0.088 | 0.120 | 0.220 |  0.040 |     14.000 |   8720.000 |   322675.000 |   8273.718 |
|    51 |   0 |   51 |   0 |   0 |   0 | GET    | /api/isu/2eb67818-e384-45d8-b8d5-9872cd07d64d/icon  | 0.004 | 0.104 |   1.628 | 0.032 | 0.060 | 0.092 | 0.104 |  0.024 |   8568.000 |   8568.000 |   436968.000 |   8568.000 |
|    40 |   0 |   36 |   0 |   4 |   0 | GET    | /api/isu/085d0dcf-1053-402c-b872-b2fee7c33d92/icon  | 0.008 | 0.140 |   1.596 | 0.040 | 0.096 | 0.108 | 0.140 |  0.034 |     14.000 |   9614.000 |   346174.000 |   8654.350 |
|    44 |   0 |   44 |   0 |   0 |   0 | GET    | /api/isu/24b1053c-1068-4abd-be33-0e6b9c8cd025/icon  | 0.004 | 0.144 |   1.552 | 0.035 | 0.072 | 0.132 | 0.144 |  0.034 |  14566.000 |  14566.000 |   640904.000 |  14566.000 |
|    39 |   0 |   39 |   0 |   0 |   0 | GET    | /api/isu/e436399a-e483-4f34-8317-0226fcd07243/icon  | 0.004 | 0.276 |   1.540 | 0.039 | 0.076 | 0.108 | 0.276 |  0.045 |   9453.000 |   9453.000 |   368667.000 |   9453.000 |
|    40 |   0 |   40 |   0 |   0 |   0 | GET    | /api/isu/8b050d95-12de-4c9b-93ab-07e234918836/icon  | 0.004 | 0.184 |   1.512 | 0.038 | 0.072 | 0.080 | 0.184 |  0.037 |  11526.000 |  11526.000 |   461040.000 |  11526.000 |
|    39 |   0 |   37 |   0 |   2 |   0 | GET    | /api/isu/5e68a83b-5d7d-4468-8509-8c927ea43c09/icon  | 0.088 | 0.184 |   1.500 | 0.038 | 0.068 | 0.144 | 0.184 |  0.035 |     14.000 |   4955.000 |   183370.000 |   4701.795 |
|   102 |   0 |   57 |   0 |  45 |   0 | POST   | /api/signout                                        | 0.144 | 0.296 |   1.484 | 0.015 | 0.036 | 0.048 | 0.144 |  0.036 |      0.000 |     21.000 |      945.000 |      9.265 |
|    11 |   0 |   11 |   0 |   0 |   0 | GET    | /api/isu/75d6bd16-85d3-493c-9eee-429f6ff01850/graph | 0.032 | 0.204 |   1.428 | 0.130 | 0.200 | 0.204 | 0.204 |  0.052 |   3359.000 |   7149.000 |    54293.000 |   4935.727 |
|    37 |   0 |   37 |   0 |   0 |   0 | GET    | /api/isu/df831cb9-70ef-4d81-8678-60c7b5362daa/icon  | 0.008 | 0.164 |   1.404 | 0.038 | 0.068 | 0.148 | 0.164 |  0.033 |   6969.000 |   6969.000 |   257853.000 |   6969.000 |
|     9 |   0 |    9 |   0 |   0 |   0 | GET    | /api/isu/606e24ea-7627-4a0c-8417-4d0faad6b251/graph | 0.020 | 0.316 |   1.400 | 0.156 | 0.316 | 0.316 | 0.316 |  0.092 |   2691.000 |   5389.000 |    41977.000 |   4664.111 |
|    41 |   0 |   41 |   0 |   0 |   0 | GET    | /api/isu/e4c86e25-a649-4a2d-bf2b-95b9bf3ca13f/icon  | 0.004 | 0.108 |   1.392 | 0.034 | 0.076 | 0.080 | 0.108 |  0.026 |  19412.000 |  19412.000 |   795892.000 |  19412.000 |
|    36 |   0 |   36 |   0 |   0 |   0 | GET    | /api/isu/65eafecf-d948-43ff-b0f8-e9be7b46e2f6/icon  | 0.004 | 0.192 |   1.392 | 0.039 | 0.088 | 0.092 | 0.192 |  0.034 | 112773.000 | 112773.000 |  4059828.000 | 112773.000 |
|    36 |   0 |   36 |   0 |   0 |   0 | GET    | /api/isu/ee526acb-6b72-40a4-9ec8-049f925c1cdd/icon  | 0.008 | 0.140 |   1.380 | 0.038 | 0.084 | 0.104 | 0.140 |  0.030 |  90471.000 |  90471.000 |  3256956.000 |  90471.000 |
|    36 |   0 |   36 |   0 |   0 |   0 | GET    | /api/isu/d7a1aa5e-f486-4e96-aa22-ff2bb1389564/icon  | 0.004 | 0.128 |   1.376 | 0.038 | 0.088 | 0.128 | 0.128 |  0.033 |   6787.000 |   6787.000 |   244332.000 |   6787.000 |
|    37 |   0 |   37 |   0 |   0 |   0 | GET    | /api/isu/011b69ba-e81e-4b26-af2f-a79fdf68ee57/icon  | 0.004 | 0.104 |   1.372 | 0.037 | 0.088 | 0.096 | 0.104 |  0.026 |  14447.000 |  14447.000 |   534539.000 |  14447.000 |
|    39 |   0 |   37 |   0 |   2 |   0 | GET    | /api/isu/eb94fbcd-bb11-4576-82d0-3cf1b1ff78b7/icon  | 0.088 | 0.088 |   1.368 | 0.035 | 0.076 | 0.084 | 0.088 |  0.023 |     14.000 |  19821.000 |   733412.000 |  18805.436 |
|    40 |   0 |   40 |   0 |   0 |   0 | GET    | /api/isu/77f0f072-5d64-49ab-a1b0-ad12e4d6d715/icon  | 0.004 | 0.124 |   1.272 | 0.032 | 0.068 | 0.084 | 0.124 |  0.027 |   6969.000 |   6969.000 |   278760.000 |   6969.000 |
|    12 |   0 |   12 |   0 |   0 |   0 | GET    | /api/isu/e436399a-e483-4f34-8317-0226fcd07243/graph | 0.020 | 0.164 |   1.272 | 0.106 | 0.148 | 0.164 | 0.164 |  0.040 |   2691.000 |   6393.000 |    54775.000 |   4564.583 |
|    11 |   0 |   11 |   0 |   0 |   0 | GET    | /api/isu/66ad5d34-db2d-4df0-b8c2-dffe2276376e/graph | 0.052 | 0.144 |   1.264 | 0.115 | 0.136 | 0.144 | 0.144 |  0.024 |   4051.000 |   5715.000 |    53580.000 |   4870.909 |
|   163 |   0 |   65 |   0 |  98 |   0 | GET    | /api/user/me                                        | 0.084 | 0.152 |   1.216 | 0.007 | 0.020 | 0.028 | 0.112 |  0.018 |     21.000 |     46.000 |     4640.000 |     28.466 |
|    36 |   0 |   36 |   0 |   0 |   0 | GET    | /api/isu/58faace1-1353-4f71-981a-bd58caeda3fa/icon  | 0.004 | 0.112 |   1.200 | 0.033 | 0.064 | 0.104 | 0.112 |  0.025 |  14137.000 |  14137.000 |   508932.000 |  14137.000 |
|    12 |   0 |   12 |   0 |   0 |   0 | GET    | /api/isu/77f0f072-5d64-49ab-a1b0-ad12e4d6d715/graph | 0.012 | 0.188 |   1.188 | 0.099 | 0.156 | 0.188 | 0.188 |  0.051 |   2691.000 |   6771.000 |    52960.000 |   4413.333 |
|     9 |   0 |    9 |   0 |   0 |   0 | GET    | /api/isu/8380e2b2-90be-448f-81db-7ad9f903b096/graph | 0.020 | 0.220 |   1.172 | 0.130 | 0.220 | 0.220 | 0.220 |  0.064 |   2691.000 |   6727.000 |    45058.000 |   5006.444 |
|    12 |   0 |   12 |   0 |   0 |   0 | GET    | /api/isu/d5d6184c-3514-4d86-bd74-1e922d84e3cc/graph | 0.016 | 0.228 |   1.168 | 0.097 | 0.184 | 0.228 | 0.228 |  0.069 |   2691.000 |   6869.000 |    56097.000 |   4674.750 |
|    16 |   0 |   12 |   0 |   4 |   0 | GET    | /api/isu/8cb6909a-2ac2-4d48-9200-2775f9d1390f/graph | 0.008 | 0.224 |   1.144 | 0.072 | 0.160 | 0.224 | 0.224 |  0.063 |     14.000 |   5591.000 |    54328.000 |   3395.500 |
|    10 |   0 |   10 |   0 |   0 |   0 | GET    | /api/isu/438c3782-bca8-47d6-9f0d-1a83ad723bb6/graph | 0.024 | 0.168 |   1.144 | 0.114 | 0.168 | 0.168 | 0.168 |  0.051 |   2691.000 |   6364.000 |    44520.000 |   4452.000 |
|    12 |   0 |    0 |   0 |  12 |   0 | GET    | /api/isu/cab99f63-bb3a-4648-b6df-376396f2c7ab/icon  | 0.924 | 0.924 |   1.132 | 0.094 | 0.096 | 0.924 | 0.924 |  0.252 |     14.000 |     21.000 |      210.000 |     17.500 |
|    24 |   0 |    0 |   0 |  24 |   0 | GET    | /api/isu/cab99f63-bb3a-4648-b6df-376396f2c7ab/graph | 0.004 | 0.320 |   1.104 | 0.046 | 0.144 | 0.284 | 0.320 |  0.083 |      0.000 |     21.000 |      418.000 |     17.417 |
|    10 |   0 |   10 |   0 |   0 |   0 | GET    | /api/isu/5ce5e267-9966-40b1-80b3-bd265e904315/graph | 0.004 | 0.208 |   1.076 | 0.108 | 0.168 | 0.208 | 0.208 |  0.060 |   3711.000 |   5895.000 |    49527.000 |   4952.700 |
|    18 |   0 |   18 |   0 |   0 |   0 | GET    | /api/condition/85430b19-4dbc-467d-afea-68996390f246 | 0.016 | 0.136 |   1.056 | 0.059 | 0.116 | 0.136 | 0.136 |  0.028 |      3.000 |   6437.000 |    92964.000 |   5164.667 |
|    25 |   0 |   13 |   0 |  12 |   0 | GET    | /api/condition/085d0dcf-1053-402c-b872-b2fee7c33d92 | 0.004 | 0.112 |   1.036 | 0.041 | 0.100 | 0.100 | 0.112 |  0.035 |      3.000 |   6652.000 |    74091.000 |   2963.640 |
|    12 |   0 |    0 |   0 |  12 |   0 | GET    | /api/isu/cab99f63-bb3a-4648-b6df-376396f2c7ab       | 0.812 | 0.812 |   1.028 | 0.086 | 0.064 | 0.812 | 0.812 |  0.220 |     14.000 |     21.000 |      210.000 |     17.500 |
|    19 |   0 |   19 |   0 |   0 |   0 | GET    | /api/isu/081ab93e-a028-43c2-9bfa-ea260bdfd234       | 0.004 | 0.208 |   0.984 | 0.052 | 0.196 | 0.208 | 0.208 |  0.060 |    127.000 |    127.000 |     2413.000 |    127.000 |
|    14 |   0 |   14 |   0 |   0 |   0 | GET    | /api/condition/df831cb9-70ef-4d81-8678-60c7b5362daa | 0.036 | 0.164 |   0.908 | 0.065 | 0.088 | 0.164 | 0.164 |  0.031 |      3.000 |   6223.000 |    72093.000 |   5149.500 |
|    15 |   0 |   15 |   0 |   0 |   0 | GET    | /api/condition/24b1053c-1068-4abd-be33-0e6b9c8cd025 | 0.008 | 0.160 |   0.860 | 0.057 | 0.088 | 0.160 | 0.160 |  0.035 |      3.000 |   6663.000 |    75203.000 |   5013.533 |
|     9 |   0 |    9 |   0 |   0 |   0 | GET    | /api/isu/162d294b-5ad7-4a7f-9a80-667b64b4d41d/graph | 0.020 | 0.188 |   0.772 | 0.086 | 0.188 | 0.188 | 0.188 |  0.048 |   2691.000 |   6075.000 |    39830.000 |   4425.556 |
|     8 |   0 |    8 |   0 |   0 |   0 | GET    | /api/condition/5e68a83b-5d7d-4468-8509-8c927ea43c09 | 0.028 | 0.308 |   0.760 | 0.095 | 0.308 | 0.308 | 0.308 |  0.086 |      3.000 |   6138.000 |    36633.000 |   4579.125 |
|    10 |   0 |    6 |   0 |   4 |   0 | GET    | /api/isu/02252cac-6ca2-4b31-9d7a-a7f52d872d0d/graph | 0.044 | 0.160 |   0.736 | 0.074 | 0.156 | 0.160 | 0.160 |  0.051 |     14.000 |   6159.000 |    28185.000 |   2818.500 |
|    13 |   0 |    7 |   0 |   6 |   0 | GET    | /api/condition/bf880328-6afa-4c37-8450-0d0a2d1f950c | 0.036 | 0.164 |   0.684 | 0.053 | 0.088 | 0.164 | 0.164 |  0.041 |      3.000 |   6557.000 |    35995.000 |   2768.846 |
|    30 |   0 |    0 |   0 |  30 |   0 | GET    | /api/condition/cab99f63-bb3a-4648-b6df-376396f2c7ab | 0.004 | 0.120 |   0.684 | 0.023 | 0.048 | 0.088 | 0.120 |  0.027 |     14.000 |     24.000 |      605.000 |     20.167 |
|     7 |   0 |    7 |   0 |   0 |   0 | GET    | /api/isu/64df917b-846c-4323-9d92-1daffcc6bf49/graph | 0.052 | 0.132 |   0.668 | 0.095 | 0.132 | 0.132 | 0.132 |  0.030 |   2691.000 |   5565.000 |    32890.000 |   4698.571 |
|     9 |   0 |    9 |   0 |   0 |   0 | GET    | /api/isu/2aafd871-4f05-48c7-918f-880b02620e43/graph | 0.012 | 0.156 |   0.664 | 0.074 | 0.156 | 0.156 | 0.156 |  0.043 |   2691.000 |   6913.000 |    42661.000 |   4740.111 |
|     7 |   0 |    7 |   0 |   0 |   0 | GET    | /api/isu/0d3d7d5c-c607-4562-849a-03d9e812f060/graph | 0.068 | 0.128 |   0.652 | 0.093 | 0.128 | 0.128 | 0.128 |  0.020 |   2691.000 |   6409.000 |    34363.000 |   4909.000 |
|     6 |   0 |    2 |   0 |   4 |   0 | GET    | /api/isu/011b69ba-e81e-4b26-af2f-a79fdf68ee57/graph | 0.128 | 0.212 |   0.612 | 0.102 | 0.212 | 0.212 | 0.212 |  0.082 |     14.000 |   5078.000 |     9028.000 |   1504.667 |
|    10 |   0 |    6 |   0 |   4 |   0 | GET    | /api/isu/fa1249d7-6985-4136-ab0e-458c00d49507/graph | 0.036 | 0.112 |   0.592 | 0.059 | 0.112 | 0.112 | 0.112 |  0.035 |     14.000 |   5065.000 |    24846.000 |   2484.600 |
|    20 |   0 |   14 |   0 |   6 |   0 | GET    | /api/condition/e4c86e25-a649-4a2d-bf2b-95b9bf3ca13f | 0.004 | 0.060 |   0.572 | 0.029 | 0.052 | 0.052 | 0.060 |  0.019 |      3.000 |   5857.000 |    67399.000 |   3369.950 |
|    11 |   0 |    7 |   0 |   4 |   0 | GET    | /api/isu/24b1053c-1068-4abd-be33-0e6b9c8cd025/graph | 0.008 | 0.108 |   0.560 | 0.051 | 0.100 | 0.108 | 0.108 |  0.039 |     14.000 |   5067.000 |    26661.000 |   2423.727 |
|    10 |   0 |    0 |   0 |  10 |   0 | GET    | /api/isu/3af9b2b1-0111-4add-ab0c-5e122896bcda/icon  | 0.476 | 0.476 |   0.556 | 0.056 | 0.044 | 0.476 | 0.476 |  0.141 |     14.000 |     21.000 |      175.000 |     17.500 |
|    13 |   0 |    7 |   0 |   6 |   0 | GET    | /api/condition/ee526acb-6b72-40a4-9ec8-049f925c1cdd | 0.012 | 0.096 |   0.552 | 0.042 | 0.092 | 0.096 | 0.096 |  0.028 |      3.000 |   6343.000 |    30525.000 |   2348.077 |
|     6 |   0 |    6 |   0 |   0 |   0 | GET    | /api/isu/203acae5-737d-4196-8838-f2903cc8bc68/graph | 0.032 | 0.152 |   0.548 | 0.091 | 0.152 | 0.152 | 0.152 |  0.044 |   2691.000 |   6717.000 |    27562.000 |   4593.667 |
|     7 |   0 |    1 |   0 |   6 |   0 | GET    | /api/condition/f29fe3af-aae2-4962-aea8-8c61058f7899 | 0.012 | 0.252 |   0.544 | 0.078 | 0.252 | 0.252 | 0.252 |  0.087 |      3.000 |     24.000 |      124.000 |     17.714 |
|    11 |   0 |   11 |   0 |   0 |   0 | GET    | /api/condition/58faace1-1353-4f71-981a-bd58caeda3fa | 0.016 | 0.092 |   0.544 | 0.049 | 0.068 | 0.092 | 0.092 |  0.022 |      3.000 |   6626.000 |    58709.000 |   5337.182 |
|    21 |   0 |    3 |   0 |  18 |   0 | GET    | /api/condition/c648b087-fe00-4ea2-a524-b2e80555893f | 0.020 | 0.160 |   0.536 | 0.026 | 0.048 | 0.064 | 0.160 |  0.035 |     14.000 |   1581.000 |     3839.000 |    182.810 |
|     7 |   0 |    7 |   0 |   0 |   0 | GET    | /api/isu/b4d72cf9-b28b-4552-b764-7f369950a2ab/graph | 0.028 | 0.104 |   0.528 | 0.075 | 0.104 | 0.104 | 0.104 |  0.025 |   2691.000 |   6763.000 |    34729.000 |   4961.286 |
|     7 |   0 |    7 |   0 |   0 |   0 | GET    | /api/condition/65eafecf-d948-43ff-b0f8-e9be7b46e2f6 | 0.032 | 0.108 |   0.516 | 0.074 | 0.108 | 0.108 | 0.108 |  0.025 |      3.000 |   6643.000 |    33141.000 |   4734.429 |
|     8 |   0 |    4 |   0 |   4 |   0 | GET    | /api/isu/085d0dcf-1053-402c-b872-b2fee7c33d92/graph | 0.020 | 0.244 |   0.516 | 0.065 | 0.244 | 0.244 | 0.244 |  0.081 |     14.000 |   6085.000 |    20753.000 |   2594.125 |
|    11 |   0 |    7 |   0 |   4 |   0 | GET    | /api/isu/7c3359ac-c5a4-4811-89e4-83448f727140/graph | 0.004 | 0.068 |   0.508 | 0.046 | 0.068 | 0.068 | 0.068 |  0.019 |     14.000 |   5733.000 |    28901.000 |   2627.364 |
|    11 |   0 |    7 |   0 |   4 |   0 | GET    | /api/isu/58804fad-916a-40de-bd18-f6b5158714fc/graph | 0.004 | 0.100 |   0.504 | 0.046 | 0.100 | 0.100 | 0.100 |  0.040 |     14.000 |   5877.000 |    30830.000 |   2802.727 |
|    10 |   0 |    6 |   0 |   4 |   0 | GET    | /api/isu/2eb67818-e384-45d8-b8d5-9872cd07d64d/graph | 0.028 | 0.096 |   0.500 | 0.050 | 0.092 | 0.096 | 0.096 |  0.033 |     14.000 |   6185.000 |    33609.000 |   3360.900 |
|    13 |   0 |   13 |   0 |   0 |   0 | GET    | /api/condition/d7a1aa5e-f486-4e96-aa22-ff2bb1389564 | 0.016 | 0.068 |   0.480 | 0.037 | 0.056 | 0.068 | 0.068 |  0.015 |      3.000 |   6477.000 |    73732.000 |   5671.692 |
|     9 |   0 |    5 |   0 |   4 |   0 | GET    | /api/isu/62d8b067-94c1-451b-a888-bbb6f97ac6a5/graph | 0.004 | 0.108 |   0.468 | 0.052 | 0.108 | 0.108 | 0.108 |  0.036 |     14.000 |   5516.000 |    22188.000 |   2465.333 |
|     8 |   0 |    8 |   0 |   0 |   0 | GET    | /api/isu/62d8b067-94c1-451b-a888-bbb6f97ac6a5       | 0.028 | 0.112 |   0.468 | 0.058 | 0.112 | 0.112 | 0.112 |  0.038 |    148.000 |    148.000 |     1184.000 |    148.000 |
|     9 |   0 |    7 |   0 |   2 |   0 | GET    | /api/isu/02252cac-6ca2-4b31-9d7a-a7f52d872d0d       | 0.044 | 0.148 |   0.464 | 0.052 | 0.148 | 0.148 | 0.148 |  0.045 |     14.000 |    136.000 |      987.000 |    109.667 |
|    15 |   0 |   13 |   0 |   2 |   0 | GET    | /api/isu/438c3782-bca8-47d6-9f0d-1a83ad723bb6       | 0.008 | 0.096 |   0.456 | 0.030 | 0.064 | 0.096 | 0.096 |  0.024 |     14.000 |    136.000 |     1803.000 |    120.200 |
|     8 |   0 |    8 |   0 |   0 |   0 | GET    | /api/isu/203acae5-737d-4196-8838-f2903cc8bc68       | 0.004 | 0.204 |   0.444 | 0.056 | 0.204 | 0.204 | 0.204 |  0.062 |    142.000 |    142.000 |     1136.000 |    142.000 |
|     5 |   0 |    5 |   0 |   0 |   0 | GET    | /api/isu/ab681f55-c744-4192-addc-5abc31f531d4/graph | 0.052 | 0.108 |   0.436 | 0.087 | 0.108 | 0.108 | 0.108 |  0.021 |   4367.000 |   5551.000 |    24246.000 |   4849.200 |
|    13 |   0 |   13 |   0 |   0 |   0 | GET    | /api/condition/eb94fbcd-bb11-4576-82d0-3cf1b1ff78b7 | 0.012 | 0.064 |   0.428 | 0.033 | 0.044 | 0.064 | 0.064 |  0.013 |      3.000 |   6108.000 |    64448.000 |   4957.538 |
|     7 |   0 |    7 |   0 |   0 |   0 | GET    | /api/isu/c4edf0b0-3c00-40d3-af34-d59c34ead4cb/graph | 0.024 | 0.088 |   0.412 | 0.059 | 0.088 | 0.088 | 0.088 |  0.022 |   2691.000 |   6292.000 |    34522.000 |   4931.714 |
|    10 |   0 |   10 |   0 |   0 |   0 | GET    | /api/condition/011b69ba-e81e-4b26-af2f-a79fdf68ee57 | 0.016 | 0.108 |   0.400 | 0.040 | 0.052 | 0.108 | 0.108 |  0.026 |      3.000 |   6659.000 |    52232.000 |   5223.200 |
|    10 |   0 |    6 |   0 |   4 |   0 | GET    | /api/isu/85430b19-4dbc-467d-afea-68996390f246/graph | 0.008 | 0.084 |   0.396 | 0.040 | 0.076 | 0.084 | 0.084 |  0.031 |     14.000 |   5550.000 |    23139.000 |   2313.900 |
|     9 |   0 |    7 |   0 |   2 |   0 | GET    | /api/isu/77f0f072-5d64-49ab-a1b0-ad12e4d6d715       | 0.024 | 0.180 |   0.396 | 0.044 | 0.180 | 0.180 | 0.180 |  0.053 |     14.000 |    136.000 |      987.000 |    109.667 |
|     6 |   0 |    6 |   0 |   0 |   0 | GET    | /api/isu/57f8d8eb-dc73-41e7-ba6d-3cbf65d488df/graph | 0.032 | 0.100 |   0.392 | 0.065 | 0.100 | 0.100 | 0.100 |  0.022 |   4363.000 |   5696.000 |    30474.000 |   5079.000 |
|    11 |   0 |   11 |   0 |   0 |   0 | GET    | /api/condition/f82b8bcf-e85a-4574-aa79-49581a6acc07 | 0.016 | 0.060 |   0.388 | 0.035 | 0.056 | 0.060 | 0.060 |  0.014 |      3.000 |   6155.000 |    52470.000 |   4770.000 |
|     7 |   0 |    7 |   0 |   0 |   0 | GET    | /api/isu/58804fad-916a-40de-bd18-f6b5158714fc       | 0.004 | 0.140 |   0.384 | 0.055 | 0.140 | 0.140 | 0.140 |  0.048 |    130.000 |    130.000 |      910.000 |    130.000 |
|     7 |   0 |    7 |   0 |   0 |   0 | GET    | /api/isu/8b050d95-12de-4c9b-93ab-07e234918836       | 0.008 | 0.120 |   0.372 | 0.053 | 0.120 | 0.120 | 0.120 |  0.045 |    145.000 |    145.000 |     1015.000 |    145.000 |
|    15 |   0 |   13 |   0 |   2 |   0 | GET    | /api/isu/8cb6909a-2ac2-4d48-9200-2775f9d1390f       | 0.032 | 0.064 |   0.368 | 0.025 | 0.060 | 0.064 | 0.064 |  0.019 |     14.000 |    142.000 |     1881.000 |    125.400 |
|     7 |   0 |    3 |   0 |   4 |   0 | GET    | /api/isu/eb94fbcd-bb11-4576-82d0-3cf1b1ff78b7/graph | 0.008 | 0.164 |   0.368 | 0.053 | 0.164 | 0.164 | 0.164 |  0.054 |     14.000 |   6759.000 |    15089.000 |   2155.571 |
|    21 |   0 |   19 |   0 |   2 |   0 | GET    | /api/isu/862aed75-9955-4dde-a1ad-94500e81359d       | 0.004 | 0.056 |   0.356 | 0.017 | 0.044 | 0.048 | 0.056 |  0.015 |     14.000 |    139.000 |     2676.000 |    127.429 |
|    12 |   0 |   10 |   0 |   2 |   0 | GET    | /api/isu/66ab8a8f-fb33-489d-b40c-11ffd3a62ef3       | 0.028 | 0.124 |   0.352 | 0.029 | 0.060 | 0.124 | 0.124 |  0.034 |     14.000 |    133.000 |     1365.000 |    113.750 |
|    10 |   0 |   10 |   0 |   0 |   0 | GET    | /api/isu/9eb93219-e0dd-44d0-b11e-c3232c8912f1       | 0.020 | 0.148 |   0.352 | 0.035 | 0.084 | 0.148 | 0.148 |  0.044 |    130.000 |    130.000 |     1300.000 |    130.000 |
|     5 |   0 |    5 |   0 |   0 |   0 | GET    | /api/isu/e2772426-0694-4d99-8a98-3a2612e84d12/graph | 0.060 | 0.076 |   0.336 | 0.067 | 0.076 | 0.076 | 0.076 |  0.006 |   3359.000 |   5411.000 |    23102.000 |   4620.400 |
|     7 |   0 |    7 |   0 |   0 |   0 | GET    | /api/isu/7c3359ac-c5a4-4811-89e4-83448f727140       | 0.004 | 0.120 |   0.324 | 0.046 | 0.120 | 0.120 | 0.120 |  0.039 |    142.000 |    142.000 |      994.000 |    142.000 |
|   170 |   0 |   88 |  82 |   0 |   0 | GET    | /assets/vendor.ee7444dd.js                          | 0.004 | 0.020 |   0.316 | 0.002 | 0.004 | 0.008 | 0.012 |  0.003 | 743417.000 | 743417.000 | 65420696.000 | 384827.624 |
|     9 |   0 |    7 |   0 |   2 |   0 | GET    | /api/isu/606e24ea-7627-4a0c-8417-4d0faad6b251       | 0.020 | 0.108 |   0.316 | 0.035 | 0.108 | 0.108 | 0.108 |  0.034 |     14.000 |    136.000 |      987.000 |    109.667 |
|     1 |   0 |    1 |   0 |   0 |   0 | POST   | /initialize                                         | 0.312 | 0.312 |   0.312 | 0.312 | 0.312 | 0.312 | 0.312 |  0.000 |     23.000 |     23.000 |       23.000 |     23.000 |
|     9 |   0 |    7 |   0 |   2 |   0 | GET    | /api/isu/e436399a-e483-4f34-8317-0226fcd07243       | 0.128 | 0.128 |   0.300 | 0.033 | 0.128 | 0.128 | 0.128 |  0.041 |     14.000 |    133.000 |      966.000 |    107.333 |
|     3 |   0 |    3 |   0 |   0 |   0 | GET    | /api/isu/df831cb9-70ef-4d81-8678-60c7b5362daa/graph | 0.044 | 0.160 |   0.288 | 0.096 | 0.160 | 0.160 | 0.160 |  0.048 |   4362.000 |   5696.000 |    15094.000 |   5031.333 |
|     9 |   0 |    7 |   0 |   2 |   0 | GET    | /api/isu/c4edf0b0-3c00-40d3-af34-d59c34ead4cb       | 0.000 | 0.088 |   0.284 | 0.032 | 0.088 | 0.088 | 0.088 |  0.031 |     14.000 |    145.000 |     1050.000 |    116.667 |
|     2 |   0 |    0 |   0 |   2 |   0 | GET    | /api/isu/5a5ab5c8-85ad-4b12-8663-ca400e895307       | 0.284 | 0.284 |   0.284 | 0.142 | 0.284 | 0.284 | 0.284 |  0.142 |     14.000 |     21.000 |       35.000 |     17.500 |
|    14 |   0 |    2 |   0 |  12 |   0 | GET    | /api/isu/c648b087-fe00-4ea2-a524-b2e80555893f/graph | 0.016 | 0.120 |   0.280 | 0.020 | 0.068 | 0.120 | 0.120 |  0.033 |     14.000 |   3106.000 |     6013.000 |    429.500 |
|     9 |   0 |    7 |   0 |   2 |   0 | GET    | /api/isu/8380e2b2-90be-448f-81db-7ad9f903b096       | 0.012 | 0.084 |   0.280 | 0.031 | 0.084 | 0.084 | 0.084 |  0.025 |     14.000 |    139.000 |     1008.000 |    112.000 |
|     7 |   0 |    7 |   0 |   0 |   0 | GET    | /api/isu/75d6bd16-85d3-493c-9eee-429f6ff01850       | 0.004 | 0.060 |   0.276 | 0.039 | 0.060 | 0.060 | 0.060 |  0.019 |    139.000 |    139.000 |      973.000 |    139.000 |
|    10 |   0 |    2 |   0 |   8 |   0 | GET    | /api/isu/58faace1-1353-4f71-981a-bd58caeda3fa/graph | 0.008 | 0.072 |   0.272 | 0.027 | 0.056 | 0.072 | 0.072 |  0.024 |     14.000 |   6348.000 |    12344.000 |   1234.400 |
|     7 |   0 |    7 |   0 |   0 |   0 | GET    | /api/isu/b4d72cf9-b28b-4552-b764-7f369950a2ab       | 0.004 | 0.108 |   0.268 | 0.038 | 0.108 | 0.108 | 0.108 |  0.039 |    130.000 |    130.000 |      910.000 |    130.000 |
|     6 |   0 |    4 |   0 |   2 |   0 | GET    | /api/isu/57f8d8eb-dc73-41e7-ba6d-3cbf65d488df       | 0.044 | 0.148 |   0.268 | 0.045 | 0.148 | 0.148 | 0.148 |  0.049 |     14.000 |    130.000 |      555.000 |     92.500 |
|   170 |   0 |   88 |  82 |   0 |   0 | GET    | /assets/favicon.d0f5f504.svg                        | 0.004 | 0.008 |   0.264 | 0.002 | 0.004 | 0.004 | 0.008 |  0.002 |    592.000 |    592.000 |    52096.000 |    306.447 |
|     6 |   0 |    4 |   0 |   2 |   0 | GET    | /api/isu/5e68a83b-5d7d-4468-8509-8c927ea43c09       | 0.192 | 0.192 |   0.248 | 0.041 | 0.192 | 0.192 | 0.192 |  0.068 |     14.000 |    136.000 |      579.000 |     96.500 |
|   170 |   0 |   88 |  82 |   0 |   0 | GET    | /assets/index.23dac98b.js                           | 0.004 | 0.012 |   0.244 | 0.001 | 0.004 | 0.004 | 0.008 |  0.002 |  26667.000 |  26667.000 |  2346696.000 |  13804.094 |
|     4 |   0 |    4 |   0 |   0 |   0 | GET    | /api/isu/e2772426-0694-4d99-8a98-3a2612e84d12       | 0.008 | 0.164 |   0.228 | 0.057 | 0.164 | 0.164 | 0.164 |  0.062 |    133.000 |    133.000 |      532.000 |    133.000 |
|    10 |   0 |    0 |   0 |  10 |   0 | GET    | /api/isu/3af9b2b1-0111-4add-ab0c-5e122896bcda       | 0.100 | 0.100 |   0.228 | 0.023 | 0.068 | 0.100 | 0.100 |  0.034 |     14.000 |     21.000 |      175.000 |     17.500 |
|    10 |   0 |   10 |   0 |   0 |   0 | GET    | /api/isu/d5d6184c-3514-4d86-bd74-1e922d84e3cc       | 0.008 | 0.076 |   0.220 | 0.022 | 0.040 | 0.076 | 0.076 |  0.021 |    148.000 |    148.000 |     1480.000 |    148.000 |
|   170 |   0 |   88 |  82 |   0 |   0 | GET    | /assets/index.144d8ca8.css                          | 0.000 | 0.008 |   0.208 | 0.001 | 0.004 | 0.004 | 0.008 |  0.002 |  19066.000 |  19066.000 |  1677808.000 |   9869.459 |
|     6 |   0 |    0 |   0 |   6 |   0 | GET    | /api/condition/0b675a72-c8fd-4c21-b87b-eefc1d5df5e4 | 0.152 | 0.152 |   0.208 | 0.035 | 0.152 | 0.152 | 0.152 |  0.054 |     14.000 |     24.000 |      121.000 |     20.167 |
|     9 |   0 |    7 |   0 |   2 |   0 | GET    | /api/isu/66ad5d34-db2d-4df0-b8c2-dffe2276376e       | 0.012 | 0.056 |   0.208 | 0.023 | 0.056 | 0.056 | 0.056 |  0.019 |     14.000 |    130.000 |      945.000 |    105.000 |
|     6 |   0 |    2 |   0 |   4 |   0 | GET    | /api/isu/8469e6f6-0d29-4052-87cf-dd9bfde45014/graph | 0.012 | 0.156 |   0.204 | 0.034 | 0.156 | 0.156 | 0.156 |  0.055 |     14.000 |   6853.000 |    12222.000 |   2037.000 |
|     7 |   0 |    7 |   0 |   0 |   0 | GET    | /api/isu/b713b8eb-b7fc-450b-baae-9b3266398397       | 0.004 | 0.056 |   0.200 | 0.029 | 0.056 | 0.056 | 0.056 |  0.019 |    136.000 |    136.000 |      952.000 |    136.000 |
|     6 |   0 |    6 |   0 |   0 |   0 | GET    | /api/isu/5f50fde3-c2b5-41a4-b9d4-9e99c254f980       | 0.004 | 0.076 |   0.200 | 0.033 | 0.076 | 0.076 | 0.076 |  0.022 |    130.000 |    130.000 |      780.000 |    130.000 |
|    10 |   0 |   10 |   0 |   0 |   0 | GET    | /api/isu/2aafd871-4f05-48c7-918f-880b02620e43       | 0.004 | 0.060 |   0.200 | 0.020 | 0.040 | 0.060 | 0.060 |  0.018 |    130.000 |    130.000 |     1300.000 |    130.000 |
|    12 |   0 |    4 |   0 |   8 |   0 | GET    | /api/isu/d7a1aa5e-f486-4e96-aa22-ff2bb1389564       | 0.092 | 0.092 |   0.196 | 0.016 | 0.032 | 0.092 | 0.092 |  0.025 |     14.000 |    133.000 |      672.000 |     56.000 |
|     9 |   0 |    7 |   0 |   2 |   0 | GET    | /api/isu/24b1053c-1068-4abd-be33-0e6b9c8cd025       | 0.008 | 0.104 |   0.196 | 0.022 | 0.104 | 0.104 | 0.104 |  0.030 |     14.000 |    136.000 |      987.000 |    109.667 |
|   203 |   0 |  153 |  50 |   0 |   0 | GET    | /                                                   | 0.000 | 0.008 |   0.192 | 0.001 | 0.004 | 0.004 | 0.008 |  0.002 |    528.000 |    528.000 |    80784.000 |    397.951 |
|     4 |   0 |    4 |   0 |   0 |   0 | GET    | /api/isu/df831cb9-70ef-4d81-8678-60c7b5362daa       | 0.008 | 0.144 |   0.188 | 0.047 | 0.144 | 0.144 | 0.144 |  0.056 |    136.000 |    136.000 |      544.000 |    136.000 |
|     7 |   0 |    7 |   0 |   0 |   0 | GET    | /api/isu/64df917b-846c-4323-9d92-1daffcc6bf49       | 0.004 | 0.116 |   0.184 | 0.026 | 0.116 | 0.116 | 0.116 |  0.037 |    136.000 |    136.000 |      952.000 |    136.000 |
|     7 |   0 |    7 |   0 |   0 |   0 | GET    | /api/isu/fa1249d7-6985-4136-ab0e-458c00d49507       | 0.004 | 0.060 |   0.180 | 0.026 | 0.060 | 0.060 | 0.060 |  0.020 |    130.000 |    130.000 |      910.000 |    130.000 |
|     5 |   0 |    5 |   0 |   0 |   0 | GET    | /api/isu/5b3d15ef-c60f-40a3-8c94-33be5e0a5841       | 0.004 | 0.116 |   0.176 | 0.035 | 0.116 | 0.116 | 0.116 |  0.041 |    145.000 |    145.000 |      725.000 |    145.000 |
|     4 |   0 |    0 |   0 |   4 |   0 | GET    | /api/isu/2fbbb42f-287a-40f7-8432-ea1d8dd9afd6/graph | 0.020 | 0.112 |   0.176 | 0.044 | 0.112 | 0.112 | 0.112 |  0.042 |     14.000 |     21.000 |       72.000 |     18.000 |
|     3 |   0 |    3 |   0 |   0 |   0 | GET    | /api/isu/e4c86e25-a649-4a2d-bf2b-95b9bf3ca13f/graph | 0.040 | 0.084 |   0.168 | 0.056 | 0.084 | 0.084 | 0.084 |  0.020 |   4542.000 |   5365.000 |    15117.000 |   5039.000 |
|    10 |   0 |    2 |   0 |   8 |   0 | GET    | /api/isu/65eafecf-d948-43ff-b0f8-e9be7b46e2f6/graph | 0.004 | 0.036 |   0.168 | 0.017 | 0.036 | 0.036 | 0.036 |  0.014 |     14.000 |   4043.000 |     7552.000 |    755.200 |
|     9 |   0 |    3 |   0 |   6 |   0 | GET    | /api/condition/8fb74e6e-4f8d-4a33-9862-dbcdc0712c7e | 0.008 | 0.088 |   0.164 | 0.018 | 0.088 | 0.088 | 0.088 |  0.026 |     14.000 |   6127.000 |     7764.000 |    862.667 |
|     9 |   0 |    7 |   0 |   2 |   0 | GET    | /api/isu/5ce5e267-9966-40b1-80b3-bd265e904315       | 0.024 | 0.048 |   0.160 | 0.018 | 0.048 | 0.048 | 0.048 |  0.015 |     14.000 |    151.000 |     1092.000 |    121.333 |
|   170 |   0 |   88 |  82 |   0 |   0 | GET    | /assets/logo_white.svg                              | 0.004 | 0.016 |   0.156 | 0.001 | 0.004 | 0.004 | 0.004 |  0.002 |   3285.000 |   3285.000 |   289080.000 |   1700.471 |
|     6 |   0 |    4 |   0 |   2 |   0 | GET    | /api/isu/f82b8bcf-e85a-4574-aa79-49581a6acc07       | 0.088 | 0.088 |   0.156 | 0.026 | 0.088 | 0.088 | 0.088 |  0.029 |     14.000 |    142.000 |      603.000 |    100.500 |
|     4 |   0 |    4 |   0 |   0 |   0 | GET    | /api/isu/ee526acb-6b72-40a4-9ec8-049f925c1cdd       | 0.004 | 0.076 |   0.152 | 0.038 | 0.076 | 0.076 | 0.076 |  0.029 |    133.000 |    133.000 |      532.000 |    133.000 |
|     9 |   0 |    7 |   0 |   2 |   0 | GET    | /api/isu/162d294b-5ad7-4a7f-9a80-667b64b4d41d       | 0.008 | 0.040 |   0.144 | 0.016 | 0.040 | 0.040 | 0.040 |  0.011 |     14.000 |    139.000 |     1008.000 |    112.000 |
|     8 |   0 |    2 |   0 |   6 |   0 | GET    | /api/isu/c648b087-fe00-4ea2-a524-b2e80555893f/icon  | 0.060 | 0.060 |   0.140 | 0.018 | 0.060 | 0.060 | 0.060 |  0.024 |     14.000 |  20376.000 |    40857.000 |   5107.125 |
|     4 |   0 |    0 |   0 |   4 |   0 | GET    | /api/isu/0634a999-5f5b-4e8b-bee6-f95d622954a4/icon  | 0.004 | 0.084 |   0.140 | 0.035 | 0.084 | 0.084 | 0.084 |  0.035 |     14.000 |     21.000 |       70.000 |     17.500 |
|     7 |   0 |    7 |   0 |   0 |   0 | GET    | /api/isu/85430b19-4dbc-467d-afea-68996390f246       | 0.004 | 0.060 |   0.136 | 0.019 | 0.060 | 0.060 | 0.060 |  0.022 |    136.000 |    136.000 |      952.000 |    136.000 |
|     6 |   0 |    0 |   0 |   6 |   0 | GET    | /api/condition/ea78c8f4-3b61-4f59-a5e3-2be4d5cc9d00 | 0.080 | 0.080 |   0.132 | 0.022 | 0.080 | 0.080 | 0.080 |  0.028 |     14.000 |     24.000 |      121.000 |     20.167 |
|     6 |   0 |    2 |   0 |   4 |   0 | GET    | /api/isu/ee526acb-6b72-40a4-9ec8-049f925c1cdd/graph | 0.008 | 0.060 |   0.128 | 0.021 | 0.060 | 0.060 | 0.060 |  0.020 |     14.000 |   4851.000 |     7614.000 |   1269.000 |
|    92 |   0 |   87 |   5 |   0 |   0 | GET    | /assets/logo_orange.svg                             | 0.004 | 0.016 |   0.124 | 0.001 | 0.004 | 0.004 | 0.016 |  0.002 |   3288.000 |   3288.000 |   286056.000 |   3109.304 |
|     3 |   0 |    3 |   0 |   0 |   0 | GET    | /api/isu/d7a1aa5e-f486-4e96-aa22-ff2bb1389564/graph | 0.036 | 0.044 |   0.120 | 0.040 | 0.044 | 0.044 | 0.044 |  0.003 |   4045.000 |   5891.000 |    15167.000 |   5055.667 |
|     4 |   0 |    0 |   0 |   4 |   0 | GET    | /api/isu/c0a0b8b0-23da-4394-ac77-64685821ca38/graph | 0.004 | 0.080 |   0.120 | 0.030 | 0.080 | 0.080 | 0.080 |  0.032 |     14.000 |     21.000 |       72.000 |     18.000 |
|     4 |   0 |    0 |   0 |   4 |   0 | GET    | /api/isu/0634a999-5f5b-4e8b-bee6-f95d622954a4/graph | 0.020 | 0.060 |   0.120 | 0.030 | 0.060 | 0.060 | 0.060 |  0.022 |     14.000 |     21.000 |       72.000 |     18.000 |
|     2 |   0 |    2 |   0 |   0 |   0 | GET    | /api/isu/bf880328-6afa-4c37-8450-0d0a2d1f950c/graph | 0.032 | 0.084 |   0.116 | 0.058 | 0.084 | 0.084 | 0.084 |  0.026 |   3695.000 |   5035.000 |     8730.000 |   4365.000 |
|     7 |   0 |    7 |   0 |   0 |   0 | GET    | /api/isu/2eb67818-e384-45d8-b8d5-9872cd07d64d       | 0.004 | 0.048 |   0.116 | 0.017 | 0.048 | 0.048 | 0.048 |  0.013 |    157.000 |    157.000 |     1099.000 |    157.000 |
|     6 |   0 |    2 |   0 |   4 |   0 | GET    | /api/isu/5e68a83b-5d7d-4468-8509-8c927ea43c09/graph | 0.004 | 0.084 |   0.116 | 0.019 | 0.084 | 0.084 | 0.084 |  0.030 |     14.000 |   5698.000 |     8461.000 |   1410.167 |
|     4 |   0 |    4 |   0 |   0 |   0 | GET    | /api/isu/65eafecf-d948-43ff-b0f8-e9be7b46e2f6       | 0.008 | 0.072 |   0.116 | 0.029 | 0.072 | 0.072 | 0.072 |  0.026 |    142.000 |    142.000 |      568.000 |    142.000 |
|     3 |   0 |    1 |   0 |   2 |   0 | GET    | /api/isu/f29fe3af-aae2-4962-aea8-8c61058f7899       | 0.104 | 0.104 |   0.108 | 0.036 | 0.104 | 0.104 | 0.104 |  0.048 |     14.000 |    133.000 |      168.000 |     56.000 |
|     4 |   0 |    4 |   0 |   0 |   0 | GET    | /api/isu/bf880328-6afa-4c37-8450-0d0a2d1f950c       | 0.020 | 0.052 |   0.100 | 0.025 | 0.052 | 0.052 | 0.052 |  0.019 |    142.000 |    142.000 |      568.000 |    142.000 |
|     3 |   0 |    3 |   0 |   0 |   0 | GET    | /api/isu/f82b8bcf-e85a-4574-aa79-49581a6acc07/graph | 0.008 | 0.056 |   0.096 | 0.032 | 0.056 | 0.056 | 0.056 |  0.020 |   3359.000 |   5543.000 |    13597.000 |   4532.333 |
|     4 |   0 |    4 |   0 |   0 |   0 | GET    | /api/isu/085d0dcf-1053-402c-b872-b2fee7c33d92       | 0.004 | 0.052 |   0.092 | 0.023 | 0.052 | 0.052 | 0.052 |  0.018 |    142.000 |    142.000 |      568.000 |    142.000 |
|     7 |   0 |    1 |   0 |   6 |   0 | GET    | /api/isu/c648b087-fe00-4ea2-a524-b2e80555893f       | 0.052 | 0.052 |   0.092 | 0.013 | 0.052 | 0.052 | 0.052 |  0.018 |     14.000 |    142.000 |      247.000 |     35.286 |
|     6 |   0 |    0 |   0 |   6 |   0 | GET    | /api/isu/c39e23ec-1681-4251-bd08-d082b882a74b       | 0.040 | 0.048 |   0.092 | 0.015 | 0.048 | 0.048 | 0.048 |  0.020 |     14.000 |     21.000 |      105.000 |     17.500 |
|     4 |   0 |    4 |   0 |   0 |   0 | GET    | /api/isu/ab681f55-c744-4192-addc-5abc31f531d4       | 0.004 | 0.040 |   0.088 | 0.022 | 0.040 | 0.040 | 0.040 |  0.015 |    133.000 |    133.000 |      532.000 |    133.000 |
|     6 |   0 |    0 |   0 |   6 |   0 | GET    | /api/condition/6278f71d-a338-4c5d-8fd9-12ece77add5b | 0.004 | 0.040 |   0.084 | 0.014 | 0.040 | 0.040 | 0.040 |  0.013 |     14.000 |     24.000 |      121.000 |     20.167 |
|     4 |   0 |    4 |   0 |   0 |   0 | GET    | /api/isu/011b69ba-e81e-4b26-af2f-a79fdf68ee57       | 0.004 | 0.044 |   0.084 | 0.021 | 0.044 | 0.044 | 0.044 |  0.015 |    142.000 |    142.000 |      568.000 |    142.000 |
|     6 |   0 |    4 |   0 |   2 |   0 | GET    | /api/isu/0d3d7d5c-c607-4562-849a-03d9e812f060       | 0.008 | 0.024 |   0.080 | 0.013 | 0.024 | 0.024 | 0.024 |  0.009 |     14.000 |    130.000 |      555.000 |     92.500 |
|     4 |   0 |    0 |   0 |   4 |   0 | GET    | /api/isu/b14b8bad-6b89-4997-95de-27e85ed058f8/graph | 0.048 | 0.048 |   0.080 | 0.020 | 0.048 | 0.048 | 0.048 |  0.019 |     14.000 |     21.000 |       72.000 |     18.000 |
|     4 |   0 |    4 |   0 |   0 |   0 | GET    | /api/isu/e4c86e25-a649-4a2d-bf2b-95b9bf3ca13f       | 0.004 | 0.040 |   0.080 | 0.020 | 0.040 | 0.040 | 0.040 |  0.015 |    130.000 |    130.000 |      520.000 |    130.000 |
|     2 |   0 |    2 |   0 |   0 |   0 | GET    | /api/isu/5b3d15ef-c60f-40a3-8c94-33be5e0a5841/graph | 0.028 | 0.040 |   0.068 | 0.034 | 0.040 | 0.040 | 0.040 |  0.006 |   5054.000 |   7005.000 |    12059.000 |   6029.500 |
|     6 |   0 |    2 |   0 |   4 |   0 | GET    | /api/isu/b82dcff4-8fae-4773-9956-22ab354adb7e/graph | 0.008 | 0.040 |   0.068 | 0.011 | 0.040 | 0.040 | 0.040 |  0.013 |     14.000 |   6875.000 |    12244.000 |   2040.667 |
|     4 |   0 |    2 |   0 |   2 |   0 | GET    | /api/isu/ef3f6394-ad22-41b8-946f-cb9d4c871230/icon  | 0.060 | 0.060 |   0.060 | 0.015 | 0.060 | 0.060 | 0.060 |  0.026 |     14.000 |   6969.000 |    13973.000 |   3493.250 |
|     4 |   0 |    4 |   0 |   0 |   0 | GET    | /api/isu/eb94fbcd-bb11-4576-82d0-3cf1b1ff78b7       | 0.004 | 0.020 |   0.056 | 0.014 | 0.020 | 0.020 | 0.020 |  0.007 |    136.000 |    136.000 |      544.000 |    136.000 |
|     2 |   0 |    2 |   0 |   0 |   0 | GET    | /api/isu/5f50fde3-c2b5-41a4-b9d4-9e99c254f980/graph | 0.024 | 0.032 |   0.056 | 0.028 | 0.032 | 0.032 | 0.032 |  0.004 |   2691.000 |   4212.000 |     6903.000 |   3451.500 |
|     6 |   0 |    0 |   0 |   6 |   0 | GET    | /api/condition/d5226f7b-3c7b-477e-ba8b-3cc7a4012e9d | 0.004 | 0.024 |   0.052 | 0.009 | 0.024 | 0.024 | 0.024 |  0.008 |     14.000 |     24.000 |      121.000 |     20.167 |
|     4 |   0 |    4 |   0 |   0 |   0 | GET    | /api/isu/58faace1-1353-4f71-981a-bd58caeda3fa       | 0.004 | 0.020 |   0.040 | 0.010 | 0.020 | 0.020 | 0.020 |  0.007 |    142.000 |    142.000 |      568.000 |    142.000 |
|     4 |   0 |    2 |   0 |   2 |   0 | GET    | /api/isu/ef3f6394-ad22-41b8-946f-cb9d4c871230       | 0.028 | 0.028 |   0.036 | 0.009 | 0.028 | 0.028 | 0.028 |  0.011 |     14.000 |    133.000 |      301.000 |     75.250 |
|     4 |   0 |    2 |   0 |   2 |   0 | GET    | /api/isu/15063e10-26fc-4dac-ae3a-1f195e0c6c4a/icon  | 0.024 | 0.024 |   0.028 | 0.007 | 0.024 | 0.024 | 0.024 |  0.010 |     14.000 |   9453.000 |    18941.000 |   4735.250 |
|     2 |   0 |    0 |   0 |   2 |   0 | GET    | /api/isu/7d195770-8d14-4c79-946e-d7a313d3cabd/icon  | 0.020 | 0.020 |   0.020 | 0.010 | 0.020 | 0.020 | 0.020 |  0.010 |     14.000 |     21.000 |       35.000 |     17.500 |
|     2 |   0 |    0 |   0 |   2 |   0 | GET    | /api/isu/c39e23ec-1681-4251-bd08-d082b882a74b/icon  | 0.016 | 0.016 |   0.016 | 0.008 | 0.016 | 0.016 | 0.016 |  0.008 |     14.000 |     21.000 |       35.000 |     17.500 |
|     9 |   0 |    3 |   0 |   6 |   0 | GET    | /api/condition/eb104b95-3532-4828-8550-89da717b9667 | 0.000 | 0.004 |   0.012 | 0.001 | 0.004 | 0.004 | 0.004 |  0.002 |      3.000 |   6176.000 |     9066.000 |   1007.333 |
|     3 |   0 |    3 |   0 |   0 |   0 | GET    | /api/condition/8469e6f6-0d29-4052-87cf-dd9bfde45014 | 0.004 | 0.004 |   0.008 | 0.003 | 0.004 | 0.004 | 0.004 |  0.002 |      3.000 |   6382.000 |     6700.000 |   2233.333 |
|     6 |   0 |    2 |   0 |   4 |   0 | GET    | /api/isu/8fb74e6e-4f8d-4a33-9862-dbcdc0712c7e/graph | 0.000 | 0.004 |   0.008 | 0.001 | 0.004 | 0.004 | 0.004 |  0.002 |     14.000 |   6875.000 |    12245.000 |   2040.833 |
|     2 |   0 |    2 |   0 |   0 |   0 | GET    | /api/isu/15063e10-26fc-4dac-ae3a-1f195e0c6c4a/graph | 0.004 | 0.004 |   0.008 | 0.004 | 0.004 | 0.004 | 0.004 |  0.000 |   5306.000 |   6866.000 |    12172.000 |   6086.000 |
|     2 |   0 |    2 |   0 |   0 |   0 | GET    | /api/isu/eb104b95-3532-4828-8550-89da717b9667/graph | 0.004 | 0.004 |   0.008 | 0.004 | 0.004 | 0.004 | 0.004 |  0.000 |   5295.000 |   6841.000 |    12136.000 |   6068.000 |
|     3 |   0 |    3 |   0 |   0 |   0 | GET    | /api/condition/b82dcff4-8fae-4773-9956-22ab354adb7e | 0.004 | 0.004 |   0.008 | 0.003 | 0.004 | 0.004 | 0.004 |  0.002 |      3.000 |   6191.000 |     7751.000 |   2583.667 |
|     3 |   0 |    3 |   0 |   0 |   0 | GET    | /api/condition/15063e10-26fc-4dac-ae3a-1f195e0c6c4a | 0.004 | 0.004 |   0.004 | 0.001 | 0.004 | 0.004 | 0.004 |  0.002 |      3.000 |   6373.000 |     7646.000 |   2548.667 |
|     1 |   0 |    1 |   0 |   0 |   0 | GET    | /api/isu/8469e6f6-0d29-4052-87cf-dd9bfde45014       | 0.004 | 0.004 |   0.004 | 0.004 | 0.004 | 0.004 | 0.004 |  0.000 |    144.000 |    144.000 |      144.000 |    144.000 |
|     1 |   0 |    1 |   0 |   0 |   0 | GET    | /api/isu/eb104b95-3532-4828-8550-89da717b9667       | 0.004 | 0.004 |   0.004 | 0.004 | 0.004 | 0.004 | 0.004 |  0.000 |    138.000 |    138.000 |      138.000 |    138.000 |
|     2 |   0 |    2 |   0 |   0 |   0 | GET    | /api/isu/8469e6f6-0d29-4052-87cf-dd9bfde45014/icon  | 0.004 | 0.004 |   0.004 | 0.002 | 0.004 | 0.004 | 0.004 |  0.002 |  20872.000 |  20872.000 |    41744.000 |  20872.000 |
|     3 |   0 |    1 |   0 |   2 |   0 | GET    | /api/isu/8fb74e6e-4f8d-4a33-9862-dbcdc0712c7e       | 0.000 | 0.004 |   0.004 | 0.001 | 0.004 | 0.004 | 0.004 |  0.002 |     14.000 |    132.000 |      167.000 |     55.667 |
|     2 |   0 |    2 |   0 |   0 |   0 | GET    | /api/isu/8fb74e6e-4f8d-4a33-9862-dbcdc0712c7e/icon  | 0.004 | 0.004 |   0.004 | 0.002 | 0.004 | 0.004 | 0.004 |  0.002 |  14566.000 |  14566.000 |    29132.000 |  14566.000 |
|     3 |   0 |    1 |   2 |   0 |   0 | GET    | /isu/8fb74e6e-4f8d-4a33-9862-dbcdc0712c7e/condition | 0.004 | 0.004 |   0.004 | 0.001 | 0.004 | 0.004 | 0.004 |  0.002 |      0.000 |    528.000 |      528.000 |    176.000 |
|     3 |   0 |    1 |   2 |   0 |   0 | GET    | /isu/b82dcff4-8fae-4773-9956-22ab354adb7e/condition | 0.004 | 0.004 |   0.004 | 0.001 | 0.004 | 0.004 | 0.004 |  0.002 |      0.000 |    528.000 |      528.000 |    176.000 |
|     2 |   0 |    2 |   0 |   0 |   0 | GET    | /api/isu/460ac8d9-fa5d-40e3-b11a-c2b9a6044a3d/icon  | 0.000 | 0.004 |   0.004 | 0.002 | 0.004 | 0.004 | 0.004 |  0.002 |  11209.000 |  11209.000 |    22418.000 |  11209.000 |
|     2 |   0 |    2 |   0 |   0 |   0 | GET    | /api/isu/eb104b95-3532-4828-8550-89da717b9667/icon  | 0.004 | 0.004 |   0.004 | 0.002 | 0.004 | 0.004 | 0.004 |  0.002 |  11209.000 |  11209.000 |    22418.000 |  11209.000 |
|     1 |   0 |    1 |   0 |   0 |   0 | GET    | /api/isu/15063e10-26fc-4dac-ae3a-1f195e0c6c4a       | 0.004 | 0.004 |   0.004 | 0.004 | 0.004 | 0.004 | 0.004 |  0.000 |    141.000 |    141.000 |      141.000 |    141.000 |
|     3 |   0 |    1 |   2 |   0 |   0 | GET    | /isu/c648b087-fe00-4ea2-a524-b2e80555893f/condition | 0.004 | 0.004 |   0.004 | 0.001 | 0.004 | 0.004 | 0.004 |  0.002 |      0.000 |    528.000 |      528.000 |    176.000 |
|     1 |   0 |    1 |   0 |   0 |   0 | GET    | /isu/8fb74e6e-4f8d-4a33-9862-dbcdc0712c7e           | 0.000 | 0.000 |   0.000 | 0.000 | 0.000 | 0.000 | 0.000 |  0.000 |    528.000 |    528.000 |      528.000 |    528.000 |
|     1 |   0 |    1 |   0 |   0 |   0 | GET    | /isu/8469e6f6-0d29-4052-87cf-dd9bfde45014           | 0.000 | 0.000 |   0.000 | 0.000 | 0.000 | 0.000 | 0.000 |  0.000 |    528.000 |    528.000 |      528.000 |    528.000 |
|     1 |   0 |    1 |   0 |   0 |   0 | GET    | /isu/eb104b95-3532-4828-8550-89da717b9667/graph     | 0.000 | 0.000 |   0.000 | 0.000 | 0.000 | 0.000 | 0.000 |  0.000 |    528.000 |    528.000 |      528.000 |    528.000 |
|     1 |   0 |    1 |   0 |   0 |   0 | GET    | /isu/15063e10-26fc-4dac-ae3a-1f195e0c6c4a/graph     | 0.000 | 0.000 |   0.000 | 0.000 | 0.000 | 0.000 | 0.000 |  0.000 |    528.000 |    528.000 |      528.000 |    528.000 |
|     3 |   0 |    1 |   2 |   0 |   0 | GET    | /isu/15063e10-26fc-4dac-ae3a-1f195e0c6c4a/condition | 0.000 | 0.000 |   0.000 | 0.000 | 0.000 | 0.000 | 0.000 |  0.000 |      0.000 |    528.000 |      528.000 |    176.000 |
|     1 |   0 |    1 |   0 |   0 |   0 | GET    | /isu/eb104b95-3532-4828-8550-89da717b9667           | 0.000 | 0.000 |   0.000 | 0.000 | 0.000 | 0.000 | 0.000 |  0.000 |    528.000 |    528.000 |      528.000 |    528.000 |
|     1 |   0 |    1 |   0 |   0 |   0 | GET    | /isu/8469e6f6-0d29-4052-87cf-dd9bfde45014/graph     | 0.000 | 0.000 |   0.000 | 0.000 | 0.000 | 0.000 | 0.000 |  0.000 |    528.000 |    528.000 |      528.000 |    528.000 |
|     1 |   0 |    1 |   0 |   0 |   0 | GET    | /api/isu/b82dcff4-8fae-4773-9956-22ab354adb7e       | 0.000 | 0.000 |   0.000 | 0.000 | 0.000 | 0.000 | 0.000 |  0.000 |    136.000 |    136.000 |      136.000 |    136.000 |
|     3 |   0 |    1 |   2 |   0 |   0 | GET    | /isu/8469e6f6-0d29-4052-87cf-dd9bfde45014/condition | 0.000 | 0.000 |   0.000 | 0.000 | 0.000 | 0.000 | 0.000 |  0.000 |      0.000 |    528.000 |      528.000 |    176.000 |
|     1 |   0 |    1 |   0 |   0 |   0 | GET    | /isu/15063e10-26fc-4dac-ae3a-1f195e0c6c4a           | 0.000 | 0.000 |   0.000 | 0.000 | 0.000 | 0.000 | 0.000 |  0.000 |    528.000 |    528.000 |      528.000 |    528.000 |
|     1 |   0 |    1 |   0 |   0 |   0 | GET    | /isu/8fb74e6e-4f8d-4a33-9862-dbcdc0712c7e/graph     | 0.000 | 0.000 |   0.000 | 0.000 | 0.000 | 0.000 | 0.000 |  0.000 |    528.000 |    528.000 |      528.000 |    528.000 |
|     1 |   0 |    1 |   0 |   0 |   0 | GET    | /api/isu/f29fe3af-aae2-4962-aea8-8c61058f7899/icon  | 0.000 | 0.000 |   0.000 | 0.000 | 0.000 | 0.000 | 0.000 |  0.000 |   7994.000 |   7994.000 |     7994.000 |   7994.000 |
|     1 |   0 |    1 |   0 |   0 |   0 | GET    | /isu/b82dcff4-8fae-4773-9956-22ab354adb7e           | 0.000 | 0.000 |   0.000 | 0.000 | 0.000 | 0.000 | 0.000 |  0.000 |    528.000 |    528.000 |      528.000 |    528.000 |
|     4 |   0 |    2 |   0 |   2 |   0 | GET    | /api/isu/b82dcff4-8fae-4773-9956-22ab354adb7e/icon  | 0.000 | 0.000 |   0.000 | 0.000 | 0.000 | 0.000 | 0.000 |  0.000 |     14.000 |   7994.000 |    16023.000 |   4005.750 |
|     1 |   0 |    1 |   0 |   0 |   0 | GET    | /isu/b82dcff4-8fae-4773-9956-22ab354adb7e/graph     | 0.000 | 0.000 |   0.000 | 0.000 | 0.000 | 0.000 | 0.000 |  0.000 |    528.000 |    528.000 |      528.000 |    528.000 |
|     1 |   0 |    1 |   0 |   0 |   0 | GET    | /isu/c648b087-fe00-4ea2-a524-b2e80555893f           | 0.000 | 0.000 |   0.000 | 0.000 | 0.000 | 0.000 | 0.000 |  0.000 |    528.000 |    528.000 |      528.000 |    528.000 |
|     1 |   0 |    1 |   0 |   0 |   0 | GET    | /isu/c648b087-fe00-4ea2-a524-b2e80555893f/graph     | 0.000 | 0.000 |   0.000 | 0.000 | 0.000 | 0.000 | 0.000 |  0.000 |    528.000 |    528.000 |      528.000 |    528.000 |
|     2 |   0 |    2 |   0 |   0 |   0 | GET    | /api/isu/460ac8d9-fa5d-40e3-b11a-c2b9a6044a3d       | 0.000 | 0.000 |   0.000 | 0.000 | 0.000 | 0.000 | 0.000 |  0.000 |    133.000 |    133.000 |      266.000 |    133.000 |
|     3 |   0 |    1 |   2 |   0 |   0 | GET    | /register                                           | 0.000 | 0.000 |   0.000 | 0.000 | 0.000 | 0.000 | 0.000 |  0.000 |      0.000 |    528.000 |      528.000 |    176.000 |
|     3 |   0 |    1 |   2 |   0 |   0 | GET    | /isu/eb104b95-3532-4828-8550-89da717b9667/condition | 0.000 | 0.000 |   0.000 | 0.000 | 0.000 | 0.000 | 0.000 |  0.000 |      0.000 |    528.000 |      528.000 |    176.000 |
+-------+-----+------+-----+-----+-----+--------+-----------------------------------------------------+-------+-------+---------+-------+-------+-------+-------+--------+------------+------------+--------------+------------+
