
# 130ms user time, 0 system time, 30.40M rss, 37.38M vsz
# Current date: Mon Jul 18 09:45:40 2022
# Hostname: ip-192-168-0-11
# Files: /var/log/mysql/mysql-slow.log
# Overall: 59 total, 31 unique, 14.75 QPS, 0.00x concurrency _____________
# Time range: 2022-07-18 09:43:51 to 09:43:55
# Attribute          total     min     max     avg     95%  stddev  median
# ============     ======= ======= ======= ======= ======= ======= =======
# Exec time            5ms       0     1ms    88us   176us   158us    64us
# Lock time            3ms       0   146us    45us   131us    52us       0
# Rows sent             27       0      25    0.46       0    3.21       0
# Rows examine          38       0      35    0.64       0    4.51       0
# Rows affecte          25       0       1    0.42    0.99    0.49       0
# Bytes sent         2.23k       0   1.63k   38.64   10.84  214.02   10.84
# Query size         2.53k      10     270   43.93   65.89   32.24   26.08

# Profile
# Rank Query ID                         Response time Calls R/Call V/M   I
# ==== ================================ ============= ===== ====== ===== =
#    1 0xA0B014EF6109CC5B6EFD41F1969...  0.0011 20.7%     1 0.0011  0.00 SELECT information_schema.TABLES
#    2 0xE77769C62EF669AA7DD5F6760F2...  0.0006 10.8%     1 0.0006  0.00 SHOW VARIABLES
#    3 0xAD2241013767B7FD2DB9FB7816A...  0.0002  4.7%     1 0.0002  0.00 SELECT mysql.user
#    4 0xCF687630FB22BAB8B86E2178F4A...  0.0002  3.5%     1 0.0002  0.00 SELECT mysql.time_zone_leap_second
#    5 0xB8CA39C07A84A6C75886C8E91DB...  0.0002  3.3%     1 0.0002  0.00 SELECT mysql.proc
#    6 0xCEC637FA6FCA55A41E3FF025002...  0.0002  3.3%     1 0.0002  0.00 SELECT mysql.help_keyword
#    7 0x3C7895E431BD9E14ABFB4842178...  0.0002  3.2%     1 0.0002  0.00 SELECT mysql.func
#    8 0x934CDDF65D56A94DD3A29FEF06F...  0.0002  3.2%     1 0.0002  0.00 SELECT mysql.time_zone_name
#    9 0xCB4B6BA217338255240BD39831F...  0.0002  3.1%     1 0.0002  0.00 SELECT mysql.table_stats
#   10 0x8FDF90C12B453C08149834361F6...  0.0002  3.0%     1 0.0002  0.00 SELECT mysql.time_zone
#   11 0x430C98932F75479B40FA5250DE9...  0.0002  3.0%     1 0.0002  0.00 SELECT mysql.help_topic
#   12 0x883BDEF37DA2388DC56C839C6B2...  0.0002  3.0%     1 0.0002  0.00 SELECT mysql.help_relation
#   13 0x58E62C94D134834E54A2AFD79EE...  0.0002  2.9%     1 0.0002  0.00 SELECT mysql.column_stats
#   14 0xA20EED88D40EDE9C36C91AE6407...  0.0001  2.9%     1 0.0001  0.00 SELECT mysql.plugin
#   15 0xA9CAB8D84396F4219B867AD2DA7...  0.0001  2.9%     1 0.0001  0.00 SELECT mysql.time_zone_transition
#   16 0x09F160DEEB00C188D7DC9303A82...  0.0001  2.8%     1 0.0001  0.00 SELECT mysql.time_zone_transition_type
#   17 0x4E5054DB925E80F59091EB4D237...  0.0001  2.8%     1 0.0001  0.00 SELECT mysql.index_stats
#   18 0x3F56802DC9E0039FFAA61F14034...  0.0001  2.6%     1 0.0001  0.00 SELECT mysql.help_category
#   19 0xC0AA9BEC727256417350E56ECC9...  0.0001  1.9%     1 0.0001  0.00 SELECT mysql.procs_priv
#   20 0xD56FA9F1934870761AFFFF5310A...  0.0001  1.8%     1 0.0001  0.00 SELECT mysql.db
# MISC 0xMISC                            0.0008 14.7%    39 0.0000   0.0 <11 ITEMS>

# Query 1: 0 QPS, 0x concurrency, ID 0xA0B014EF6109CC5B6EFD41F196940589 at byte 2340
# This item is included in the report because it matches --limit.
# Scores: V/M = 0.00
# Time range: all events occurred at 2022-07-18 09:43:55
# Attribute    pct   total     min     max     avg     95%  stddev  median
# ============ === ======= ======= ======= ======= ======= ======= =======
# Count          1       1
# Exec time     20     1ms     1ms     1ms     1ms     1ms       0     1ms
# Lock time      4   124us   124us   124us   124us   124us       0   124us
# Rows sent     92      25      25      25      25      25       0      25
# Rows examine  92      35      35      35      35      35       0      35
# Rows affecte   0       0       0       0       0       0       0       0
# Bytes sent    73   1.63k   1.63k   1.63k   1.63k   1.63k       0   1.63k
# Query size    10     270     270     270     270     270       0     270
# String:
# Databases    mysql
# Hosts        localhost
# Users        root
# Query_time distribution
#   1us
#  10us
# 100us
#   1ms  ################################################################
#  10ms
# 100ms
#    1s
#  10s+
# Tables
#    SHOW TABLE STATUS FROM `information_schema` LIKE 'TABLES'\G
#    SHOW CREATE TABLE `information_schema`.`TABLES`\G
# EXPLAIN /*!50100 PARTITIONS*/
select concat('select count(*) into @discard from `',
                    TABLE_SCHEMA, '`.`', TABLE_NAME, '`') 
      from information_schema.TABLES where TABLE_SCHEMA<>'INFORMATION_SCHEMA' and TABLE_SCHEMA<>'PERFORMANCE_SCHEMA' and ( ENGINE='MyISAM' or ENGINE='Aria' )\G

# Query 2: 0 QPS, 0x concurrency, ID 0xE77769C62EF669AA7DD5F6760F2D2EBB at byte 1306
# This item is included in the report because it matches --limit.
# Scores: V/M = 0.00
# Time range: all events occurred at 2022-07-18 09:43:55
# Attribute    pct   total     min     max     avg     95%  stddev  median
# ============ === ======= ======= ======= ======= ======= ======= =======
# Count          1       1
# Exec time     10   565us   565us   565us   565us   565us       0   565us
# Lock time      2    59us    59us    59us    59us    59us       0    59us
# Rows sent      3       1       1       1       1       1       0       1
# Rows examine   2       1       1       1       1       1       0       1
# Rows affecte   0       0       0       0       0       0       0       0
# Bytes sent    11     252     252     252     252     252       0     252
# Query size     1      29      29      29      29      29       0      29
# String:
# Databases    mysql
# Hosts        localhost
# Users        root
# Query_time distribution
#   1us
#  10us
# 100us  ################################################################
#   1ms
#  10ms
# 100ms
#    1s
#  10s+
show variables like 'datadir'\G

# Query 3: 0 QPS, 0x concurrency, ID 0xAD2241013767B7FD2DB9FB7816AA5A1B at byte 1803
# This item is included in the report because it matches --limit.
# Scores: V/M = 0.00
# Time range: all events occurred at 2022-07-18 09:43:55
# Attribute    pct   total     min     max     avg     95%  stddev  median
# ============ === ======= ======= ======= ======= ======= ======= =======
# Count          1       1
# Exec time      4   244us   244us   244us   244us   244us       0   244us
# Lock time      3   101us   101us   101us   101us   101us       0   101us
# Rows sent      3       1       1       1       1       1       0       1
# Rows examine   5       2       2       2       2       2       0       2
# Rows affecte   0       0       0       0       0       0       0       0
# Bytes sent     2      63      63      63      63      63       0      63
# Query size     3      79      79      79      79      79       0      79
# String:
# Databases    mysql
# Hosts        localhost
# Users        root
# Query_time distribution
#   1us
#  10us
# 100us  ################################################################
#   1ms
#  10ms
# 100ms
#    1s
#  10s+
# Tables
#    SHOW TABLE STATUS FROM `mysql` LIKE 'user'\G
#    SHOW CREATE TABLE `mysql`.`user`\G
# EXPLAIN /*!50100 PARTITIONS*/
SELECT count(*) FROM mysql.user WHERE user='root' and password='' and plugin=''\G

# Query 4: 0 QPS, 0x concurrency, ID 0xCF687630FB22BAB8B86E2178F4A42D77 at byte 3074
# This item is included in the report because it matches --limit.
# Scores: V/M = 0.00
# Time range: all events occurred at 2022-07-18 09:43:55
# Attribute    pct   total     min     max     avg     95%  stddev  median
# ============ === ======= ======= ======= ======= ======= ======= =======
# Count          1       1
# Exec time      3   181us   181us   181us   181us   181us       0   181us
# Lock time      5   139us   139us   139us   139us   139us       0   139us
# Rows sent      0       0       0       0       0       0       0       0
# Rows examine   0       0       0       0       0       0       0       0
# Rows affecte   4       1       1       1       1       1       0       1
# Bytes sent     0      11      11      11      11      11       0      11
# Query size     2      66      66      66      66      66       0      66
# String:
# Databases    mysql
# Hosts        localhost
# Users        root
# Query_time distribution
#   1us
#  10us
# 100us  ################################################################
#   1ms
#  10ms
# 100ms
#    1s
#  10s+
# Tables
#    SHOW TABLE STATUS FROM `mysql` LIKE 'time_zone_leap_second'\G
#    SHOW CREATE TABLE `mysql`.`time_zone_leap_second`\G
# EXPLAIN /*!50100 PARTITIONS*/
select count(*) into @discard from `mysql`.`time_zone_leap_second`\G

# Query 5: 0 QPS, 0x concurrency, ID 0xB8CA39C07A84A6C75886C8E91DB96E0C at byte 11860
# This item is included in the report because it matches --limit.
# Scores: V/M = 0.00
# Time range: all events occurred at 2022-07-18 09:43:55
# Attribute    pct   total     min     max     avg     95%  stddev  median
# ============ === ======= ======= ======= ======= ======= ======= =======
# Count          1       1
# Exec time      3   175us   175us   175us   175us   175us       0   175us
# Lock time      5   146us   146us   146us   146us   146us       0   146us
# Rows sent      0       0       0       0       0       0       0       0
# Rows examine   0       0       0       0       0       0       0       0
# Rows affecte   4       1       1       1       1       1       0       1
# Bytes sent     0      11      11      11      11      11       0      11
# Query size     1      49      49      49      49      49       0      49
# String:
# Databases    mysql
# Hosts        localhost
# Users        root
# Query_time distribution
#   1us
#  10us
# 100us  ################################################################
#   1ms
#  10ms
# 100ms
#    1s
#  10s+
# Tables
#    SHOW TABLE STATUS FROM `mysql` LIKE 'proc'\G
#    SHOW CREATE TABLE `mysql`.`proc`\G
# EXPLAIN /*!50100 PARTITIONS*/
select count(*) into @discard from `mysql`.`proc`\G

# Query 6: 0 QPS, 0x concurrency, ID 0xCEC637FA6FCA55A41E3FF025002EC3E9 at byte 4115
# This item is included in the report because it matches --limit.
# Scores: V/M = 0.00
# Time range: all events occurred at 2022-07-18 09:43:55
# Attribute    pct   total     min     max     avg     95%  stddev  median
# ============ === ======= ======= ======= ======= ======= ======= =======
# Count          1       1
# Exec time      3   174us   174us   174us   174us   174us       0   174us
# Lock time      5   136us   136us   136us   136us   136us       0   136us
# Rows sent      0       0       0       0       0       0       0       0
# Rows examine   0       0       0       0       0       0       0       0
# Rows affecte   4       1       1       1       1       1       0       1
# Bytes sent     0      11      11      11      11      11       0      11
# Query size     2      57      57      57      57      57       0      57
# String:
# Databases    mysql
# Hosts        localhost
# Users        root
# Query_time distribution
#   1us
#  10us
# 100us  ################################################################
#   1ms
#  10ms
# 100ms
#    1s
#  10s+
# Tables
#    SHOW TABLE STATUS FROM `mysql` LIKE 'help_keyword'\G
#    SHOW CREATE TABLE `mysql`.`help_keyword`\G
# EXPLAIN /*!50100 PARTITIONS*/
select count(*) into @discard from `mysql`.`help_keyword`\G

# Query 7: 0 QPS, 0x concurrency, ID 0x3C7895E431BD9E14ABFB48421784C84F at byte 14936
# This item is included in the report because it matches --limit.
# Scores: V/M = 0.00
# Time range: all events occurred at 2022-07-18 09:43:55
# Attribute    pct   total     min     max     avg     95%  stddev  median
# ============ === ======= ======= ======= ======= ======= ======= =======
# Count          1       1
# Exec time      3   169us   169us   169us   169us   169us       0   169us
# Lock time      4   133us   133us   133us   133us   133us       0   133us
# Rows sent      0       0       0       0       0       0       0       0
# Rows examine   0       0       0       0       0       0       0       0
# Rows affecte   4       1       1       1       1       1       0       1
# Bytes sent     0      11      11      11      11      11       0      11
# Query size     1      49      49      49      49      49       0      49
# String:
# Databases    mysql
# Hosts        localhost
# Users        root
# Query_time distribution
#   1us
#  10us
# 100us  ################################################################
#   1ms
#  10ms
# 100ms
#    1s
#  10s+
# Tables
#    SHOW TABLE STATUS FROM `mysql` LIKE 'func'\G
#    SHOW CREATE TABLE `mysql`.`func`\G
# EXPLAIN /*!50100 PARTITIONS*/
select count(*) into @discard from `mysql`.`func`\G

# Query 8: 0 QPS, 0x concurrency, ID 0x934CDDF65D56A94DD3A29FEF06FB99A5 at byte 15445
# This item is included in the report because it matches --limit.
# Scores: V/M = 0.00
# Time range: all events occurred at 2022-07-18 09:43:55
# Attribute    pct   total     min     max     avg     95%  stddev  median
# ============ === ======= ======= ======= ======= ======= ======= =======
# Count          1       1
# Exec time      3   165us   165us   165us   165us   165us       0   165us
# Lock time      4   129us   129us   129us   129us   129us       0   129us
# Rows sent      0       0       0       0       0       0       0       0
# Rows examine   0       0       0       0       0       0       0       0
# Rows affecte   4       1       1       1       1       1       0       1
# Bytes sent     0      11      11      11      11      11       0      11
# Query size     2      59      59      59      59      59       0      59
# String:
# Databases    mysql
# Hosts        localhost
# Users        root
# Query_time distribution
#   1us
#  10us
# 100us  ################################################################
#   1ms
#  10ms
# 100ms
#    1s
#  10s+
# Tables
#    SHOW TABLE STATUS FROM `mysql` LIKE 'time_zone_name'\G
#    SHOW CREATE TABLE `mysql`.`time_zone_name`\G
# EXPLAIN /*!50100 PARTITIONS*/
select count(*) into @discard from `mysql`.`time_zone_name`\G

# Query 9: 0 QPS, 0x concurrency, ID 0xCB4B6BA217338255240BD39831FAE642 at byte 7712
# This item is included in the report because it matches --limit.
# Scores: V/M = 0.00
# Time range: all events occurred at 2022-07-18 09:43:55
# Attribute    pct   total     min     max     avg     95%  stddev  median
# ============ === ======= ======= ======= ======= ======= ======= =======
# Count          1       1
# Exec time      3   161us   161us   161us   161us   161us       0   161us
# Lock time      4   127us   127us   127us   127us   127us       0   127us
# Rows sent      0       0       0       0       0       0       0       0
# Rows examine   0       0       0       0       0       0       0       0
# Rows affecte   4       1       1       1       1       1       0       1
# Bytes sent     0      11      11      11      11      11       0      11
# Query size     2      56      56      56      56      56       0      56
# String:
# Databases    mysql
# Hosts        localhost
# Users        root
# Query_time distribution
#   1us
#  10us
# 100us  ################################################################
#   1ms
#  10ms
# 100ms
#    1s
#  10s+
# Tables
#    SHOW TABLE STATUS FROM `mysql` LIKE 'table_stats'\G
#    SHOW CREATE TABLE `mysql`.`table_stats`\G
# EXPLAIN /*!50100 PARTITIONS*/
select count(*) into @discard from `mysql`.`table_stats`\G

# Query 10: 0 QPS, 0x concurrency, ID 0x8FDF90C12B453C08149834361F66175B at byte 12887
# This item is included in the report because it matches --limit.
# Scores: V/M = 0.00
# Time range: all events occurred at 2022-07-18 09:43:55
# Attribute    pct   total     min     max     avg     95%  stddev  median
# ============ === ======= ======= ======= ======= ======= ======= =======
# Count          1       1
# Exec time      2   156us   156us   156us   156us   156us       0   156us
# Lock time      4   123us   123us   123us   123us   123us       0   123us
# Rows sent      0       0       0       0       0       0       0       0
# Rows examine   0       0       0       0       0       0       0       0
# Rows affecte   4       1       1       1       1       1       0       1
# Bytes sent     0      11      11      11      11      11       0      11
# Query size     2      54      54      54      54      54       0      54
# String:
# Databases    mysql
# Hosts        localhost
# Users        root
# Query_time distribution
#   1us
#  10us
# 100us  ################################################################
#   1ms
#  10ms
# 100ms
#    1s
#  10s+
# Tables
#    SHOW TABLE STATUS FROM `mysql` LIKE 'time_zone'\G
#    SHOW CREATE TABLE `mysql`.`time_zone`\G
# EXPLAIN /*!50100 PARTITIONS*/
select count(*) into @discard from `mysql`.`time_zone`\G

# Query 11: 0 QPS, 0x concurrency, ID 0x430C98932F75479B40FA5250DE9C0EE4 at byte 8228
# This item is included in the report because it matches --limit.
# Scores: V/M = 0.00
# Time range: all events occurred at 2022-07-18 09:43:55
# Attribute    pct   total     min     max     avg     95%  stddev  median
# ============ === ======= ======= ======= ======= ======= ======= =======
# Count          1       1
# Exec time      2   155us   155us   155us   155us   155us       0   155us
# Lock time      4   123us   123us   123us   123us   123us       0   123us
# Rows sent      0       0       0       0       0       0       0       0
# Rows examine   0       0       0       0       0       0       0       0
# Rows affecte   4       1       1       1       1       1       0       1
# Bytes sent     0      11      11      11      11      11       0      11
# Query size     2      55      55      55      55      55       0      55
# String:
# Databases    mysql
# Hosts        localhost
# Users        root
# Query_time distribution
#   1us
#  10us
# 100us  ################################################################
#   1ms
#  10ms
# 100ms
#    1s
#  10s+
# Tables
#    SHOW TABLE STATUS FROM `mysql` LIKE 'help_topic'\G
#    SHOW CREATE TABLE `mysql`.`help_topic`\G
# EXPLAIN /*!50100 PARTITIONS*/
select count(*) into @discard from `mysql`.`help_topic`\G

# Query 12: 0 QPS, 0x concurrency, ID 0x883BDEF37DA2388DC56C839C6B2F4C44 at byte 12369
# This item is included in the report because it matches --limit.
# Scores: V/M = 0.00
# Time range: all events occurred at 2022-07-18 09:43:55
# Attribute    pct   total     min     max     avg     95%  stddev  median
# ============ === ======= ======= ======= ======= ======= ======= =======
# Count          1       1
# Exec time      2   155us   155us   155us   155us   155us       0   155us
# Lock time      4   121us   121us   121us   121us   121us       0   121us
# Rows sent      0       0       0       0       0       0       0       0
# Rows examine   0       0       0       0       0       0       0       0
# Rows affecte   4       1       1       1       1       1       0       1
# Bytes sent     0      11      11      11      11      11       0      11
# Query size     2      58      58      58      58      58       0      58
# String:
# Databases    mysql
# Hosts        localhost
# Users        root
# Query_time distribution
#   1us
#  10us
# 100us  ################################################################
#   1ms
#  10ms
# 100ms
#    1s
#  10s+
# Tables
#    SHOW TABLE STATUS FROM `mysql` LIKE 'help_relation'\G
#    SHOW CREATE TABLE `mysql`.`help_relation`\G
# EXPLAIN /*!50100 PARTITIONS*/
select count(*) into @discard from `mysql`.`help_relation`\G

# Query 13: 0 QPS, 0x concurrency, ID 0x58E62C94D134834E54A2AFD79EE9D9DA at byte 4632
# This item is included in the report because it matches --limit.
# Scores: V/M = 0.00
# Time range: all events occurred at 2022-07-18 09:43:55
# Attribute    pct   total     min     max     avg     95%  stddev  median
# ============ === ======= ======= ======= ======= ======= ======= =======
# Count          1       1
# Exec time      2   154us   154us   154us   154us   154us       0   154us
# Lock time      4   125us   125us   125us   125us   125us       0   125us
# Rows sent      0       0       0       0       0       0       0       0
# Rows examine   0       0       0       0       0       0       0       0
# Rows affecte   4       1       1       1       1       1       0       1
# Bytes sent     0      11      11      11      11      11       0      11
# Query size     2      57      57      57      57      57       0      57
# String:
# Databases    mysql
# Hosts        localhost
# Users        root
# Query_time distribution
#   1us
#  10us
# 100us  ################################################################
#   1ms
#  10ms
# 100ms
#    1s
#  10s+
# Tables
#    SHOW TABLE STATUS FROM `mysql` LIKE 'column_stats'\G
#    SHOW CREATE TABLE `mysql`.`column_stats`\G
# EXPLAIN /*!50100 PARTITIONS*/
select count(*) into @discard from `mysql`.`column_stats`\G

# Query 14: 0 QPS, 0x concurrency, ID 0xA20EED88D40EDE9C36C91AE64071BF40 at byte 13401
# This item is included in the report because it matches --limit.
# Scores: V/M = 0.00
# Time range: all events occurred at 2022-07-18 09:43:55
# Attribute    pct   total     min     max     avg     95%  stddev  median
# ============ === ======= ======= ======= ======= ======= ======= =======
# Count          1       1
# Exec time      2   150us   150us   150us   150us   150us       0   150us
# Lock time      4   119us   119us   119us   119us   119us       0   119us
# Rows sent      0       0       0       0       0       0       0       0
# Rows examine   0       0       0       0       0       0       0       0
# Rows affecte   4       1       1       1       1       1       0       1
# Bytes sent     0      11      11      11      11      11       0      11
# Query size     1      51      51      51      51      51       0      51
# String:
# Databases    mysql
# Hosts        localhost
# Users        root
# Query_time distribution
#   1us
#  10us
# 100us  ################################################################
#   1ms
#  10ms
# 100ms
#    1s
#  10s+
# Tables
#    SHOW TABLE STATUS FROM `mysql` LIKE 'plugin'\G
#    SHOW CREATE TABLE `mysql`.`plugin`\G
# EXPLAIN /*!50100 PARTITIONS*/
select count(*) into @discard from `mysql`.`plugin`\G

# Query 15: 0 QPS, 0x concurrency, ID 0xA9CAB8D84396F4219B867AD2DA7595AD at byte 10819
# This item is included in the report because it matches --limit.
# Scores: V/M = 0.00
# Time range: all events occurred at 2022-07-18 09:43:55
# Attribute    pct   total     min     max     avg     95%  stddev  median
# ============ === ======= ======= ======= ======= ======= ======= =======
# Count          1       1
# Exec time      2   149us   149us   149us   149us   149us       0   149us
# Lock time      4   119us   119us   119us   119us   119us       0   119us
# Rows sent      0       0       0       0       0       0       0       0
# Rows examine   0       0       0       0       0       0       0       0
# Rows affecte   4       1       1       1       1       1       0       1
# Bytes sent     0      11      11      11      11      11       0      11
# Query size     2      65      65      65      65      65       0      65
# String:
# Databases    mysql
# Hosts        localhost
# Users        root
# Query_time distribution
#   1us
#  10us
# 100us  ################################################################
#   1ms
#  10ms
# 100ms
#    1s
#  10s+
# Tables
#    SHOW TABLE STATUS FROM `mysql` LIKE 'time_zone_transition'\G
#    SHOW CREATE TABLE `mysql`.`time_zone_transition`\G
# EXPLAIN /*!50100 PARTITIONS*/
select count(*) into @discard from `mysql`.`time_zone_transition`\G

# Query 16: 0 QPS, 0x concurrency, ID 0x09F160DEEB00C188D7DC9303A82AE691 at byte 9255
# This item is included in the report because it matches --limit.
# Scores: V/M = 0.00
# Time range: all events occurred at 2022-07-18 09:43:55
# Attribute    pct   total     min     max     avg     95%  stddev  median
# ============ === ======= ======= ======= ======= ======= ======= =======
# Count          1       1
# Exec time      2   146us   146us   146us   146us   146us       0   146us
# Lock time      4   119us   119us   119us   119us   119us       0   119us
# Rows sent      0       0       0       0       0       0       0       0
# Rows examine   0       0       0       0       0       0       0       0
# Rows affecte   4       1       1       1       1       1       0       1
# Bytes sent     0      11      11      11      11      11       0      11
# Query size     2      70      70      70      70      70       0      70
# String:
# Databases    mysql
# Hosts        localhost
# Users        root
# Query_time distribution
#   1us
#  10us
# 100us  ################################################################
#   1ms
#  10ms
# 100ms
#    1s
#  10s+
# Tables
#    SHOW TABLE STATUS FROM `mysql` LIKE 'time_zone_transition_type'\G
#    SHOW CREATE TABLE `mysql`.`time_zone_transition_type`\G
# EXPLAIN /*!50100 PARTITIONS*/
select count(*) into @discard from `mysql`.`time_zone_transition_type`\G

# Query 17: 0 QPS, 0x concurrency, ID 0x4E5054DB925E80F59091EB4D237A20AC at byte 10303
# This item is included in the report because it matches --limit.
# Scores: V/M = 0.00
# Time range: all events occurred at 2022-07-18 09:43:55
# Attribute    pct   total     min     max     avg     95%  stddev  median
# ============ === ======= ======= ======= ======= ======= ======= =======
# Count          1       1
# Exec time      2   145us   145us   145us   145us   145us       0   145us
# Lock time      4   119us   119us   119us   119us   119us       0   119us
# Rows sent      0       0       0       0       0       0       0       0
# Rows examine   0       0       0       0       0       0       0       0
# Rows affecte   4       1       1       1       1       1       0       1
# Bytes sent     0      11      11      11      11      11       0      11
# Query size     2      56      56      56      56      56       0      56
# String:
# Databases    mysql
# Hosts        localhost
# Users        root
# Query_time distribution
#   1us
#  10us
# 100us  ################################################################
#   1ms
#  10ms
# 100ms
#    1s
#  10s+
# Tables
#    SHOW TABLE STATUS FROM `mysql` LIKE 'index_stats'\G
#    SHOW CREATE TABLE `mysql`.`index_stats`\G
# EXPLAIN /*!50100 PARTITIONS*/
select count(*) into @discard from `mysql`.`index_stats`\G

# Query 18: 0 QPS, 0x concurrency, ID 0x3F56802DC9E0039FFAA61F14034B739D at byte 9785
# This item is included in the report because it matches --limit.
# Scores: V/M = 0.00
# Time range: all events occurred at 2022-07-18 09:43:55
# Attribute    pct   total     min     max     avg     95%  stddev  median
# ============ === ======= ======= ======= ======= ======= ======= =======
# Count          1       1
# Exec time      2   137us   137us   137us   137us   137us       0   137us
# Lock time      4   111us   111us   111us   111us   111us       0   111us
# Rows sent      0       0       0       0       0       0       0       0
# Rows examine   0       0       0       0       0       0       0       0
# Rows affecte   4       1       1       1       1       1       0       1
# Bytes sent     0      11      11      11      11      11       0      11
# Query size     2      58      58      58      58      58       0      58
# String:
# Databases    mysql
# Hosts        localhost
# Users        root
# Query_time distribution
#   1us
#  10us
# 100us  ################################################################
#   1ms
#  10ms
# 100ms
#    1s
#  10s+
# Tables
#    SHOW TABLE STATUS FROM `mysql` LIKE 'help_category'\G
#    SHOW CREATE TABLE `mysql`.`help_category`\G
# EXPLAIN /*!50100 PARTITIONS*/
select count(*) into @discard from `mysql`.`help_category`\G

# Query 19: 0 QPS, 0x concurrency, ID 0xC0AA9BEC727256417350E56ECC978CD3 at byte 3600
# This item is included in the report because it matches --limit.
# Scores: V/M = 0.00
# Time range: all events occurred at 2022-07-18 09:43:55
# Attribute    pct   total     min     max     avg     95%  stddev  median
# ============ === ======= ======= ======= ======= ======= ======= =======
# Count          1       1
# Exec time      1   100us   100us   100us   100us   100us       0   100us
# Lock time      2    59us    59us    59us    59us    59us       0    59us
# Rows sent      0       0       0       0       0       0       0       0
# Rows examine   0       0       0       0       0       0       0       0
# Rows affecte   4       1       1       1       1       1       0       1
# Bytes sent     0      11      11      11      11      11       0      11
# Query size     2      55      55      55      55      55       0      55
# String:
# Databases    mysql
# Hosts        localhost
# Users        root
# Query_time distribution
#   1us
#  10us
# 100us  ################################################################
#   1ms
#  10ms
# 100ms
#    1s
#  10s+
# Tables
#    SHOW TABLE STATUS FROM `mysql` LIKE 'procs_priv'\G
#    SHOW CREATE TABLE `mysql`.`procs_priv`\G
# EXPLAIN /*!50100 PARTITIONS*/
select count(*) into @discard from `mysql`.`procs_priv`\G

# Query 20: 0 QPS, 0x concurrency, ID 0xD56FA9F1934870761AFFFF5310A1A8B7 at byte 14429
# This item is included in the report because it matches --limit.
# Scores: V/M = 0.00
# Time range: all events occurred at 2022-07-18 09:43:55
# Attribute    pct   total     min     max     avg     95%  stddev  median
# ============ === ======= ======= ======= ======= ======= ======= =======
# Count          1       1
# Exec time      1    96us    96us    96us    96us    96us       0    96us
# Lock time      2    59us    59us    59us    59us    59us       0    59us
# Rows sent      0       0       0       0       0       0       0       0
# Rows examine   0       0       0       0       0       0       0       0
# Rows affecte   4       1       1       1       1       1       0       1
# Bytes sent     0      11      11      11      11      11       0      11
# Query size     1      47      47      47      47      47       0      47
# String:
# Databases    mysql
# Hosts        localhost
# Users        root
# Query_time distribution
#   1us
#  10us  ################################################################
# 100us
#   1ms
#  10ms
# 100ms
#    1s
#  10s+
# Tables
#    SHOW TABLE STATUS FROM `mysql` LIKE 'db'\G
#    SHOW CREATE TABLE `mysql`.`db`\G
# EXPLAIN /*!50100 PARTITIONS*/
select count(*) into @discard from `mysql`.`db`\G
