
# 140ms user time, 10ms system time, 30.38M rss, 37.37M vsz
# Current date: Sun Jul 17 17:45:48 2022
# Hostname: ip-192-168-0-13
# Files: /var/log/mysql/mysql-slow.log
# Overall: 59 total, 31 unique, 14.75 QPS, 0.00x concurrency _____________
# Time range: 2022-07-17 17:43:18 to 17:43:22
# Attribute          total     min     max     avg     95%  stddev  median
# ============     ======= ======= ======= ======= ======= ======= =======
# Exec time            4ms       0   818us    62us   131us   117us    42us
# Lock time            2ms       0   151us    31us    84us    38us       0
# Rows sent             27       0      25    0.46       0    3.21       0
# Rows examine          38       0      35    0.64       0    4.51       0
# Rows affecte          25       0       1    0.42    0.99    0.49       0
# Bytes sent         2.23k       0   1.63k   38.64   10.84  214.02   10.84
# Query size         2.53k      10     270   43.93   65.89   32.24   26.08

# Profile
# Rank Query ID                         Response time Calls R/Call V/M   I
# ==== ================================ ============= ===== ====== ===== =
#    1 0xA0B014EF6109CC5B6EFD41F1969...  0.0008 22.3%     1 0.0008  0.00 SELECT information_schema.TABLES
#    2 0xE77769C62EF669AA7DD5F6760F2...  0.0004 11.0%     1 0.0004  0.00 SHOW VARIABLES
#    3 0xAD2241013767B7FD2DB9FB7816A...  0.0002  5.8%     1 0.0002  0.00 SELECT mysql.user
#    4 0x58E62C94D134834E54A2AFD79EE...  0.0001  3.7%     1 0.0001  0.00 SELECT mysql.column_stats
#    5 0xCF687630FB22BAB8B86E2178F4A...  0.0001  3.5%     1 0.0001  0.00 SELECT mysql.time_zone_leap_second
#    6 0x3F56802DC9E0039FFAA61F14034...  0.0001  2.9%     1 0.0001  0.00 SELECT mysql.help_category
#    7 0x430C98932F75479B40FA5250DE9...  0.0001  2.9%     1 0.0001  0.00 SELECT mysql.help_topic
#    8 0xCB4B6BA217338255240BD39831F...  0.0001  2.8%     1 0.0001  0.00 SELECT mysql.table_stats
#    9 0xB8CA39C07A84A6C75886C8E91DB...  0.0001  2.8%     1 0.0001  0.00 SELECT mysql.proc
#   10 0xCEC637FA6FCA55A41E3FF025002...  0.0001  2.8%     1 0.0001  0.00 SELECT mysql.help_keyword
#   11 0x934CDDF65D56A94DD3A29FEF06F...  0.0001  2.7%     1 0.0001  0.00 SELECT mysql.time_zone_name
#   12 0x883BDEF37DA2388DC56C839C6B2...  0.0001  2.7%     1 0.0001  0.00 SELECT mysql.help_relation
#   13 0x09F160DEEB00C188D7DC9303A82...  0.0001  2.6%     1 0.0001  0.00 SELECT mysql.time_zone_transition_type
#   14 0x674DD8AFDCEDA7215E697CE2559...  0.0001  2.6%     1 0.0001  0.00 SELECT mysql.roles_mapping
#   15 0x3C7895E431BD9E14ABFB4842178...  0.0001  2.6%     1 0.0001  0.00 SELECT mysql.func
#   16 0x4E5054DB925E80F59091EB4D237...  0.0001  2.6%     1 0.0001  0.00 SELECT mysql.index_stats
#   17 0x8FDF90C12B453C08149834361F6...  0.0001  2.4%     1 0.0001  0.00 SELECT mysql.time_zone
#   18 0xA20EED88D40EDE9C36C91AE6407...  0.0001  2.4%     1 0.0001  0.00 SELECT mysql.plugin
#   19 0xA9CAB8D84396F4219B867AD2DA7...  0.0001  2.4%     1 0.0001  0.00 SELECT mysql.time_zone_transition
#   20 0x577B225755F9F47B35AAC715039...  0.0001  2.0%     1 0.0001  0.00 FLUSH
# MISC 0xMISC                            0.0005 14.3%    39 0.0000   0.0 <11 ITEMS>

# Query 1: 0 QPS, 0x concurrency, ID 0xA0B014EF6109CC5B6EFD41F196940589 at byte 2340
# This item is included in the report because it matches --limit.
# Scores: V/M = 0.00
# Time range: all events occurred at 2022-07-17 17:43:22
# Attribute    pct   total     min     max     avg     95%  stddev  median
# ============ === ======= ======= ======= ======= ======= ======= =======
# Count          1       1
# Exec time     22   818us   818us   818us   818us   818us       0   818us
# Lock time      8   151us   151us   151us   151us   151us       0   151us
# Rows sent     92      25      25      25      25      25       0      25
# Rows examine  92      35      35      35      35      35       0      35
# Rows affecte   0       0       0       0       0       0       0       0
# Bytes sent    73   1.63k   1.63k   1.63k   1.63k   1.63k       0   1.63k
# Query size    10     270     270     270     270     270       0     270
# String:
# Databases    mysql
# Hosts        localhost
# Users        root
# Query_time distribution
#   1us
#  10us
# 100us  ################################################################
#   1ms
#  10ms
# 100ms
#    1s
#  10s+
# Tables
#    SHOW TABLE STATUS FROM `information_schema` LIKE 'TABLES'\G
#    SHOW CREATE TABLE `information_schema`.`TABLES`\G
# EXPLAIN /*!50100 PARTITIONS*/
select concat('select count(*) into @discard from `',
                    TABLE_SCHEMA, '`.`', TABLE_NAME, '`') 
      from information_schema.TABLES where TABLE_SCHEMA<>'INFORMATION_SCHEMA' and TABLE_SCHEMA<>'PERFORMANCE_SCHEMA' and ( ENGINE='MyISAM' or ENGINE='Aria' )\G

# Query 2: 0 QPS, 0x concurrency, ID 0xE77769C62EF669AA7DD5F6760F2D2EBB at byte 1306
# This item is included in the report because it matches --limit.
# Scores: V/M = 0.00
# Time range: all events occurred at 2022-07-17 17:43:22
# Attribute    pct   total     min     max     avg     95%  stddev  median
# ============ === ======= ======= ======= ======= ======= ======= =======
# Count          1       1
# Exec time     11   404us   404us   404us   404us   404us       0   404us
# Lock time      3    64us    64us    64us    64us    64us       0    64us
# Rows sent      3       1       1       1       1       1       0       1
# Rows examine   2       1       1       1       1       1       0       1
# Rows affecte   0       0       0       0       0       0       0       0
# Bytes sent    11     252     252     252     252     252       0     252
# Query size     1      29      29      29      29      29       0      29
# String:
# Databases    mysql
# Hosts        localhost
# Users        root
# Query_time distribution
#   1us
#  10us
# 100us  ################################################################
#   1ms
#  10ms
# 100ms
#    1s
#  10s+
show variables like 'datadir'\G

# Query 3: 0 QPS, 0x concurrency, ID 0xAD2241013767B7FD2DB9FB7816AA5A1B at byte 1803
# This item is included in the report because it matches --limit.
# Scores: V/M = 0.00
# Time range: all events occurred at 2022-07-17 17:43:22
# Attribute    pct   total     min     max     avg     95%  stddev  median
# ============ === ======= ======= ======= ======= ======= ======= =======
# Count          1       1
# Exec time      5   214us   214us   214us   214us   214us       0   214us
# Lock time      4    88us    88us    88us    88us    88us       0    88us
# Rows sent      3       1       1       1       1       1       0       1
# Rows examine   5       2       2       2       2       2       0       2
# Rows affecte   0       0       0       0       0       0       0       0
# Bytes sent     2      63      63      63      63      63       0      63
# Query size     3      79      79      79      79      79       0      79
# String:
# Databases    mysql
# Hosts        localhost
# Users        root
# Query_time distribution
#   1us
#  10us
# 100us  ################################################################
#   1ms
#  10ms
# 100ms
#    1s
#  10s+
# Tables
#    SHOW TABLE STATUS FROM `mysql` LIKE 'user'\G
#    SHOW CREATE TABLE `mysql`.`user`\G
# EXPLAIN /*!50100 PARTITIONS*/
SELECT count(*) FROM mysql.user WHERE user='root' and password='' and plugin=''\G

# Query 4: 0 QPS, 0x concurrency, ID 0x58E62C94D134834E54A2AFD79EE9D9DA at byte 4632
# This item is included in the report because it matches --limit.
# Scores: V/M = 0.00
# Time range: all events occurred at 2022-07-17 17:43:22
# Attribute    pct   total     min     max     avg     95%  stddev  median
# ============ === ======= ======= ======= ======= ======= ======= =======
# Count          1       1
# Exec time      3   136us   136us   136us   136us   136us       0   136us
# Lock time      6   114us   114us   114us   114us   114us       0   114us
# Rows sent      0       0       0       0       0       0       0       0
# Rows examine   0       0       0       0       0       0       0       0
# Rows affecte   4       1       1       1       1       1       0       1
# Bytes sent     0      11      11      11      11      11       0      11
# Query size     2      57      57      57      57      57       0      57
# String:
# Databases    mysql
# Hosts        localhost
# Users        root
# Query_time distribution
#   1us
#  10us
# 100us  ################################################################
#   1ms
#  10ms
# 100ms
#    1s
#  10s+
# Tables
#    SHOW TABLE STATUS FROM `mysql` LIKE 'column_stats'\G
#    SHOW CREATE TABLE `mysql`.`column_stats`\G
# EXPLAIN /*!50100 PARTITIONS*/
select count(*) into @discard from `mysql`.`column_stats`\G

# Query 5: 0 QPS, 0x concurrency, ID 0xCF687630FB22BAB8B86E2178F4A42D77 at byte 3074
# This item is included in the report because it matches --limit.
# Scores: V/M = 0.00
# Time range: all events occurred at 2022-07-17 17:43:22
# Attribute    pct   total     min     max     avg     95%  stddev  median
# ============ === ======= ======= ======= ======= ======= ======= =======
# Count          1       1
# Exec time      3   130us   130us   130us   130us   130us       0   130us
# Lock time      5   103us   103us   103us   103us   103us       0   103us
# Rows sent      0       0       0       0       0       0       0       0
# Rows examine   0       0       0       0       0       0       0       0
# Rows affecte   4       1       1       1       1       1       0       1
# Bytes sent     0      11      11      11      11      11       0      11
# Query size     2      66      66      66      66      66       0      66
# String:
# Databases    mysql
# Hosts        localhost
# Users        root
# Query_time distribution
#   1us
#  10us
# 100us  ################################################################
#   1ms
#  10ms
# 100ms
#    1s
#  10s+
# Tables
#    SHOW TABLE STATUS FROM `mysql` LIKE 'time_zone_leap_second'\G
#    SHOW CREATE TABLE `mysql`.`time_zone_leap_second`\G
# EXPLAIN /*!50100 PARTITIONS*/
select count(*) into @discard from `mysql`.`time_zone_leap_second`\G

# Query 6: 0 QPS, 0x concurrency, ID 0x3F56802DC9E0039FFAA61F14034B739D at byte 9785
# This item is included in the report because it matches --limit.
# Scores: V/M = 0.00
# Time range: all events occurred at 2022-07-17 17:43:22
# Attribute    pct   total     min     max     avg     95%  stddev  median
# ============ === ======= ======= ======= ======= ======= ======= =======
# Count          1       1
# Exec time      2   105us   105us   105us   105us   105us       0   105us
# Lock time      4    86us    86us    86us    86us    86us       0    86us
# Rows sent      0       0       0       0       0       0       0       0
# Rows examine   0       0       0       0       0       0       0       0
# Rows affecte   4       1       1       1       1       1       0       1
# Bytes sent     0      11      11      11      11      11       0      11
# Query size     2      58      58      58      58      58       0      58
# String:
# Databases    mysql
# Hosts        localhost
# Users        root
# Query_time distribution
#   1us
#  10us
# 100us  ################################################################
#   1ms
#  10ms
# 100ms
#    1s
#  10s+
# Tables
#    SHOW TABLE STATUS FROM `mysql` LIKE 'help_category'\G
#    SHOW CREATE TABLE `mysql`.`help_category`\G
# EXPLAIN /*!50100 PARTITIONS*/
select count(*) into @discard from `mysql`.`help_category`\G

# Query 7: 0 QPS, 0x concurrency, ID 0x430C98932F75479B40FA5250DE9C0EE4 at byte 8228
# This item is included in the report because it matches --limit.
# Scores: V/M = 0.00
# Time range: all events occurred at 2022-07-17 17:43:22
# Attribute    pct   total     min     max     avg     95%  stddev  median
# ============ === ======= ======= ======= ======= ======= ======= =======
# Count          1       1
# Exec time      2   105us   105us   105us   105us   105us       0   105us
# Lock time      4    86us    86us    86us    86us    86us       0    86us
# Rows sent      0       0       0       0       0       0       0       0
# Rows examine   0       0       0       0       0       0       0       0
# Rows affecte   4       1       1       1       1       1       0       1
# Bytes sent     0      11      11      11      11      11       0      11
# Query size     2      55      55      55      55      55       0      55
# String:
# Databases    mysql
# Hosts        localhost
# Users        root
# Query_time distribution
#   1us
#  10us
# 100us  ################################################################
#   1ms
#  10ms
# 100ms
#    1s
#  10s+
# Tables
#    SHOW TABLE STATUS FROM `mysql` LIKE 'help_topic'\G
#    SHOW CREATE TABLE `mysql`.`help_topic`\G
# EXPLAIN /*!50100 PARTITIONS*/
select count(*) into @discard from `mysql`.`help_topic`\G

# Query 8: 0 QPS, 0x concurrency, ID 0xCB4B6BA217338255240BD39831FAE642 at byte 7712
# This item is included in the report because it matches --limit.
# Scores: V/M = 0.00
# Time range: all events occurred at 2022-07-17 17:43:22
# Attribute    pct   total     min     max     avg     95%  stddev  median
# ============ === ======= ======= ======= ======= ======= ======= =======
# Count          1       1
# Exec time      2   104us   104us   104us   104us   104us       0   104us
# Lock time      4    84us    84us    84us    84us    84us       0    84us
# Rows sent      0       0       0       0       0       0       0       0
# Rows examine   0       0       0       0       0       0       0       0
# Rows affecte   4       1       1       1       1       1       0       1
# Bytes sent     0      11      11      11      11      11       0      11
# Query size     2      56      56      56      56      56       0      56
# String:
# Databases    mysql
# Hosts        localhost
# Users        root
# Query_time distribution
#   1us
#  10us
# 100us  ################################################################
#   1ms
#  10ms
# 100ms
#    1s
#  10s+
# Tables
#    SHOW TABLE STATUS FROM `mysql` LIKE 'table_stats'\G
#    SHOW CREATE TABLE `mysql`.`table_stats`\G
# EXPLAIN /*!50100 PARTITIONS*/
select count(*) into @discard from `mysql`.`table_stats`\G

# Query 9: 0 QPS, 0x concurrency, ID 0xB8CA39C07A84A6C75886C8E91DB96E0C at byte 11860
# This item is included in the report because it matches --limit.
# Scores: V/M = 0.00
# Time range: all events occurred at 2022-07-17 17:43:22
# Attribute    pct   total     min     max     avg     95%  stddev  median
# ============ === ======= ======= ======= ======= ======= ======= =======
# Count          1       1
# Exec time      2   104us   104us   104us   104us   104us       0   104us
# Lock time      4    87us    87us    87us    87us    87us       0    87us
# Rows sent      0       0       0       0       0       0       0       0
# Rows examine   0       0       0       0       0       0       0       0
# Rows affecte   4       1       1       1       1       1       0       1
# Bytes sent     0      11      11      11      11      11       0      11
# Query size     1      49      49      49      49      49       0      49
# String:
# Databases    mysql
# Hosts        localhost
# Users        root
# Query_time distribution
#   1us
#  10us
# 100us  ################################################################
#   1ms
#  10ms
# 100ms
#    1s
#  10s+
# Tables
#    SHOW TABLE STATUS FROM `mysql` LIKE 'proc'\G
#    SHOW CREATE TABLE `mysql`.`proc`\G
# EXPLAIN /*!50100 PARTITIONS*/
select count(*) into @discard from `mysql`.`proc`\G

# Query 10: 0 QPS, 0x concurrency, ID 0xCEC637FA6FCA55A41E3FF025002EC3E9 at byte 4115
# This item is included in the report because it matches --limit.
# Scores: V/M = 0.00
# Time range: all events occurred at 2022-07-17 17:43:22
# Attribute    pct   total     min     max     avg     95%  stddev  median
# ============ === ======= ======= ======= ======= ======= ======= =======
# Count          1       1
# Exec time      2   101us   101us   101us   101us   101us       0   101us
# Lock time      4    82us    82us    82us    82us    82us       0    82us
# Rows sent      0       0       0       0       0       0       0       0
# Rows examine   0       0       0       0       0       0       0       0
# Rows affecte   4       1       1       1       1       1       0       1
# Bytes sent     0      11      11      11      11      11       0      11
# Query size     2      57      57      57      57      57       0      57
# String:
# Databases    mysql
# Hosts        localhost
# Users        root
# Query_time distribution
#   1us
#  10us
# 100us  ################################################################
#   1ms
#  10ms
# 100ms
#    1s
#  10s+
# Tables
#    SHOW TABLE STATUS FROM `mysql` LIKE 'help_keyword'\G
#    SHOW CREATE TABLE `mysql`.`help_keyword`\G
# EXPLAIN /*!50100 PARTITIONS*/
select count(*) into @discard from `mysql`.`help_keyword`\G

# Query 11: 0 QPS, 0x concurrency, ID 0x934CDDF65D56A94DD3A29FEF06FB99A5 at byte 15445
# This item is included in the report because it matches --limit.
# Scores: V/M = 0.00
# Time range: all events occurred at 2022-07-17 17:43:22
# Attribute    pct   total     min     max     avg     95%  stddev  median
# ============ === ======= ======= ======= ======= ======= ======= =======
# Count          1       1
# Exec time      2   100us   100us   100us   100us   100us       0   100us
# Lock time      4    81us    81us    81us    81us    81us       0    81us
# Rows sent      0       0       0       0       0       0       0       0
# Rows examine   0       0       0       0       0       0       0       0
# Rows affecte   4       1       1       1       1       1       0       1
# Bytes sent     0      11      11      11      11      11       0      11
# Query size     2      59      59      59      59      59       0      59
# String:
# Databases    mysql
# Hosts        localhost
# Users        root
# Query_time distribution
#   1us
#  10us
# 100us  ################################################################
#   1ms
#  10ms
# 100ms
#    1s
#  10s+
# Tables
#    SHOW TABLE STATUS FROM `mysql` LIKE 'time_zone_name'\G
#    SHOW CREATE TABLE `mysql`.`time_zone_name`\G
# EXPLAIN /*!50100 PARTITIONS*/
select count(*) into @discard from `mysql`.`time_zone_name`\G

# Query 12: 0 QPS, 0x concurrency, ID 0x883BDEF37DA2388DC56C839C6B2F4C44 at byte 12369
# This item is included in the report because it matches --limit.
# Scores: V/M = 0.00
# Time range: all events occurred at 2022-07-17 17:43:22
# Attribute    pct   total     min     max     avg     95%  stddev  median
# ============ === ======= ======= ======= ======= ======= ======= =======
# Count          1       1
# Exec time      2    99us    99us    99us    99us    99us       0    99us
# Lock time      4    80us    80us    80us    80us    80us       0    80us
# Rows sent      0       0       0       0       0       0       0       0
# Rows examine   0       0       0       0       0       0       0       0
# Rows affecte   4       1       1       1       1       1       0       1
# Bytes sent     0      11      11      11      11      11       0      11
# Query size     2      58      58      58      58      58       0      58
# String:
# Databases    mysql
# Hosts        localhost
# Users        root
# Query_time distribution
#   1us
#  10us
# 100us  ################################################################
#   1ms
#  10ms
# 100ms
#    1s
#  10s+
# Tables
#    SHOW TABLE STATUS FROM `mysql` LIKE 'help_relation'\G
#    SHOW CREATE TABLE `mysql`.`help_relation`\G
# EXPLAIN /*!50100 PARTITIONS*/
select count(*) into @discard from `mysql`.`help_relation`\G

# Query 13: 0 QPS, 0x concurrency, ID 0x09F160DEEB00C188D7DC9303A82AE691 at byte 9255
# This item is included in the report because it matches --limit.
# Scores: V/M = 0.00
# Time range: all events occurred at 2022-07-17 17:43:22
# Attribute    pct   total     min     max     avg     95%  stddev  median
# ============ === ======= ======= ======= ======= ======= ======= =======
# Count          1       1
# Exec time      2    97us    97us    97us    97us    97us       0    97us
# Lock time      4    77us    77us    77us    77us    77us       0    77us
# Rows sent      0       0       0       0       0       0       0       0
# Rows examine   0       0       0       0       0       0       0       0
# Rows affecte   4       1       1       1       1       1       0       1
# Bytes sent     0      11      11      11      11      11       0      11
# Query size     2      70      70      70      70      70       0      70
# String:
# Databases    mysql
# Hosts        localhost
# Users        root
# Query_time distribution
#   1us
#  10us  ################################################################
# 100us
#   1ms
#  10ms
# 100ms
#    1s
#  10s+
# Tables
#    SHOW TABLE STATUS FROM `mysql` LIKE 'time_zone_transition_type'\G
#    SHOW CREATE TABLE `mysql`.`time_zone_transition_type`\G
# EXPLAIN /*!50100 PARTITIONS*/
select count(*) into @discard from `mysql`.`time_zone_transition_type`\G

# Query 14: 0 QPS, 0x concurrency, ID 0x674DD8AFDCEDA7215E697CE255913632 at byte 7194
# This item is included in the report because it matches --limit.
# Scores: V/M = 0.00
# Time range: all events occurred at 2022-07-17 17:43:22
# Attribute    pct   total     min     max     avg     95%  stddev  median
# ============ === ======= ======= ======= ======= ======= ======= =======
# Count          1       1
# Exec time      2    97us    97us    97us    97us    97us       0    97us
# Lock time      1    30us    30us    30us    30us    30us       0    30us
# Rows sent      0       0       0       0       0       0       0       0
# Rows examine   0       0       0       0       0       0       0       0
# Rows affecte   4       1       1       1       1       1       0       1
# Bytes sent     0      11      11      11      11      11       0      11
# Query size     2      58      58      58      58      58       0      58
# String:
# Databases    mysql
# Hosts        localhost
# Users        root
# Query_time distribution
#   1us
#  10us  ################################################################
# 100us
#   1ms
#  10ms
# 100ms
#    1s
#  10s+
# Tables
#    SHOW TABLE STATUS FROM `mysql` LIKE 'roles_mapping'\G
#    SHOW CREATE TABLE `mysql`.`roles_mapping`\G
# EXPLAIN /*!50100 PARTITIONS*/
select count(*) into @discard from `mysql`.`roles_mapping`\G

# Query 15: 0 QPS, 0x concurrency, ID 0x3C7895E431BD9E14ABFB48421784C84F at byte 14936
# This item is included in the report because it matches --limit.
# Scores: V/M = 0.00
# Time range: all events occurred at 2022-07-17 17:43:22
# Attribute    pct   total     min     max     avg     95%  stddev  median
# ============ === ======= ======= ======= ======= ======= ======= =======
# Count          1       1
# Exec time      2    96us    96us    96us    96us    96us       0    96us
# Lock time      4    79us    79us    79us    79us    79us       0    79us
# Rows sent      0       0       0       0       0       0       0       0
# Rows examine   0       0       0       0       0       0       0       0
# Rows affecte   4       1       1       1       1       1       0       1
# Bytes sent     0      11      11      11      11      11       0      11
# Query size     1      49      49      49      49      49       0      49
# String:
# Databases    mysql
# Hosts        localhost
# Users        root
# Query_time distribution
#   1us
#  10us  ################################################################
# 100us
#   1ms
#  10ms
# 100ms
#    1s
#  10s+
# Tables
#    SHOW TABLE STATUS FROM `mysql` LIKE 'func'\G
#    SHOW CREATE TABLE `mysql`.`func`\G
# EXPLAIN /*!50100 PARTITIONS*/
select count(*) into @discard from `mysql`.`func`\G

# Query 16: 0 QPS, 0x concurrency, ID 0x4E5054DB925E80F59091EB4D237A20AC at byte 10303
# This item is included in the report because it matches --limit.
# Scores: V/M = 0.00
# Time range: all events occurred at 2022-07-17 17:43:22
# Attribute    pct   total     min     max     avg     95%  stddev  median
# ============ === ======= ======= ======= ======= ======= ======= =======
# Count          1       1
# Exec time      2    95us    95us    95us    95us    95us       0    95us
# Lock time      4    77us    77us    77us    77us    77us       0    77us
# Rows sent      0       0       0       0       0       0       0       0
# Rows examine   0       0       0       0       0       0       0       0
# Rows affecte   4       1       1       1       1       1       0       1
# Bytes sent     0      11      11      11      11      11       0      11
# Query size     2      56      56      56      56      56       0      56
# String:
# Databases    mysql
# Hosts        localhost
# Users        root
# Query_time distribution
#   1us
#  10us  ################################################################
# 100us
#   1ms
#  10ms
# 100ms
#    1s
#  10s+
# Tables
#    SHOW TABLE STATUS FROM `mysql` LIKE 'index_stats'\G
#    SHOW CREATE TABLE `mysql`.`index_stats`\G
# EXPLAIN /*!50100 PARTITIONS*/
select count(*) into @discard from `mysql`.`index_stats`\G

# Query 17: 0 QPS, 0x concurrency, ID 0x8FDF90C12B453C08149834361F66175B at byte 12887
# This item is included in the report because it matches --limit.
# Scores: V/M = 0.00
# Time range: all events occurred at 2022-07-17 17:43:22
# Attribute    pct   total     min     max     avg     95%  stddev  median
# ============ === ======= ======= ======= ======= ======= ======= =======
# Count          1       1
# Exec time      2    89us    89us    89us    89us    89us       0    89us
# Lock time      3    72us    72us    72us    72us    72us       0    72us
# Rows sent      0       0       0       0       0       0       0       0
# Rows examine   0       0       0       0       0       0       0       0
# Rows affecte   4       1       1       1       1       1       0       1
# Bytes sent     0      11      11      11      11      11       0      11
# Query size     2      54      54      54      54      54       0      54
# String:
# Databases    mysql
# Hosts        localhost
# Users        root
# Query_time distribution
#   1us
#  10us  ################################################################
# 100us
#   1ms
#  10ms
# 100ms
#    1s
#  10s+
# Tables
#    SHOW TABLE STATUS FROM `mysql` LIKE 'time_zone'\G
#    SHOW CREATE TABLE `mysql`.`time_zone`\G
# EXPLAIN /*!50100 PARTITIONS*/
select count(*) into @discard from `mysql`.`time_zone`\G

# Query 18: 0 QPS, 0x concurrency, ID 0xA20EED88D40EDE9C36C91AE64071BF40 at byte 13401
# This item is included in the report because it matches --limit.
# Scores: V/M = 0.00
# Time range: all events occurred at 2022-07-17 17:43:22
# Attribute    pct   total     min     max     avg     95%  stddev  median
# ============ === ======= ======= ======= ======= ======= ======= =======
# Count          1       1
# Exec time      2    88us    88us    88us    88us    88us       0    88us
# Lock time      3    71us    71us    71us    71us    71us       0    71us
# Rows sent      0       0       0       0       0       0       0       0
# Rows examine   0       0       0       0       0       0       0       0
# Rows affecte   4       1       1       1       1       1       0       1
# Bytes sent     0      11      11      11      11      11       0      11
# Query size     1      51      51      51      51      51       0      51
# String:
# Databases    mysql
# Hosts        localhost
# Users        root
# Query_time distribution
#   1us
#  10us  ################################################################
# 100us
#   1ms
#  10ms
# 100ms
#    1s
#  10s+
# Tables
#    SHOW TABLE STATUS FROM `mysql` LIKE 'plugin'\G
#    SHOW CREATE TABLE `mysql`.`plugin`\G
# EXPLAIN /*!50100 PARTITIONS*/
select count(*) into @discard from `mysql`.`plugin`\G

# Query 19: 0 QPS, 0x concurrency, ID 0xA9CAB8D84396F4219B867AD2DA7595AD at byte 10819
# This item is included in the report because it matches --limit.
# Scores: V/M = 0.00
# Time range: all events occurred at 2022-07-17 17:43:22
# Attribute    pct   total     min     max     avg     95%  stddev  median
# ============ === ======= ======= ======= ======= ======= ======= =======
# Count          1       1
# Exec time      2    88us    88us    88us    88us    88us       0    88us
# Lock time      3    71us    71us    71us    71us    71us       0    71us
# Rows sent      0       0       0       0       0       0       0       0
# Rows examine   0       0       0       0       0       0       0       0
# Rows affecte   4       1       1       1       1       1       0       1
# Bytes sent     0      11      11      11      11      11       0      11
# Query size     2      65      65      65      65      65       0      65
# String:
# Databases    mysql
# Hosts        localhost
# Users        root
# Query_time distribution
#   1us
#  10us  ################################################################
# 100us
#   1ms
#  10ms
# 100ms
#    1s
#  10s+
# Tables
#    SHOW TABLE STATUS FROM `mysql` LIKE 'time_zone_transition'\G
#    SHOW CREATE TABLE `mysql`.`time_zone_transition`\G
# EXPLAIN /*!50100 PARTITIONS*/
select count(*) into @discard from `mysql`.`time_zone_transition`\G

# Query 20: 0 QPS, 0x concurrency, ID 0x577B225755F9F47B35AAC71503957920 at byte 0
# This item is included in the report because it matches --limit.
# Scores: V/M = 0.00
# Time range: all events occurred at 2022-07-17 17:43:18
# Attribute    pct   total     min     max     avg     95%  stddev  median
# ============ === ======= ======= ======= ======= ======= ======= =======
# Count          1       1
# Exec time      1    73us    73us    73us    73us    73us       0    73us
# Lock time      0       0       0       0       0       0       0       0
# Rows sent      0       0       0       0       0       0       0       0
# Rows examine   0       0       0       0       0       0       0       0
# Rows affecte   0       0       0       0       0       0       0       0
# Bytes sent     0      11      11      11      11      11       0      11
# Query size     0      10      10      10      10      10       0      10
# String:
# Hosts        localhost
# Users        root
# Query_time distribution
#   1us
#  10us  ################################################################
# 100us
#   1ms
#  10ms
# 100ms
#    1s
#  10s+
flush logs\G
