
# 130ms user time, 0 system time, 30.41M rss, 37.38M vsz
# Current date: Sat Jul 16 23:21:14 2022
# Hostname: ip-192-168-0-11
# Files: /var/log/mysql/mysql-slow.log
# Overall: 59 total, 31 unique, 14.75 QPS, 0.00x concurrency _____________
# Time range: 2022-07-16 23:18:56 to 23:19:00
# Attribute          total     min     max     avg     95%  stddev  median
# ============     ======= ======= ======= ======= ======= ======= =======
# Exec time            5ms       0     1ms    82us   159us   162us    50us
# Lock time            2ms       0   137us    39us   113us    47us       0
# Rows sent             27       0      25    0.46       0    3.21       0
# Rows examine          38       0      35    0.64       0    4.51       0
# Rows affecte          25       0       1    0.42    0.99    0.49       0
# Bytes sent         2.23k       0   1.63k   38.64   10.84  214.02   10.84
# Query size         2.53k      10     270   43.93   65.89   32.24   26.08

# Profile
# Rank Query ID                         Response time Calls R/Call V/M   I
# ==== ================================ ============= ===== ====== ===== =
#    1 0xA0B014EF6109CC5B6EFD41F1969...  0.0012 23.9%     1 0.0012  0.00 SELECT information_schema.TABLES
#    2 0xE77769C62EF669AA7DD5F6760F2...  0.0006 11.7%     1 0.0006  0.00 SHOW VARIABLES
#    3 0xAD2241013767B7FD2DB9FB7816A...  0.0002  4.5%     1 0.0002  0.00 SELECT mysql.user
#    4 0xB8CA39C07A84A6C75886C8E91DB...  0.0002  3.4%     1 0.0002  0.00 SELECT mysql.proc
#    5 0x430C98932F75479B40FA5250DE9...  0.0002  3.1%     1 0.0002  0.00 SELECT mysql.help_topic
#    6 0x09F160DEEB00C188D7DC9303A82...  0.0001  3.0%     1 0.0001  0.00 SELECT mysql.time_zone_transition_type
#    7 0xCF687630FB22BAB8B86E2178F4A...  0.0001  3.0%     1 0.0001  0.00 SELECT mysql.time_zone_leap_second
#    8 0x58E62C94D134834E54A2AFD79EE...  0.0001  2.9%     1 0.0001  0.00 SELECT mysql.column_stats
#    9 0x3F56802DC9E0039FFAA61F14034...  0.0001  2.9%     1 0.0001  0.00 SELECT mysql.help_category
#   10 0xCB4B6BA217338255240BD39831F...  0.0001  2.9%     1 0.0001  0.00 SELECT mysql.table_stats
#   11 0xA20EED88D40EDE9C36C91AE6407...  0.0001  2.9%     1 0.0001  0.00 SELECT mysql.plugin
#   12 0x883BDEF37DA2388DC56C839C6B2...  0.0001  2.8%     1 0.0001  0.00 SELECT mysql.help_relation
#   13 0x8FDF90C12B453C08149834361F6...  0.0001  2.8%     1 0.0001  0.00 SELECT mysql.time_zone
#   14 0xA9CAB8D84396F4219B867AD2DA7...  0.0001  2.8%     1 0.0001  0.00 SELECT mysql.time_zone_transition
#   15 0x4E5054DB925E80F59091EB4D237...  0.0001  2.8%     1 0.0001  0.00 SELECT mysql.index_stats
#   16 0x934CDDF65D56A94DD3A29FEF06F...  0.0001  2.7%     1 0.0001  0.00 SELECT mysql.time_zone_name
#   17 0x3C7895E431BD9E14ABFB4842178...  0.0001  2.7%     1 0.0001  0.00 SELECT mysql.func
#   18 0xCEC637FA6FCA55A41E3FF025002...  0.0001  2.6%     1 0.0001  0.00 SELECT mysql.help_keyword
#   19 0xB59FADC050D4DAC961FEFEFBB9B...  0.0001  1.7%     1 0.0001  0.00 SET
#   20 0x44FF0439D8197C72029DABB779D...  0.0001  1.6%     1 0.0001  0.00 SELECT mysql.tables_priv
# MISC 0xMISC                            0.0006 13.4%    39 0.0000   0.0 <11 ITEMS>

# Query 1: 0 QPS, 0x concurrency, ID 0xA0B014EF6109CC5B6EFD41F196940589 at byte 2340
# This item is included in the report because it matches --limit.
# Scores: V/M = 0.00
# Time range: all events occurred at 2022-07-16 23:19:00
# Attribute    pct   total     min     max     avg     95%  stddev  median
# ============ === ======= ======= ======= ======= ======= ======= =======
# Count          1       1
# Exec time     23     1ms     1ms     1ms     1ms     1ms       0     1ms
# Lock time      5   121us   121us   121us   121us   121us       0   121us
# Rows sent     92      25      25      25      25      25       0      25
# Rows examine  92      35      35      35      35      35       0      35
# Rows affecte   0       0       0       0       0       0       0       0
# Bytes sent    73   1.63k   1.63k   1.63k   1.63k   1.63k       0   1.63k
# Query size    10     270     270     270     270     270       0     270
# String:
# Databases    mysql
# Hosts        localhost
# Users        root
# Query_time distribution
#   1us
#  10us
# 100us
#   1ms  ################################################################
#  10ms
# 100ms
#    1s
#  10s+
# Tables
#    SHOW TABLE STATUS FROM `information_schema` LIKE 'TABLES'\G
#    SHOW CREATE TABLE `information_schema`.`TABLES`\G
# EXPLAIN /*!50100 PARTITIONS*/
select concat('select count(*) into @discard from `',
                    TABLE_SCHEMA, '`.`', TABLE_NAME, '`') 
      from information_schema.TABLES where TABLE_SCHEMA<>'INFORMATION_SCHEMA' and TABLE_SCHEMA<>'PERFORMANCE_SCHEMA' and ( ENGINE='MyISAM' or ENGINE='Aria' )\G

# Query 2: 0 QPS, 0x concurrency, ID 0xE77769C62EF669AA7DD5F6760F2D2EBB at byte 1306
# This item is included in the report because it matches --limit.
# Scores: V/M = 0.00
# Time range: all events occurred at 2022-07-16 23:19:00
# Attribute    pct   total     min     max     avg     95%  stddev  median
# ============ === ======= ======= ======= ======= ======= ======= =======
# Count          1       1
# Exec time     11   567us   567us   567us   567us   567us       0   567us
# Lock time      2    52us    52us    52us    52us    52us       0    52us
# Rows sent      3       1       1       1       1       1       0       1
# Rows examine   2       1       1       1       1       1       0       1
# Rows affecte   0       0       0       0       0       0       0       0
# Bytes sent    11     252     252     252     252     252       0     252
# Query size     1      29      29      29      29      29       0      29
# String:
# Databases    mysql
# Hosts        localhost
# Users        root
# Query_time distribution
#   1us
#  10us
# 100us  ################################################################
#   1ms
#  10ms
# 100ms
#    1s
#  10s+
show variables like 'datadir'\G

# Query 3: 0 QPS, 0x concurrency, ID 0xAD2241013767B7FD2DB9FB7816AA5A1B at byte 1803
# This item is included in the report because it matches --limit.
# Scores: V/M = 0.00
# Time range: all events occurred at 2022-07-16 23:19:00
# Attribute    pct   total     min     max     avg     95%  stddev  median
# ============ === ======= ======= ======= ======= ======= ======= =======
# Count          1       1
# Exec time      4   217us   217us   217us   217us   217us       0   217us
# Lock time      3    90us    90us    90us    90us    90us       0    90us
# Rows sent      3       1       1       1       1       1       0       1
# Rows examine   5       2       2       2       2       2       0       2
# Rows affecte   0       0       0       0       0       0       0       0
# Bytes sent     2      63      63      63      63      63       0      63
# Query size     3      79      79      79      79      79       0      79
# String:
# Databases    mysql
# Hosts        localhost
# Users        root
# Query_time distribution
#   1us
#  10us
# 100us  ################################################################
#   1ms
#  10ms
# 100ms
#    1s
#  10s+
# Tables
#    SHOW TABLE STATUS FROM `mysql` LIKE 'user'\G
#    SHOW CREATE TABLE `mysql`.`user`\G
# EXPLAIN /*!50100 PARTITIONS*/
SELECT count(*) FROM mysql.user WHERE user='root' and password='' and plugin=''\G

# Query 4: 0 QPS, 0x concurrency, ID 0xB8CA39C07A84A6C75886C8E91DB96E0C at byte 11860
# This item is included in the report because it matches --limit.
# Scores: V/M = 0.00
# Time range: all events occurred at 2022-07-16 23:19:00
# Attribute    pct   total     min     max     avg     95%  stddev  median
# ============ === ======= ======= ======= ======= ======= ======= =======
# Count          1       1
# Exec time      3   163us   163us   163us   163us   163us       0   163us
# Lock time      5   137us   137us   137us   137us   137us       0   137us
# Rows sent      0       0       0       0       0       0       0       0
# Rows examine   0       0       0       0       0       0       0       0
# Rows affecte   4       1       1       1       1       1       0       1
# Bytes sent     0      11      11      11      11      11       0      11
# Query size     1      49      49      49      49      49       0      49
# String:
# Databases    mysql
# Hosts        localhost
# Users        root
# Query_time distribution
#   1us
#  10us
# 100us  ################################################################
#   1ms
#  10ms
# 100ms
#    1s
#  10s+
# Tables
#    SHOW TABLE STATUS FROM `mysql` LIKE 'proc'\G
#    SHOW CREATE TABLE `mysql`.`proc`\G
# EXPLAIN /*!50100 PARTITIONS*/
select count(*) into @discard from `mysql`.`proc`\G

# Query 5: 0 QPS, 0x concurrency, ID 0x430C98932F75479B40FA5250DE9C0EE4 at byte 8228
# This item is included in the report because it matches --limit.
# Scores: V/M = 0.00
# Time range: all events occurred at 2022-07-16 23:19:00
# Attribute    pct   total     min     max     avg     95%  stddev  median
# ============ === ======= ======= ======= ======= ======= ======= =======
# Count          1       1
# Exec time      3   152us   152us   152us   152us   152us       0   152us
# Lock time      5   122us   122us   122us   122us   122us       0   122us
# Rows sent      0       0       0       0       0       0       0       0
# Rows examine   0       0       0       0       0       0       0       0
# Rows affecte   4       1       1       1       1       1       0       1
# Bytes sent     0      11      11      11      11      11       0      11
# Query size     2      55      55      55      55      55       0      55
# String:
# Databases    mysql
# Hosts        localhost
# Users        root
# Query_time distribution
#   1us
#  10us
# 100us  ################################################################
#   1ms
#  10ms
# 100ms
#    1s
#  10s+
# Tables
#    SHOW TABLE STATUS FROM `mysql` LIKE 'help_topic'\G
#    SHOW CREATE TABLE `mysql`.`help_topic`\G
# EXPLAIN /*!50100 PARTITIONS*/
select count(*) into @discard from `mysql`.`help_topic`\G

# Query 6: 0 QPS, 0x concurrency, ID 0x09F160DEEB00C188D7DC9303A82AE691 at byte 9255
# This item is included in the report because it matches --limit.
# Scores: V/M = 0.00
# Time range: all events occurred at 2022-07-16 23:19:00
# Attribute    pct   total     min     max     avg     95%  stddev  median
# ============ === ======= ======= ======= ======= ======= ======= =======
# Count          1       1
# Exec time      3   147us   147us   147us   147us   147us       0   147us
# Lock time      4   116us   116us   116us   116us   116us       0   116us
# Rows sent      0       0       0       0       0       0       0       0
# Rows examine   0       0       0       0       0       0       0       0
# Rows affecte   4       1       1       1       1       1       0       1
# Bytes sent     0      11      11      11      11      11       0      11
# Query size     2      70      70      70      70      70       0      70
# String:
# Databases    mysql
# Hosts        localhost
# Users        root
# Query_time distribution
#   1us
#  10us
# 100us  ################################################################
#   1ms
#  10ms
# 100ms
#    1s
#  10s+
# Tables
#    SHOW TABLE STATUS FROM `mysql` LIKE 'time_zone_transition_type'\G
#    SHOW CREATE TABLE `mysql`.`time_zone_transition_type`\G
# EXPLAIN /*!50100 PARTITIONS*/
select count(*) into @discard from `mysql`.`time_zone_transition_type`\G

# Query 7: 0 QPS, 0x concurrency, ID 0xCF687630FB22BAB8B86E2178F4A42D77 at byte 3074
# This item is included in the report because it matches --limit.
# Scores: V/M = 0.00
# Time range: all events occurred at 2022-07-16 23:19:00
# Attribute    pct   total     min     max     avg     95%  stddev  median
# ============ === ======= ======= ======= ======= ======= ======= =======
# Count          1       1
# Exec time      3   146us   146us   146us   146us   146us       0   146us
# Lock time      4   110us   110us   110us   110us   110us       0   110us
# Rows sent      0       0       0       0       0       0       0       0
# Rows examine   0       0       0       0       0       0       0       0
# Rows affecte   4       1       1       1       1       1       0       1
# Bytes sent     0      11      11      11      11      11       0      11
# Query size     2      66      66      66      66      66       0      66
# String:
# Databases    mysql
# Hosts        localhost
# Users        root
# Query_time distribution
#   1us
#  10us
# 100us  ################################################################
#   1ms
#  10ms
# 100ms
#    1s
#  10s+
# Tables
#    SHOW TABLE STATUS FROM `mysql` LIKE 'time_zone_leap_second'\G
#    SHOW CREATE TABLE `mysql`.`time_zone_leap_second`\G
# EXPLAIN /*!50100 PARTITIONS*/
select count(*) into @discard from `mysql`.`time_zone_leap_second`\G

# Query 8: 0 QPS, 0x concurrency, ID 0x58E62C94D134834E54A2AFD79EE9D9DA at byte 4632
# This item is included in the report because it matches --limit.
# Scores: V/M = 0.00
# Time range: all events occurred at 2022-07-16 23:19:00
# Attribute    pct   total     min     max     avg     95%  stddev  median
# ============ === ======= ======= ======= ======= ======= ======= =======
# Count          1       1
# Exec time      2   142us   142us   142us   142us   142us       0   142us
# Lock time      4   116us   116us   116us   116us   116us       0   116us
# Rows sent      0       0       0       0       0       0       0       0
# Rows examine   0       0       0       0       0       0       0       0
# Rows affecte   4       1       1       1       1       1       0       1
# Bytes sent     0      11      11      11      11      11       0      11
# Query size     2      57      57      57      57      57       0      57
# String:
# Databases    mysql
# Hosts        localhost
# Users        root
# Query_time distribution
#   1us
#  10us
# 100us  ################################################################
#   1ms
#  10ms
# 100ms
#    1s
#  10s+
# Tables
#    SHOW TABLE STATUS FROM `mysql` LIKE 'column_stats'\G
#    SHOW CREATE TABLE `mysql`.`column_stats`\G
# EXPLAIN /*!50100 PARTITIONS*/
select count(*) into @discard from `mysql`.`column_stats`\G

# Query 9: 0 QPS, 0x concurrency, ID 0x3F56802DC9E0039FFAA61F14034B739D at byte 9785
# This item is included in the report because it matches --limit.
# Scores: V/M = 0.00
# Time range: all events occurred at 2022-07-16 23:19:00
# Attribute    pct   total     min     max     avg     95%  stddev  median
# ============ === ======= ======= ======= ======= ======= ======= =======
# Count          1       1
# Exec time      2   140us   140us   140us   140us   140us       0   140us
# Lock time      4   113us   113us   113us   113us   113us       0   113us
# Rows sent      0       0       0       0       0       0       0       0
# Rows examine   0       0       0       0       0       0       0       0
# Rows affecte   4       1       1       1       1       1       0       1
# Bytes sent     0      11      11      11      11      11       0      11
# Query size     2      58      58      58      58      58       0      58
# String:
# Databases    mysql
# Hosts        localhost
# Users        root
# Query_time distribution
#   1us
#  10us
# 100us  ################################################################
#   1ms
#  10ms
# 100ms
#    1s
#  10s+
# Tables
#    SHOW TABLE STATUS FROM `mysql` LIKE 'help_category'\G
#    SHOW CREATE TABLE `mysql`.`help_category`\G
# EXPLAIN /*!50100 PARTITIONS*/
select count(*) into @discard from `mysql`.`help_category`\G

# Query 10: 0 QPS, 0x concurrency, ID 0xCB4B6BA217338255240BD39831FAE642 at byte 7712
# This item is included in the report because it matches --limit.
# Scores: V/M = 0.00
# Time range: all events occurred at 2022-07-16 23:19:00
# Attribute    pct   total     min     max     avg     95%  stddev  median
# ============ === ======= ======= ======= ======= ======= ======= =======
# Count          1       1
# Exec time      2   139us   139us   139us   139us   139us       0   139us
# Lock time      4   114us   114us   114us   114us   114us       0   114us
# Rows sent      0       0       0       0       0       0       0       0
# Rows examine   0       0       0       0       0       0       0       0
# Rows affecte   4       1       1       1       1       1       0       1
# Bytes sent     0      11      11      11      11      11       0      11
# Query size     2      56      56      56      56      56       0      56
# String:
# Databases    mysql
# Hosts        localhost
# Users        root
# Query_time distribution
#   1us
#  10us
# 100us  ################################################################
#   1ms
#  10ms
# 100ms
#    1s
#  10s+
# Tables
#    SHOW TABLE STATUS FROM `mysql` LIKE 'table_stats'\G
#    SHOW CREATE TABLE `mysql`.`table_stats`\G
# EXPLAIN /*!50100 PARTITIONS*/
select count(*) into @discard from `mysql`.`table_stats`\G

# Query 11: 0 QPS, 0x concurrency, ID 0xA20EED88D40EDE9C36C91AE64071BF40 at byte 13401
# This item is included in the report because it matches --limit.
# Scores: V/M = 0.00
# Time range: all events occurred at 2022-07-16 23:19:00
# Attribute    pct   total     min     max     avg     95%  stddev  median
# ============ === ======= ======= ======= ======= ======= ======= =======
# Count          1       1
# Exec time      2   139us   139us   139us   139us   139us       0   139us
# Lock time      4   111us   111us   111us   111us   111us       0   111us
# Rows sent      0       0       0       0       0       0       0       0
# Rows examine   0       0       0       0       0       0       0       0
# Rows affecte   4       1       1       1       1       1       0       1
# Bytes sent     0      11      11      11      11      11       0      11
# Query size     1      51      51      51      51      51       0      51
# String:
# Databases    mysql
# Hosts        localhost
# Users        root
# Query_time distribution
#   1us
#  10us
# 100us  ################################################################
#   1ms
#  10ms
# 100ms
#    1s
#  10s+
# Tables
#    SHOW TABLE STATUS FROM `mysql` LIKE 'plugin'\G
#    SHOW CREATE TABLE `mysql`.`plugin`\G
# EXPLAIN /*!50100 PARTITIONS*/
select count(*) into @discard from `mysql`.`plugin`\G

# Query 12: 0 QPS, 0x concurrency, ID 0x883BDEF37DA2388DC56C839C6B2F4C44 at byte 12369
# This item is included in the report because it matches --limit.
# Scores: V/M = 0.00
# Time range: all events occurred at 2022-07-16 23:19:00
# Attribute    pct   total     min     max     avg     95%  stddev  median
# ============ === ======= ======= ======= ======= ======= ======= =======
# Count          1       1
# Exec time      2   138us   138us   138us   138us   138us       0   138us
# Lock time      4   111us   111us   111us   111us   111us       0   111us
# Rows sent      0       0       0       0       0       0       0       0
# Rows examine   0       0       0       0       0       0       0       0
# Rows affecte   4       1       1       1       1       1       0       1
# Bytes sent     0      11      11      11      11      11       0      11
# Query size     2      58      58      58      58      58       0      58
# String:
# Databases    mysql
# Hosts        localhost
# Users        root
# Query_time distribution
#   1us
#  10us
# 100us  ################################################################
#   1ms
#  10ms
# 100ms
#    1s
#  10s+
# Tables
#    SHOW TABLE STATUS FROM `mysql` LIKE 'help_relation'\G
#    SHOW CREATE TABLE `mysql`.`help_relation`\G
# EXPLAIN /*!50100 PARTITIONS*/
select count(*) into @discard from `mysql`.`help_relation`\G

# Query 13: 0 QPS, 0x concurrency, ID 0x8FDF90C12B453C08149834361F66175B at byte 12887
# This item is included in the report because it matches --limit.
# Scores: V/M = 0.00
# Time range: all events occurred at 2022-07-16 23:19:00
# Attribute    pct   total     min     max     avg     95%  stddev  median
# ============ === ======= ======= ======= ======= ======= ======= =======
# Count          1       1
# Exec time      2   136us   136us   136us   136us   136us       0   136us
# Lock time      4   109us   109us   109us   109us   109us       0   109us
# Rows sent      0       0       0       0       0       0       0       0
# Rows examine   0       0       0       0       0       0       0       0
# Rows affecte   4       1       1       1       1       1       0       1
# Bytes sent     0      11      11      11      11      11       0      11
# Query size     2      54      54      54      54      54       0      54
# String:
# Databases    mysql
# Hosts        localhost
# Users        root
# Query_time distribution
#   1us
#  10us
# 100us  ################################################################
#   1ms
#  10ms
# 100ms
#    1s
#  10s+
# Tables
#    SHOW TABLE STATUS FROM `mysql` LIKE 'time_zone'\G
#    SHOW CREATE TABLE `mysql`.`time_zone`\G
# EXPLAIN /*!50100 PARTITIONS*/
select count(*) into @discard from `mysql`.`time_zone`\G

# Query 14: 0 QPS, 0x concurrency, ID 0xA9CAB8D84396F4219B867AD2DA7595AD at byte 10819
# This item is included in the report because it matches --limit.
# Scores: V/M = 0.00
# Time range: all events occurred at 2022-07-16 23:19:00
# Attribute    pct   total     min     max     avg     95%  stddev  median
# ============ === ======= ======= ======= ======= ======= ======= =======
# Count          1       1
# Exec time      2   135us   135us   135us   135us   135us       0   135us
# Lock time      4   108us   108us   108us   108us   108us       0   108us
# Rows sent      0       0       0       0       0       0       0       0
# Rows examine   0       0       0       0       0       0       0       0
# Rows affecte   4       1       1       1       1       1       0       1
# Bytes sent     0      11      11      11      11      11       0      11
# Query size     2      65      65      65      65      65       0      65
# String:
# Databases    mysql
# Hosts        localhost
# Users        root
# Query_time distribution
#   1us
#  10us
# 100us  ################################################################
#   1ms
#  10ms
# 100ms
#    1s
#  10s+
# Tables
#    SHOW TABLE STATUS FROM `mysql` LIKE 'time_zone_transition'\G
#    SHOW CREATE TABLE `mysql`.`time_zone_transition`\G
# EXPLAIN /*!50100 PARTITIONS*/
select count(*) into @discard from `mysql`.`time_zone_transition`\G

# Query 15: 0 QPS, 0x concurrency, ID 0x4E5054DB925E80F59091EB4D237A20AC at byte 10303
# This item is included in the report because it matches --limit.
# Scores: V/M = 0.00
# Time range: all events occurred at 2022-07-16 23:19:00
# Attribute    pct   total     min     max     avg     95%  stddev  median
# ============ === ======= ======= ======= ======= ======= ======= =======
# Count          1       1
# Exec time      2   134us   134us   134us   134us   134us       0   134us
# Lock time      4   107us   107us   107us   107us   107us       0   107us
# Rows sent      0       0       0       0       0       0       0       0
# Rows examine   0       0       0       0       0       0       0       0
# Rows affecte   4       1       1       1       1       1       0       1
# Bytes sent     0      11      11      11      11      11       0      11
# Query size     2      56      56      56      56      56       0      56
# String:
# Databases    mysql
# Hosts        localhost
# Users        root
# Query_time distribution
#   1us
#  10us
# 100us  ################################################################
#   1ms
#  10ms
# 100ms
#    1s
#  10s+
# Tables
#    SHOW TABLE STATUS FROM `mysql` LIKE 'index_stats'\G
#    SHOW CREATE TABLE `mysql`.`index_stats`\G
# EXPLAIN /*!50100 PARTITIONS*/
select count(*) into @discard from `mysql`.`index_stats`\G

# Query 16: 0 QPS, 0x concurrency, ID 0x934CDDF65D56A94DD3A29FEF06FB99A5 at byte 15445
# This item is included in the report because it matches --limit.
# Scores: V/M = 0.00
# Time range: all events occurred at 2022-07-16 23:19:00
# Attribute    pct   total     min     max     avg     95%  stddev  median
# ============ === ======= ======= ======= ======= ======= ======= =======
# Count          1       1
# Exec time      2   132us   132us   132us   132us   132us       0   132us
# Lock time      4   109us   109us   109us   109us   109us       0   109us
# Rows sent      0       0       0       0       0       0       0       0
# Rows examine   0       0       0       0       0       0       0       0
# Rows affecte   4       1       1       1       1       1       0       1
# Bytes sent     0      11      11      11      11      11       0      11
# Query size     2      59      59      59      59      59       0      59
# String:
# Databases    mysql
# Hosts        localhost
# Users        root
# Query_time distribution
#   1us
#  10us
# 100us  ################################################################
#   1ms
#  10ms
# 100ms
#    1s
#  10s+
# Tables
#    SHOW TABLE STATUS FROM `mysql` LIKE 'time_zone_name'\G
#    SHOW CREATE TABLE `mysql`.`time_zone_name`\G
# EXPLAIN /*!50100 PARTITIONS*/
select count(*) into @discard from `mysql`.`time_zone_name`\G

# Query 17: 0 QPS, 0x concurrency, ID 0x3C7895E431BD9E14ABFB48421784C84F at byte 14936
# This item is included in the report because it matches --limit.
# Scores: V/M = 0.00
# Time range: all events occurred at 2022-07-16 23:19:00
# Attribute    pct   total     min     max     avg     95%  stddev  median
# ============ === ======= ======= ======= ======= ======= ======= =======
# Count          1       1
# Exec time      2   130us   130us   130us   130us   130us       0   130us
# Lock time      4   108us   108us   108us   108us   108us       0   108us
# Rows sent      0       0       0       0       0       0       0       0
# Rows examine   0       0       0       0       0       0       0       0
# Rows affecte   4       1       1       1       1       1       0       1
# Bytes sent     0      11      11      11      11      11       0      11
# Query size     1      49      49      49      49      49       0      49
# String:
# Databases    mysql
# Hosts        localhost
# Users        root
# Query_time distribution
#   1us
#  10us
# 100us  ################################################################
#   1ms
#  10ms
# 100ms
#    1s
#  10s+
# Tables
#    SHOW TABLE STATUS FROM `mysql` LIKE 'func'\G
#    SHOW CREATE TABLE `mysql`.`func`\G
# EXPLAIN /*!50100 PARTITIONS*/
select count(*) into @discard from `mysql`.`func`\G

# Query 18: 0 QPS, 0x concurrency, ID 0xCEC637FA6FCA55A41E3FF025002EC3E9 at byte 4115
# This item is included in the report because it matches --limit.
# Scores: V/M = 0.00
# Time range: all events occurred at 2022-07-16 23:19:00
# Attribute    pct   total     min     max     avg     95%  stddev  median
# ============ === ======= ======= ======= ======= ======= ======= =======
# Count          1       1
# Exec time      2   128us   128us   128us   128us   128us       0   128us
# Lock time      4   104us   104us   104us   104us   104us       0   104us
# Rows sent      0       0       0       0       0       0       0       0
# Rows examine   0       0       0       0       0       0       0       0
# Rows affecte   4       1       1       1       1       1       0       1
# Bytes sent     0      11      11      11      11      11       0      11
# Query size     2      57      57      57      57      57       0      57
# String:
# Databases    mysql
# Hosts        localhost
# Users        root
# Query_time distribution
#   1us
#  10us
# 100us  ################################################################
#   1ms
#  10ms
# 100ms
#    1s
#  10s+
# Tables
#    SHOW TABLE STATUS FROM `mysql` LIKE 'help_keyword'\G
#    SHOW CREATE TABLE `mysql`.`help_keyword`\G
# EXPLAIN /*!50100 PARTITIONS*/
select count(*) into @discard from `mysql`.`help_keyword`\G

# Query 19: 0 QPS, 0x concurrency, ID 0xB59FADC050D4DAC961FEFEFBB9B41ECE at byte 671
# This item is included in the report because it matches --limit.
# Scores: V/M = 0.00
# Time range: all events occurred at 2022-07-16 23:19:00
# Attribute    pct   total     min     max     avg     95%  stddev  median
# ============ === ======= ======= ======= ======= ======= ======= =======
# Count          1       1
# Exec time      1    84us    84us    84us    84us    84us       0    84us
# Lock time      0       0       0       0       0       0       0       0
# Rows sent      0       0       0       0       0       0       0       0
# Rows examine   0       0       0       0       0       0       0       0
# Rows affecte   0       0       0       0       0       0       0       0
# Bytes sent     0      11      11      11      11      11       0      11
# Query size     1      31      31      31      31      31       0      31
# String:
# Databases    mysql
# Hosts        localhost
# Users        root
# Query_time distribution
#   1us
#  10us  ################################################################
# 100us
#   1ms
#  10ms
# 100ms
#    1s
#  10s+
SET SQL_LOG_BIN=0, WSREP_ON=OFF\G

# Query 20: 0 QPS, 0x concurrency, ID 0x44FF0439D8197C72029DABB779DF87F7 at byte 11344
# This item is included in the report because it matches --limit.
# Scores: V/M = 0.00
# Time range: all events occurred at 2022-07-16 23:19:00
# Attribute    pct   total     min     max     avg     95%  stddev  median
# ============ === ======= ======= ======= ======= ======= ======= =======
# Count          1       1
# Exec time      1    76us    76us    76us    76us    76us       0    76us
# Lock time      1    41us    41us    41us    41us    41us       0    41us
# Rows sent      0       0       0       0       0       0       0       0
# Rows examine   0       0       0       0       0       0       0       0
# Rows affecte   4       1       1       1       1       1       0       1
# Bytes sent     0      11      11      11      11      11       0      11
# Query size     2      56      56      56      56      56       0      56
# String:
# Databases    mysql
# Hosts        localhost
# Users        root
# Query_time distribution
#   1us
#  10us  ################################################################
# 100us
#   1ms
#  10ms
# 100ms
#    1s
#  10s+
# Tables
#    SHOW TABLE STATUS FROM `mysql` LIKE 'tables_priv'\G
#    SHOW CREATE TABLE `mysql`.`tables_priv`\G
# EXPLAIN /*!50100 PARTITIONS*/
select count(*) into @discard from `mysql`.`tables_priv`\G
