+--------+-----+--------+------+-----+-----+--------+------------------------------+-------+-------+---------+-------+-------+-------+-------+--------+------------+------------+---------------+------------+
| COUNT  | 1XX |  2XX   | 3XX  | 4XX | 5XX | METHOD |             URI              |  MIN  |  MAX  |   SUM   |  AVG  |  P90  |  P95  |  P99  | STDDEV | MIN(BODY)  | MAX(BODY)  |   SUM(BODY)   | AVG(BODY)  |
+--------+-----+--------+------+-----+-----+--------+------------------------------+-------+-------+---------+-------+-------+-------+-------+--------+------------+------------+---------------+------------+
| 135224 |   0 | 134623 |    0 | 601 |   0 | POST   | /api/condition/.{36}         | 0.012 | 0.108 | 940.068 | 0.007 | 0.016 | 0.028 | 0.076 |  0.013 |      0.000 |     14.000 |       196.000 |      0.001 |
|  24397 |   0 |  24195 |    0 | 202 |   0 | GET    | /api/isu/.{36}/icon          | 0.004 | 0.504 | 478.716 | 0.020 | 0.044 | 0.060 | 0.104 |  0.022 |      0.000 | 135259.000 | 619760404.000 |  25403.140 |
|   9606 |   0 |   9127 |    0 | 479 |   0 | GET    | /api/condition/.{36}         | 0.008 | 0.432 | 340.848 | 0.035 | 0.080 | 0.104 | 0.160 |  0.035 |      0.000 |   7243.000 |  48114416.000 |   5008.788 |
|   4326 |   0 |   4256 |    0 |  70 |   0 | GET    | /api/isu                     | 0.008 | 0.220 | 150.764 | 0.035 | 0.072 | 0.088 | 0.128 |  0.027 |      0.000 |   4620.000 |  10071183.000 |   2328.059 |
|   3407 |   0 |   3071 |    0 | 336 |   0 | GET    | /api/isu/.{36}/graph         | 0.004 | 0.264 | 116.272 | 0.034 | 0.072 | 0.092 | 0.140 |  0.030 |      0.000 |   7515.000 |  14564159.000 |   4274.775 |
|   5545 |   0 |   5545 |    0 |   0 |   0 | GET    | /api/trend                   | 0.004 | 0.384 |  91.688 | 0.017 | 0.036 | 0.048 | 0.096 |  0.021 |   3993.000 |  12263.000 |  54533310.000 |   9834.682 |
|   4129 |   0 |   3924 |    0 | 205 |   0 | GET    | /isu/.{36}                   | 0.004 | 0.212 |  72.612 | 0.018 | 0.040 | 0.056 | 0.100 |  0.020 |      0.000 |    528.000 |    549661.000 |    133.122 |
|   5649 |   0 |    827 | 4822 |   0 |   0 | GET    | /assets/vendor.ee7444dd.js   | 0.004 | 0.060 |  29.084 | 0.005 | 0.012 | 0.016 | 0.028 |  0.006 | 743417.000 | 743417.000 | 614805859.000 | 108834.459 |
|   5649 |   0 |    824 | 4825 |   0 |   0 | GET    | /assets/index.23dac98b.js    | 0.004 | 0.044 |  27.624 | 0.005 | 0.012 | 0.016 | 0.028 |  0.006 |  26667.000 |  26667.000 |  21973608.000 |   3889.823 |
|   5649 |   0 |    820 | 4829 |   0 |   0 | GET    | /assets/favicon.d0f5f504.svg | 0.000 | 0.048 |  27.308 | 0.005 | 0.012 | 0.016 | 0.028 |  0.006 |    592.000 |    592.000 |    485440.000 |     85.934 |
|   6345 |   0 |   1546 | 4799 |   0 |   0 | GET    | /                            | 0.000 | 0.044 |  26.952 | 0.004 | 0.012 | 0.016 | 0.024 |  0.005 |    528.000 |    528.000 |    816288.000 |    128.651 |
|   5649 |   0 |    816 | 4833 |   0 |   0 | GET    | /assets/index.144d8ca8.css   | 0.000 | 0.048 |  26.552 | 0.005 | 0.012 | 0.016 | 0.028 |  0.005 |  19066.000 |  19066.000 |  15557856.000 |   2754.090 |
|   5649 |   0 |    825 | 4824 |   0 |   0 | GET    | /assets/logo_white.svg       | 0.000 | 0.048 |  26.256 | 0.005 | 0.012 | 0.016 | 0.028 |  0.006 |   3285.000 |   3285.000 |   2710125.000 |    479.753 |
|   5547 |   0 |    820 | 4727 |   0 |   0 | GET    | /assets/logo_orange.svg      | 0.012 | 0.048 |  26.000 | 0.005 | 0.012 | 0.016 | 0.028 |  0.006 |   3288.000 |   3288.000 |   2696160.000 |    486.057 |
|   1466 |   0 |    930 |    0 | 536 |   0 | POST   | /api/auth                    | 0.004 | 0.236 |  17.040 | 0.012 | 0.024 | 0.032 | 0.072 |  0.014 |      0.000 |     19.000 |      6164.000 |      4.205 |
|   1500 |   0 |    728 |    0 | 772 |   0 | GET    | /api/user/me                 | 0.012 | 0.116 |  10.664 | 0.007 | 0.016 | 0.024 | 0.052 |  0.011 |     21.000 |     44.000 |     44355.000 |     29.570 |
|    111 |   0 |    107 |    0 |   4 |   0 | POST   | /api/isu                     | 0.004 | 0.256 |   8.272 | 0.075 | 0.104 | 0.128 | 0.248 |  0.036 |     15.000 |    163.000 |     14785.000 |    133.198 |
|    776 |   0 |    707 |    0 |  69 |   0 | POST   | /api/signout                 | 0.072 | 0.116 |   8.216 | 0.011 | 0.024 | 0.036 | 0.068 |  0.013 |      0.000 |     21.000 |      1449.000 |      1.867 |
|      1 |   0 |      1 |    0 |   0 |   0 | POST   | /initialize                  | 0.352 | 0.352 |   0.352 | 0.352 | 0.352 | 0.352 | 0.352 |  0.000 |     23.000 |     23.000 |        23.000 |     23.000 |
|     18 |   0 |     10 |    8 |   0 |   0 | GET    | /isu/.{36}/condition         | 0.000 | 0.004 |   0.004 | 0.000 | 0.000 | 0.004 | 0.004 |  0.001 |      0.000 |    528.000 |      5280.000 |    293.333 |
|      6 |   0 |      6 |    0 |   0 |   0 | GET    | /isu/.{36}/graph             | 0.000 | 0.000 |   0.000 | 0.000 | 0.000 | 0.000 | 0.000 |  0.000 |    528.000 |    528.000 |      3168.000 |    528.000 |
|      3 |   0 |      1 |    2 |   0 |   0 | GET    | /register                    | 0.000 | 0.000 |   0.000 | 0.000 | 0.000 | 0.000 | 0.000 |  0.000 |      0.000 |    528.000 |       528.000 |    176.000 |
+--------+-----+--------+------+-----+-----+--------+------------------------------+-------+-------+---------+-------+-------+-------+-------+--------+------------+------------+---------------+------------+
