
# 38.1s user time, 80ms system time, 35.04M rss, 42.34M vsz
# Current date: Sat Jul 16 15:47:59 2022
# Hostname: ip-192-168-0-12
# Files: /var/log/mysql/mysql-slow.log
# Overall: 523.09k total, 98 unique, 5.75k QPS, 1.22x concurrency ________
# Time range: 2022-07-16 15:45:30 to 15:47:01
# Attribute          total     min     max     avg     95%  stddev  median
# ============     ======= ======= ======= ======= ======= ======= =======
# Exec time           111s       0    90ms   212us   725us     1ms    30us
# Lock time             2s       0    10ms     4us    14us    63us       0
# Rows sent         10.47M       0   1.70k   20.98   11.95  127.50       0
# Rows examine      13.89M       0   3.22k   27.85   11.95  183.06       0
# Rows affecte      75.29k       0     618    0.15    0.99    1.21       0
# Bytes sent         2.70G       0 291.10k   5.40k  24.75k  24.56k   13.83
# Query size        40.16M       6 790.36k   80.50  246.02   1.17k   31.70
# Boolean:
# QC hit        10% yes,  89% no

# Profile
# Rank Query ID                     Response time Calls  R/Call V/M   Item
# ==== ============================ ============= ====== ====== ===== ====
#    1 0x897C3A7CD8E5BA10E066A64... 35.9806 32.3%  23707 0.0015  0.00 SELECT isu_condition
#    2 0xFFFCA4D67EA0A788813031B... 25.0674 22.5%  10044 0.0025  0.00 COMMIT
#    3 0x9C6C682008AE0D08F3E2A00... 20.6903 18.6%   3827 0.0054  0.00 SELECT isu_condition
#    4 0xDA556F9115773A1A99AA016...  9.2910  8.3% 167412 0.0001  0.00 ADMIN PREPARE
#    5 0xB8B32624C3268C0925657C3...  8.6250  7.7%  75690 0.0001  0.00 INSERT isu_condition
#    6 0x5F580A12ADA1633C9634298...  5.1313  4.6%    990 0.0052  0.00 SELECT isu_condition
#    7 0x77E4D4DC56A1CA542A7DAAF...  1.4818  1.3%   8658 0.0002  0.00 SELECT isu_condition
# MISC 0xMISC                        5.0303  4.5% 232760 0.0000   0.0 <91 ITEMS>

# Query 1: 388.64 QPS, 0.59x concurrency, ID 0x897C3A7CD8E5BA10E066A6401D737300 at byte 171037424
# Scores: V/M = 0.00
# Time range: 2022-07-16 15:46:00 to 15:47:01
# Attribute    pct   total     min     max     avg     95%  stddev  median
# ============ === ======= ======= ======= ======= ======= ======= =======
# Count          4   23707
# Exec time     32     36s     8us    28ms     2ms     5ms     2ms   626us
# Lock time     21   537ms       0     8ms    22us    26us   151us     9us
# Rows sent     70   7.42M       0   1.70k  328.24   1.14k  391.57  118.34
# Rows examine  53   7.39M       0   1.70k  326.81   1.14k  389.32  118.34
# Rows affecte   0       0       0       0       0       0       0       0
# Bytes sent    42   1.13G     679 268.95k  50.17k 182.98k  59.45k  17.59k
# Query size     6   2.62M     116     116     116     116       0     116
# Boolean:
# QC hit         1% yes,  98% no
# String:
# Databases    isucondition
# Hosts        ip-192-168-0-11.ap-northeast-1.compute.inter...
# Users        isucon
# Query_time distribution
#   1us  #
#  10us  ###
# 100us  ################################################################
#   1ms  ###############################################
#  10ms  #
# 100ms
#    1s
#  10s+
# Tables
#    SHOW TABLE STATUS FROM `isucondition` LIKE 'isu_condition'\G
#    SHOW CREATE TABLE `isucondition`.`isu_condition`\G
# EXPLAIN /*!50100 PARTITIONS*/
SELECT * FROM `isu_condition` WHERE `jia_isu_uuid` = 'e18e41be-805a-43b6-8670-ea8718587e6b' ORDER BY `rev_timestamp`\G

# Query 2: 167.40 QPS, 0.42x concurrency, ID 0xFFFCA4D67EA0A788813031B8BBC3B329 at byte 183875341
# Scores: V/M = 0.00
# Time range: 2022-07-16 15:46:00 to 15:47:00
# Attribute    pct   total     min     max     avg     95%  stddev  median
# ============ === ======= ======= ======= ======= ======= ======= =======
# Count          1   10044
# Exec time     22     25s     4us    26ms     2ms     6ms     2ms     2ms
# Lock time      0       0       0       0       0       0       0       0
# Rows sent      0       0       0       0       0       0       0       0
# Rows examine   0       0       0       0       0       0       0       0
# Rows affecte   0       0       0       0       0       0       0       0
# Bytes sent     0 107.89k      11      11      11      11       0      11
# Query size     0  58.85k       6       6       6       6       0       6
# String:
# Databases    isucondition
# Hosts        ip-192-168-0-11.ap-northeast-1.compute.inter...
# Users        isucon
# Query_time distribution
#   1us  #
#  10us  ##############
# 100us  #####
#   1ms  ################################################################
#  10ms  #
# 100ms
#    1s
#  10s+
COMMIT\G

# Query 3: 63.78 QPS, 0.34x concurrency, ID 0x9C6C682008AE0D08F3E2A0049B030C70 at byte 190496861
# Scores: V/M = 0.00
# Time range: 2022-07-16 15:46:00 to 15:47:00
# Attribute    pct   total     min     max     avg     95%  stddev  median
# ============ === ======= ======= ======= ======= ======= ======= =======
# Count          0    3827
# Exec time     18     21s   137us    38ms     5ms    15ms     5ms     4ms
# Lock time      5   124ms     6us    10ms    32us    33us   260us    10us
# Rows sent     21   2.30M       0   1.61k  630.52   1.26k  388.07  592.07
# Rows examine  35   4.93M       0   3.22k   1.32k   2.62k  806.75   1.20k
# Rows affecte   0       0       0       0       0       0       0       0
# Bytes sent    12 357.44M     679 249.74k  95.64k 192.13k  58.99k  88.02k
# Query size     1 586.76k     157     157     157     157       0     157
# String:
# Databases    isucondition
# Hosts        ip-192-168-0-11.ap-northeast-1.compute.inter...
# Users        isucon
# Query_time distribution
#   1us
#  10us
# 100us  ##########
#   1ms  ################################################################
#  10ms  ##############
# 100ms
#    1s
#  10s+
# Tables
#    SHOW TABLE STATUS FROM `isucondition` LIKE 'isu_condition'\G
#    SHOW CREATE TABLE `isucondition`.`isu_condition`\G
# EXPLAIN /*!50100 PARTITIONS*/
SELECT * FROM `isu_condition` WHERE `jia_isu_uuid` = '001fe173-5117-4ff4-9e53-c4399ecf8f5a'	AND `timestamp` < '2021-08-27 04:25:00'	ORDER BY `timestamp` DESC\G

# Query 4: 2.54k QPS, 0.14x concurrency, ID 0xDA556F9115773A1A99AA0165670CE848 at byte 166687717
# Scores: V/M = 0.00
# Time range: 2022-07-16 15:45:55 to 15:47:01
# Attribute    pct   total     min     max     avg     95%  stddev  median
# ============ === ======= ======= ======= ======= ======= ======= =======
# Count         32  167412
# Exec time      8      9s    15us    18ms    55us    80us   187us    36us
# Lock time      0       0       0       0       0       0       0       0
# Rows sent      0       0       0       0       0       0       0       0
# Rows examine   0       0       0       0       0       0       0       0
# Rows affecte   0       0       0       0       0       0       0       0
# Bytes sent     1  47.49M      52     771  297.45  685.39  237.66  158.58
# Query size    11   4.79M      30      30      30      30       0      30
# String:
# Databases    isucondition
# Hosts        ip-192-168-0-11.ap-northeast-1.compute.inter...
# Users        isucon
# Query_time distribution
#   1us
#  10us  ################################################################
# 100us  ##
#   1ms  #
#  10ms  #
# 100ms
#    1s
#  10s+
administrator command: Prepare\G

# Query 5: 1.26k QPS, 0.14x concurrency, ID 0xB8B32624C3268C0925657C305C0ED778 at byte 102212676
# Scores: V/M = 0.00
# Time range: 2022-07-16 15:46:00 to 15:47:00
# Attribute    pct   total     min     max     avg     95%  stddev  median
# ============ === ======= ======= ======= ======= ======= ======= =======
# Count         14   75690
# Exec time      7      9s    20us    33ms   113us   194us   514us    49us
# Lock time     61      2s     5us     8ms    20us    25us   116us    11us
# Rows sent      0       0       0       0       0       0       0       0
# Rows examine   0       0       0       0       0       0       0       0
# Rows affecte  98  73.92k       1       1       1       1       0       1
# Bytes sent     0 971.43k      13      14   13.14   13.83    0.45   12.54
# Query size    45  18.32M     225     302  253.85  271.23   10.78  246.02
# String:
# Databases    isucondition
# Hosts        ip-192-168-0-11.ap-northeast-1.compute.inter...
# Users        isucon
# Query_time distribution
#   1us
#  10us  ################################################################
# 100us  ######
#   1ms  #
#  10ms  #
# 100ms
#    1s
#  10s+
# Tables
#    SHOW TABLE STATUS FROM `isucondition` LIKE 'isu_condition'\G
#    SHOW CREATE TABLE `isucondition`.`isu_condition`\G
INSERT INTO `isu_condition`	(`jia_isu_uuid`, `timestamp`, `is_sitting`, `condition`, `message`)	VALUES ('bd6f229b-9fe7-460d-9490-924e43fa898e', '2021-08-19 01:00:08', 0, 'is_dirty=false,is_overweight=false,is_broken=false', 'わ、わるくないね！')\G

# Query 6: 16.50 QPS, 0.09x concurrency, ID 0x5F580A12ADA1633C9634298BE5BD9422 at byte 190499439
# Scores: V/M = 0.00
# Time range: 2022-07-16 15:46:00 to 15:47:00
# Attribute    pct   total     min     max     avg     95%  stddev  median
# ============ === ======= ======= ======= ======= ======= ======= =======
# Count          0     990
# Exec time      4      5s    10us    33ms     5ms    15ms     5ms     4ms
# Lock time      0    16ms       0   892us    15us    23us    35us     9us
# Rows sent      6 664.28k       6   1.57k  687.09   1.33k  436.52  621.67
# Rows examine   9   1.30M       0   3.15k   1.34k   2.76k  874.69   1.26k
# Rows affecte   0       0       0       0       0       0       0       0
# Bytes sent     3 101.11M   1.59k 251.29k 104.59k 211.82k  66.88k  92.42k
# Query size     0 112.15k     116     116     116     116       0     116
# Boolean:
# QC hit         0% yes,  99% no
# String:
# Databases    isucondition
# Hosts        ip-192-168-0-11.ap-northeast-1.compute.inter...
# Users        isucon
# Query_time distribution
#   1us
#  10us  #
# 100us  ################
#   1ms  ################################################################
#  10ms  #############
# 100ms
#    1s
#  10s+
# Tables
#    SHOW TABLE STATUS FROM `isucondition` LIKE 'isu_condition'\G
#    SHOW CREATE TABLE `isucondition`.`isu_condition`\G
# EXPLAIN /*!50100 PARTITIONS*/
SELECT * FROM `isu_condition` WHERE `jia_isu_uuid` = '3faad5f1-fe4c-448e-825a-8999633e7d08' ORDER BY `timestamp` ASC\G

# Query 7: 144.30 QPS, 0.02x concurrency, ID 0x77E4D4DC56A1CA542A7DAAF9295E9C76 at byte 98917835
# Scores: V/M = 0.00
# Time range: 2022-07-16 15:46:00 to 15:47:00
# Attribute    pct   total     min     max     avg     95%  stddev  median
# ============ === ======= ======= ======= ======= ======= ======= =======
# Count          1    8658
# Exec time      1      1s    55us    10ms   171us   332us   363us   113us
# Lock time      7   188ms     5us     5ms    21us    27us   121us    10us
# Rows sent      0   8.39k       0       1    0.99    0.99    0.09    0.99
# Rows examine   0   8.39k       0       1    0.99    0.99    0.09    0.99
# Rows affecte   0       0       0       0       0       0       0       0
# Bytes sent     0   6.87M     679     883  832.53  833.10   24.66  793.42
# Query size     2   1.02M     124     124     124     124       0     124
# String:
# Databases    isucondition
# Hosts        ip-192-168-0-11.ap-northeast-1.compute.inter...
# Users        isucon
# Query_time distribution
#   1us
#  10us  ################
# 100us  ################################################################
#   1ms  #
#  10ms  #
# 100ms
#    1s
#  10s+
# Tables
#    SHOW TABLE STATUS FROM `isucondition` LIKE 'isu_condition'\G
#    SHOW CREATE TABLE `isucondition`.`isu_condition`\G
# EXPLAIN /*!50100 PARTITIONS*/
SELECT * FROM `isu_condition` WHERE `jia_isu_uuid` = 'ed510c2a-ed7f-45b2-beb3-b8554482910b' ORDER BY `rev_timestamp` LIMIT 1\G
